ARM GAS  C:\Users\a83571\AppData\Local\Temp\cce9kSrb.s 			page 1


   1              		.cpu cortex-m0
   2              		.fpu softvfp
   3              		.eabi_attribute 20, 1
   4              		.eabi_attribute 21, 1
   5              		.eabi_attribute 23, 3
   6              		.eabi_attribute 24, 1
   7              		.eabi_attribute 25, 1
   8              		.eabi_attribute 26, 1
   9              		.eabi_attribute 30, 1
  10              		.eabi_attribute 34, 0
  11              		.eabi_attribute 18, 4
  12              		.code	16
  13              		.file	"CapSense_INT.c"
  14              		.text
  15              	.Ltext0:
  16              		.cfi_sections	.debug_frame
  17              		.section	.text.CapSense_ISR,"ax",%progbits
  18              		.align	2
  19              		.global	CapSense_ISR
  20              		.code	16
  21              		.thumb_func
  22              		.type	CapSense_ISR, %function
  23              	CapSense_ISR:
  24              	.LFB36:
  25              		.file 1 "Generated_Source\\PSoC4\\CapSense_INT.c"
   1:Generated_Source\PSoC4/CapSense_INT.c **** /*******************************************************************************
   2:Generated_Source\PSoC4/CapSense_INT.c **** * File Name: CapSense_INT.c
   3:Generated_Source\PSoC4/CapSense_INT.c **** * Version 2.50
   4:Generated_Source\PSoC4/CapSense_INT.c **** *
   5:Generated_Source\PSoC4/CapSense_INT.c **** * Description:
   6:Generated_Source\PSoC4/CapSense_INT.c **** *  This file provides the source code of the  Interrupt Service Routine (ISR)
   7:Generated_Source\PSoC4/CapSense_INT.c **** *  for the CapSense CSD component.
   8:Generated_Source\PSoC4/CapSense_INT.c **** *
   9:Generated_Source\PSoC4/CapSense_INT.c **** * Note:
  10:Generated_Source\PSoC4/CapSense_INT.c **** *
  11:Generated_Source\PSoC4/CapSense_INT.c **** ********************************************************************************
  12:Generated_Source\PSoC4/CapSense_INT.c **** * Copyright 2013-2016, Cypress Semiconductor Corporation.  All rights reserved.
  13:Generated_Source\PSoC4/CapSense_INT.c **** * You may use this file only in accordance with the license, terms, conditions,
  14:Generated_Source\PSoC4/CapSense_INT.c **** * disclaimers, and limitations in the end user license agreement accompanying
  15:Generated_Source\PSoC4/CapSense_INT.c **** * the software package with which this file was provided.
  16:Generated_Source\PSoC4/CapSense_INT.c **** *******************************************************************************/
  17:Generated_Source\PSoC4/CapSense_INT.c **** 
  18:Generated_Source\PSoC4/CapSense_INT.c **** #include "CapSense.h"
  19:Generated_Source\PSoC4/CapSense_INT.c **** #include "CapSense_PVT.h"
  20:Generated_Source\PSoC4/CapSense_INT.c **** #include "cyapicallbacks.h"
  21:Generated_Source\PSoC4/CapSense_INT.c **** 
  22:Generated_Source\PSoC4/CapSense_INT.c **** 
  23:Generated_Source\PSoC4/CapSense_INT.c **** /*******************************************************************************
  24:Generated_Source\PSoC4/CapSense_INT.c **** *  Place your includes, defines and code here
  25:Generated_Source\PSoC4/CapSense_INT.c **** ********************************************************************************/
  26:Generated_Source\PSoC4/CapSense_INT.c **** /* `#START CapSense_ISR_INTC` */
  27:Generated_Source\PSoC4/CapSense_INT.c **** 
  28:Generated_Source\PSoC4/CapSense_INT.c **** /* `#END` */
  29:Generated_Source\PSoC4/CapSense_INT.c **** 
  30:Generated_Source\PSoC4/CapSense_INT.c **** 
  31:Generated_Source\PSoC4/CapSense_INT.c **** /*******************************************************************************
  32:Generated_Source\PSoC4/CapSense_INT.c **** * Function Name: CapSense_ISR
ARM GAS  C:\Users\a83571\AppData\Local\Temp\cce9kSrb.s 			page 2


  33:Generated_Source\PSoC4/CapSense_INT.c **** ********************************************************************************
  34:Generated_Source\PSoC4/CapSense_INT.c **** *
  35:Generated_Source\PSoC4/CapSense_INT.c **** * Summary:
  36:Generated_Source\PSoC4/CapSense_INT.c **** *  This ISR is executed when the measure window is closed. The measure window
  37:Generated_Source\PSoC4/CapSense_INT.c **** *  depends on the sensor scan resolution parameter.
  38:Generated_Source\PSoC4/CapSense_INT.c **** *  The ISR has two modes:
  39:Generated_Source\PSoC4/CapSense_INT.c **** *   1. Scans a single sensor and stores the measure result.
  40:Generated_Source\PSoC4/CapSense_INT.c **** *   2. Stores the result of the current measure and starts the next scan till all
  41:Generated_Source\PSoC4/CapSense_INT.c **** *      the enabled sensors are scanned.
  42:Generated_Source\PSoC4/CapSense_INT.c **** *  This interrupt handler is only used in one channel designs.
  43:Generated_Source\PSoC4/CapSense_INT.c **** *
  44:Generated_Source\PSoC4/CapSense_INT.c **** * Parameters:
  45:Generated_Source\PSoC4/CapSense_INT.c **** *  None
  46:Generated_Source\PSoC4/CapSense_INT.c **** *
  47:Generated_Source\PSoC4/CapSense_INT.c **** * Return:
  48:Generated_Source\PSoC4/CapSense_INT.c **** *  None
  49:Generated_Source\PSoC4/CapSense_INT.c **** *
  50:Generated_Source\PSoC4/CapSense_INT.c **** * Global Variables:
  51:Generated_Source\PSoC4/CapSense_INT.c **** *  CapSense_csv - used to provide the status and mode of the scanning process.
  52:Generated_Source\PSoC4/CapSense_INT.c **** *   Mode - a single scan or scan of all the enabled sensors.
  53:Generated_Source\PSoC4/CapSense_INT.c **** *   Status - scan is in progress or ready for new scan.
  54:Generated_Source\PSoC4/CapSense_INT.c **** *  CapSense_sensorIndex - used to store a sensor scanning sensor number.
  55:Generated_Source\PSoC4/CapSense_INT.c **** *
  56:Generated_Source\PSoC4/CapSense_INT.c **** * Reentrant:
  57:Generated_Source\PSoC4/CapSense_INT.c **** *  No
  58:Generated_Source\PSoC4/CapSense_INT.c **** *
  59:Generated_Source\PSoC4/CapSense_INT.c **** *******************************************************************************/
  60:Generated_Source\PSoC4/CapSense_INT.c **** CY_ISR(CapSense_ISR)
  61:Generated_Source\PSoC4/CapSense_INT.c **** {
  26              		.loc 1 61 0
  27              		.cfi_startproc
  28 0000 10B5     		push	{r4, lr}
  29              		.cfi_def_cfa_offset 8
  30              		.cfi_offset 4, -8
  31              		.cfi_offset 14, -4
  62:Generated_Source\PSoC4/CapSense_INT.c ****     static uint8 CapSense_snsIndexTmp;
  63:Generated_Source\PSoC4/CapSense_INT.c **** 
  64:Generated_Source\PSoC4/CapSense_INT.c ****     #ifdef CapSense_ISR_ENTRY_CALLBACK
  65:Generated_Source\PSoC4/CapSense_INT.c ****         CapSense_ISR_EntryCallback();
  66:Generated_Source\PSoC4/CapSense_INT.c ****     #endif /* CapSense_ISR_ENTRY_CALLBACK */
  67:Generated_Source\PSoC4/CapSense_INT.c **** 
  68:Generated_Source\PSoC4/CapSense_INT.c ****     /*  Place your Interrupt code here. */
  69:Generated_Source\PSoC4/CapSense_INT.c ****     /* `#START CapSense_ISR_ENTER` */
  70:Generated_Source\PSoC4/CapSense_INT.c **** 
  71:Generated_Source\PSoC4/CapSense_INT.c ****     /* `#END` */
  72:Generated_Source\PSoC4/CapSense_INT.c **** 
  73:Generated_Source\PSoC4/CapSense_INT.c ****     CyIntDisable(CapSense_ISR_NUMBER);
  32              		.loc 1 73 0
  33 0002 1020     		mov	r0, #16
  34 0004 FFF7FEFF 		bl	CyIntDisable
  35              	.LVL0:
  74:Generated_Source\PSoC4/CapSense_INT.c **** 
  75:Generated_Source\PSoC4/CapSense_INT.c ****     CapSense_CSD_INTR_REG = 1u;
  36              		.loc 1 75 0
  37 0008 0122     		mov	r2, #1
  38 000a 1E4B     		ldr	r3, .L7
  39 000c 1A60     		str	r2, [r3]
ARM GAS  C:\Users\a83571\AppData\Local\Temp\cce9kSrb.s 			page 3


  76:Generated_Source\PSoC4/CapSense_INT.c **** 
  77:Generated_Source\PSoC4/CapSense_INT.c ****     CapSense_PostScan((uint32)CapSense_sensorIndex);
  40              		.loc 1 77 0
  41 000e 1E4B     		ldr	r3, .L7+4
  42 0010 1878     		ldrb	r0, [r3]
  43 0012 C0B2     		uxtb	r0, r0
  44 0014 FFF7FEFF 		bl	CapSense_PostScan
  45              	.LVL1:
  78:Generated_Source\PSoC4/CapSense_INT.c **** 
  79:Generated_Source\PSoC4/CapSense_INT.c ****     if ((CapSense_csdStatusVar & CapSense_SW_CTRL_SINGLE_SCAN) != 0u)
  46              		.loc 1 79 0
  47 0018 1C4B     		ldr	r3, .L7+8
  48 001a 1B78     		ldrb	r3, [r3]
  49 001c 5BB2     		sxtb	r3, r3
  50 001e 002B     		cmp	r3, #0
  51 0020 05DA     		bge	.L2
  80:Generated_Source\PSoC4/CapSense_INT.c ****     {
  81:Generated_Source\PSoC4/CapSense_INT.c ****         CapSense_csdStatusVar &= (uint8)~CapSense_SW_STS_BUSY;
  52              		.loc 1 81 0
  53 0022 1A4A     		ldr	r2, .L7+8
  54 0024 1378     		ldrb	r3, [r2]
  55 0026 0121     		mov	r1, #1
  56 0028 8B43     		bic	r3, r1
  57 002a 1370     		strb	r3, [r2]
  58 002c 26E0     		b	.L3
  59              	.L2:
  82:Generated_Source\PSoC4/CapSense_INT.c ****     }
  83:Generated_Source\PSoC4/CapSense_INT.c ****     else
  84:Generated_Source\PSoC4/CapSense_INT.c ****     {
  85:Generated_Source\PSoC4/CapSense_INT.c ****         /* Proceed scanning */
  86:Generated_Source\PSoC4/CapSense_INT.c ****         CapSense_sensorIndex = CapSense_FindNextSensor(CapSense_sensorIndex);
  60              		.loc 1 86 0
  61 002e 164C     		ldr	r4, .L7+4
  62 0030 2078     		ldrb	r0, [r4]
  63 0032 C0B2     		uxtb	r0, r0
  64 0034 FFF7FEFF 		bl	CapSense_FindNextSensor
  65              	.LVL2:
  66 0038 2070     		strb	r0, [r4]
  87:Generated_Source\PSoC4/CapSense_INT.c **** 
  88:Generated_Source\PSoC4/CapSense_INT.c ****         /* Check end of scan */
  89:Generated_Source\PSoC4/CapSense_INT.c ****         if(CapSense_sensorIndex < CapSense_TOTAL_SENSOR_COUNT)
  67              		.loc 1 89 0
  68 003a 2378     		ldrb	r3, [r4]
  69 003c DBB2     		uxtb	r3, r3
  70 003e 042B     		cmp	r3, #4
  71 0040 05D8     		bhi	.L4
  90:Generated_Source\PSoC4/CapSense_INT.c ****         {
  91:Generated_Source\PSoC4/CapSense_INT.c ****             CapSense_PreScan((uint32)CapSense_sensorIndex);
  72              		.loc 1 91 0
  73 0042 114B     		ldr	r3, .L7+4
  74 0044 1878     		ldrb	r0, [r3]
  75 0046 C0B2     		uxtb	r0, r0
  76 0048 FFF7FEFF 		bl	CapSense_PreScan
  77              	.LVL3:
  78 004c 16E0     		b	.L3
  79              	.L4:
  92:Generated_Source\PSoC4/CapSense_INT.c ****         }
ARM GAS  C:\Users\a83571\AppData\Local\Temp\cce9kSrb.s 			page 4


  93:Generated_Source\PSoC4/CapSense_INT.c ****         else
  94:Generated_Source\PSoC4/CapSense_INT.c ****         {
  95:Generated_Source\PSoC4/CapSense_INT.c ****             CapSense_csdStatusVar &= (uint8)~CapSense_SW_STS_BUSY;
  80              		.loc 1 95 0
  81 004e 0F4B     		ldr	r3, .L7+8
  82 0050 1A78     		ldrb	r2, [r3]
  83 0052 0121     		mov	r1, #1
  84 0054 8A43     		bic	r2, r1
  85 0056 1A70     		strb	r2, [r3]
  96:Generated_Source\PSoC4/CapSense_INT.c **** 
  97:Generated_Source\PSoC4/CapSense_INT.c ****              /* Check if widget has been scanned */
  98:Generated_Source\PSoC4/CapSense_INT.c ****             if((CapSense_csdStatusVar & CapSense_SW_CTRL_WIDGET_SCAN) != 0u)
  86              		.loc 1 98 0
  87 0058 1B78     		ldrb	r3, [r3]
  88 005a 5B06     		lsl	r3, r3, #25
  89 005c 0ED5     		bpl	.L3
  99:Generated_Source\PSoC4/CapSense_INT.c ****             {
 100:Generated_Source\PSoC4/CapSense_INT.c ****                 /* Restore sensorEnableMask array */
 101:Generated_Source\PSoC4/CapSense_INT.c ****                 for(CapSense_snsIndexTmp = 0u;
  90              		.loc 1 101 0
  91 005e 0022     		mov	r2, #0
  92 0060 0B4B     		ldr	r3, .L7+12
  93 0062 1A70     		strb	r2, [r3]
  94 0064 06E0     		b	.L5
  95              	.L6:
 102:Generated_Source\PSoC4/CapSense_INT.c ****                     CapSense_snsIndexTmp < CapSense_TOTAL_SENSOR_MASK;
 103:Generated_Source\PSoC4/CapSense_INT.c ****                     CapSense_snsIndexTmp++)
 104:Generated_Source\PSoC4/CapSense_INT.c ****                 {
 105:Generated_Source\PSoC4/CapSense_INT.c ****                     /* Backup sensorEnableMask array */
 106:Generated_Source\PSoC4/CapSense_INT.c ****                     CapSense_sensorEnableMask[CapSense_snsIndexTmp] = CapSense_sensorEnableMaskBack
  96              		.loc 1 106 0
  97 0066 0B4A     		ldr	r2, .L7+16
  98 0068 D15C     		ldrb	r1, [r2, r3]
  99 006a 0B4A     		ldr	r2, .L7+20
 100 006c D154     		strb	r1, [r2, r3]
 103:Generated_Source\PSoC4/CapSense_INT.c ****                 {
 101              		.loc 1 103 0
 102 006e 0133     		add	r3, r3, #1
 103 0070 074A     		ldr	r2, .L7+12
 104 0072 1370     		strb	r3, [r2]
 105              	.L5:
 102:Generated_Source\PSoC4/CapSense_INT.c ****                     CapSense_snsIndexTmp < CapSense_TOTAL_SENSOR_MASK;
 106              		.loc 1 102 0 discriminator 1
 107 0074 064B     		ldr	r3, .L7+12
 108 0076 1B78     		ldrb	r3, [r3]
 101:Generated_Source\PSoC4/CapSense_INT.c ****                     CapSense_snsIndexTmp < CapSense_TOTAL_SENSOR_MASK;
 109              		.loc 1 101 0 discriminator 1
 110 0078 002B     		cmp	r3, #0
 111 007a F4D0     		beq	.L6
 112              	.L3:
 107:Generated_Source\PSoC4/CapSense_INT.c ****                 }
 108:Generated_Source\PSoC4/CapSense_INT.c ****             }
 109:Generated_Source\PSoC4/CapSense_INT.c ****         }
 110:Generated_Source\PSoC4/CapSense_INT.c ****     }
 111:Generated_Source\PSoC4/CapSense_INT.c ****     CyIntEnable(CapSense_ISR_NUMBER);
 113              		.loc 1 111 0
 114 007c 1020     		mov	r0, #16
ARM GAS  C:\Users\a83571\AppData\Local\Temp\cce9kSrb.s 			page 5


 115 007e FFF7FEFF 		bl	CyIntEnable
 116              	.LVL4:
 112:Generated_Source\PSoC4/CapSense_INT.c **** 
 113:Generated_Source\PSoC4/CapSense_INT.c ****     /*  Place your Interrupt code here. */
 114:Generated_Source\PSoC4/CapSense_INT.c ****     /* `#START CapSense_ISR_EXIT` */
 115:Generated_Source\PSoC4/CapSense_INT.c **** 
 116:Generated_Source\PSoC4/CapSense_INT.c ****     /* `#END` */
 117:Generated_Source\PSoC4/CapSense_INT.c **** 
 118:Generated_Source\PSoC4/CapSense_INT.c ****     #ifdef CapSense_ISR_EXIT_CALLBACK
 119:Generated_Source\PSoC4/CapSense_INT.c ****         CapSense_ISR_ExitCallback();
 120:Generated_Source\PSoC4/CapSense_INT.c ****     #endif /* CapSense_ISR_EXIT_CALLBACK */
 121:Generated_Source\PSoC4/CapSense_INT.c **** }
 117              		.loc 1 121 0
 118              		@ sp needed
 119 0082 10BD     		pop	{r4, pc}
 120              	.L8:
 121              		.align	2
 122              	.L7:
 123 0084 14002840 		.word	1076363284
 124 0088 00000000 		.word	CapSense_sensorIndex
 125 008c 00000000 		.word	CapSense_csdStatusVar
 126 0090 00000000 		.word	.LANCHOR0
 127 0094 00000000 		.word	CapSense_sensorEnableMaskBackup
 128 0098 00000000 		.word	CapSense_sensorEnableMask
 129              		.cfi_endproc
 130              	.LFE36:
 131              		.size	CapSense_ISR, .-CapSense_ISR
 132              		.bss
 133              		.set	.LANCHOR0,. + 0
 134              		.type	CapSense_snsIndexTmp.5270, %object
 135              		.size	CapSense_snsIndexTmp.5270, 1
 136              	CapSense_snsIndexTmp.5270:
 137 0000 00       		.space	1
 138              		.text
 139              	.Letext0:
 140              		.file 2 "Generated_Source\\PSoC4\\cytypes.h"
 141              		.file 3 "Generated_Source\\PSoC4\\CapSense.h"
 142              		.file 4 "Generated_Source\\PSoC4\\CyLib.h"
 143              		.file 5 "Generated_Source\\PSoC4\\CapSense_PVT.h"
 144              		.section	.debug_info,"",%progbits
 145              	.Ldebug_info0:
 146 0000 AB010000 		.4byte	0x1ab
 147 0004 0400     		.2byte	0x4
 148 0006 00000000 		.4byte	.Ldebug_abbrev0
 149 000a 04       		.byte	0x4
 150 000b 01       		.uleb128 0x1
 151 000c AF010000 		.4byte	.LASF23
 152 0010 01       		.byte	0x1
 153 0011 21010000 		.4byte	.LASF24
 154 0015 38000000 		.4byte	.LASF25
 155 0019 00000000 		.4byte	.Ldebug_ranges0+0
 156 001d 00000000 		.4byte	0
 157 0021 00000000 		.4byte	.Ldebug_line0
 158 0025 02       		.uleb128 0x2
 159 0026 01       		.byte	0x1
 160 0027 06       		.byte	0x6
 161 0028 63020000 		.4byte	.LASF0
ARM GAS  C:\Users\a83571\AppData\Local\Temp\cce9kSrb.s 			page 6


 162 002c 02       		.uleb128 0x2
 163 002d 01       		.byte	0x1
 164 002e 08       		.byte	0x8
 165 002f AD000000 		.4byte	.LASF1
 166 0033 02       		.uleb128 0x2
 167 0034 02       		.byte	0x2
 168 0035 05       		.byte	0x5
 169 0036 4A020000 		.4byte	.LASF2
 170 003a 02       		.uleb128 0x2
 171 003b 02       		.byte	0x2
 172 003c 07       		.byte	0x7
 173 003d 25000000 		.4byte	.LASF3
 174 0041 02       		.uleb128 0x2
 175 0042 04       		.byte	0x4
 176 0043 05       		.byte	0x5
 177 0044 5A020000 		.4byte	.LASF4
 178 0048 02       		.uleb128 0x2
 179 0049 04       		.byte	0x4
 180 004a 07       		.byte	0x7
 181 004b D3000000 		.4byte	.LASF5
 182 004f 02       		.uleb128 0x2
 183 0050 08       		.byte	0x8
 184 0051 05       		.byte	0x5
 185 0052 9C010000 		.4byte	.LASF6
 186 0056 02       		.uleb128 0x2
 187 0057 08       		.byte	0x8
 188 0058 07       		.byte	0x7
 189 0059 67010000 		.4byte	.LASF7
 190 005d 03       		.uleb128 0x3
 191 005e 04       		.byte	0x4
 192 005f 05       		.byte	0x5
 193 0060 696E7400 		.ascii	"int\000"
 194 0064 02       		.uleb128 0x2
 195 0065 04       		.byte	0x4
 196 0066 07       		.byte	0x7
 197 0067 5A010000 		.4byte	.LASF8
 198 006b 04       		.uleb128 0x4
 199 006c 54020000 		.4byte	.LASF9
 200 0070 02       		.byte	0x2
 201 0071 B901     		.2byte	0x1b9
 202 0073 2C000000 		.4byte	0x2c
 203 0077 04       		.uleb128 0x4
 204 0078 53010000 		.4byte	.LASF10
 205 007c 02       		.byte	0x2
 206 007d BB01     		.2byte	0x1bb
 207 007f 48000000 		.4byte	0x48
 208 0083 02       		.uleb128 0x2
 209 0084 04       		.byte	0x4
 210 0085 04       		.byte	0x4
 211 0086 A7000000 		.4byte	.LASF11
 212 008a 02       		.uleb128 0x2
 213 008b 08       		.byte	0x8
 214 008c 04       		.byte	0x4
 215 008d 1A010000 		.4byte	.LASF12
 216 0091 02       		.uleb128 0x2
 217 0092 01       		.byte	0x1
 218 0093 08       		.byte	0x8
ARM GAS  C:\Users\a83571\AppData\Local\Temp\cce9kSrb.s 			page 7


 219 0094 AA010000 		.4byte	.LASF13
 220 0098 05       		.uleb128 0x5
 221 0099 6B000000 		.4byte	0x6b
 222 009d 04       		.uleb128 0x4
 223 009e 00000000 		.4byte	.LASF14
 224 00a2 02       		.byte	0x2
 225 00a3 6502     		.2byte	0x265
 226 00a5 A9000000 		.4byte	0xa9
 227 00a9 05       		.uleb128 0x5
 228 00aa 77000000 		.4byte	0x77
 229 00ae 02       		.uleb128 0x2
 230 00af 04       		.byte	0x4
 231 00b0 07       		.byte	0x7
 232 00b1 93010000 		.4byte	.LASF15
 233 00b5 06       		.uleb128 0x6
 234 00b6 18000000 		.4byte	.LASF26
 235 00ba 01       		.byte	0x1
 236 00bb 3C       		.byte	0x3c
 237 00bc 00000000 		.4byte	.LFB36
 238 00c0 9C000000 		.4byte	.LFE36-.LFB36
 239 00c4 01       		.uleb128 0x1
 240 00c5 9C       		.byte	0x9c
 241 00c6 19010000 		.4byte	0x119
 242 00ca 07       		.uleb128 0x7
 243 00cb 05010000 		.4byte	.LASF27
 244 00cf 01       		.byte	0x1
 245 00d0 3E       		.byte	0x3e
 246 00d1 6B000000 		.4byte	0x6b
 247 00d5 05       		.uleb128 0x5
 248 00d6 03       		.byte	0x3
 249 00d7 00000000 		.4byte	CapSense_snsIndexTmp.5270
 250 00db 08       		.uleb128 0x8
 251 00dc 08000000 		.4byte	.LVL0
 252 00e0 59010000 		.4byte	0x159
 253 00e4 EE000000 		.4byte	0xee
 254 00e8 09       		.uleb128 0x9
 255 00e9 01       		.uleb128 0x1
 256 00ea 50       		.byte	0x50
 257 00eb 01       		.uleb128 0x1
 258 00ec 40       		.byte	0x40
 259 00ed 00       		.byte	0
 260 00ee 0A       		.uleb128 0xa
 261 00ef 18000000 		.4byte	.LVL1
 262 00f3 6A010000 		.4byte	0x16a
 263 00f7 0A       		.uleb128 0xa
 264 00f8 38000000 		.4byte	.LVL2
 265 00fc 7B010000 		.4byte	0x17b
 266 0100 0A       		.uleb128 0xa
 267 0101 4C000000 		.4byte	.LVL3
 268 0105 90010000 		.4byte	0x190
 269 0109 0B       		.uleb128 0xb
 270 010a 82000000 		.4byte	.LVL4
 271 010e A1010000 		.4byte	0x1a1
 272 0112 09       		.uleb128 0x9
 273 0113 01       		.uleb128 0x1
 274 0114 50       		.byte	0x50
 275 0115 01       		.uleb128 0x1
ARM GAS  C:\Users\a83571\AppData\Local\Temp\cce9kSrb.s 			page 8


 276 0116 40       		.byte	0x40
 277 0117 00       		.byte	0
 278 0118 00       		.byte	0
 279 0119 0C       		.uleb128 0xc
 280 011a 80000000 		.4byte	.LASF16
 281 011e 03       		.byte	0x3
 282 011f D702     		.2byte	0x2d7
 283 0121 98000000 		.4byte	0x98
 284 0125 0C       		.uleb128 0xc
 285 0126 7E010000 		.4byte	.LASF17
 286 012a 03       		.byte	0x3
 287 012b D802     		.2byte	0x2d8
 288 012d 98000000 		.4byte	0x98
 289 0131 0D       		.uleb128 0xd
 290 0132 6B000000 		.4byte	0x6b
 291 0136 41010000 		.4byte	0x141
 292 013a 0E       		.uleb128 0xe
 293 013b AE000000 		.4byte	0xae
 294 013f 00       		.byte	0
 295 0140 00       		.byte	0
 296 0141 0C       		.uleb128 0xc
 297 0142 E5000000 		.4byte	.LASF18
 298 0146 03       		.byte	0x3
 299 0147 DB02     		.2byte	0x2db
 300 0149 31010000 		.4byte	0x131
 301 014d 0C       		.uleb128 0xc
 302 014e 6F020000 		.4byte	.LASF19
 303 0152 03       		.byte	0x3
 304 0153 DC02     		.2byte	0x2dc
 305 0155 31010000 		.4byte	0x131
 306 0159 0F       		.uleb128 0xf
 307 015a 3D020000 		.4byte	.LASF20
 308 015e 04       		.byte	0x4
 309 015f C5       		.byte	0xc5
 310 0160 6A010000 		.4byte	0x16a
 311 0164 10       		.uleb128 0x10
 312 0165 6B000000 		.4byte	0x6b
 313 0169 00       		.byte	0
 314 016a 0F       		.uleb128 0xf
 315 016b 06000000 		.4byte	.LASF21
 316 016f 05       		.byte	0x5
 317 0170 5B       		.byte	0x5b
 318 0171 7B010000 		.4byte	0x17b
 319 0175 10       		.uleb128 0x10
 320 0176 77000000 		.4byte	0x77
 321 017a 00       		.byte	0
 322 017b 11       		.uleb128 0x11
 323 017c BB000000 		.4byte	.LASF28
 324 0180 05       		.byte	0x5
 325 0181 6E       		.byte	0x6e
 326 0182 6B000000 		.4byte	0x6b
 327 0186 90010000 		.4byte	0x190
 328 018a 10       		.uleb128 0x10
 329 018b 6B000000 		.4byte	0x6b
 330 018f 00       		.byte	0
 331 0190 0F       		.uleb128 0xf
 332 0191 96000000 		.4byte	.LASF22
ARM GAS  C:\Users\a83571\AppData\Local\Temp\cce9kSrb.s 			page 9


 333 0195 05       		.byte	0x5
 334 0196 5A       		.byte	0x5a
 335 0197 A1010000 		.4byte	0x1a1
 336 019b 10       		.uleb128 0x10
 337 019c 77000000 		.4byte	0x77
 338 01a0 00       		.byte	0
 339 01a1 12       		.uleb128 0x12
 340 01a2 47010000 		.4byte	.LASF29
 341 01a6 04       		.byte	0x4
 342 01a7 C3       		.byte	0xc3
 343 01a8 10       		.uleb128 0x10
 344 01a9 6B000000 		.4byte	0x6b
 345 01ad 00       		.byte	0
 346 01ae 00       		.byte	0
 347              		.section	.debug_abbrev,"",%progbits
 348              	.Ldebug_abbrev0:
 349 0000 01       		.uleb128 0x1
 350 0001 11       		.uleb128 0x11
 351 0002 01       		.byte	0x1
 352 0003 25       		.uleb128 0x25
 353 0004 0E       		.uleb128 0xe
 354 0005 13       		.uleb128 0x13
 355 0006 0B       		.uleb128 0xb
 356 0007 03       		.uleb128 0x3
 357 0008 0E       		.uleb128 0xe
 358 0009 1B       		.uleb128 0x1b
 359 000a 0E       		.uleb128 0xe
 360 000b 55       		.uleb128 0x55
 361 000c 17       		.uleb128 0x17
 362 000d 11       		.uleb128 0x11
 363 000e 01       		.uleb128 0x1
 364 000f 10       		.uleb128 0x10
 365 0010 17       		.uleb128 0x17
 366 0011 00       		.byte	0
 367 0012 00       		.byte	0
 368 0013 02       		.uleb128 0x2
 369 0014 24       		.uleb128 0x24
 370 0015 00       		.byte	0
 371 0016 0B       		.uleb128 0xb
 372 0017 0B       		.uleb128 0xb
 373 0018 3E       		.uleb128 0x3e
 374 0019 0B       		.uleb128 0xb
 375 001a 03       		.uleb128 0x3
 376 001b 0E       		.uleb128 0xe
 377 001c 00       		.byte	0
 378 001d 00       		.byte	0
 379 001e 03       		.uleb128 0x3
 380 001f 24       		.uleb128 0x24
 381 0020 00       		.byte	0
 382 0021 0B       		.uleb128 0xb
 383 0022 0B       		.uleb128 0xb
 384 0023 3E       		.uleb128 0x3e
 385 0024 0B       		.uleb128 0xb
 386 0025 03       		.uleb128 0x3
 387 0026 08       		.uleb128 0x8
 388 0027 00       		.byte	0
 389 0028 00       		.byte	0
ARM GAS  C:\Users\a83571\AppData\Local\Temp\cce9kSrb.s 			page 10


 390 0029 04       		.uleb128 0x4
 391 002a 16       		.uleb128 0x16
 392 002b 00       		.byte	0
 393 002c 03       		.uleb128 0x3
 394 002d 0E       		.uleb128 0xe
 395 002e 3A       		.uleb128 0x3a
 396 002f 0B       		.uleb128 0xb
 397 0030 3B       		.uleb128 0x3b
 398 0031 05       		.uleb128 0x5
 399 0032 49       		.uleb128 0x49
 400 0033 13       		.uleb128 0x13
 401 0034 00       		.byte	0
 402 0035 00       		.byte	0
 403 0036 05       		.uleb128 0x5
 404 0037 35       		.uleb128 0x35
 405 0038 00       		.byte	0
 406 0039 49       		.uleb128 0x49
 407 003a 13       		.uleb128 0x13
 408 003b 00       		.byte	0
 409 003c 00       		.byte	0
 410 003d 06       		.uleb128 0x6
 411 003e 2E       		.uleb128 0x2e
 412 003f 01       		.byte	0x1
 413 0040 3F       		.uleb128 0x3f
 414 0041 19       		.uleb128 0x19
 415 0042 03       		.uleb128 0x3
 416 0043 0E       		.uleb128 0xe
 417 0044 3A       		.uleb128 0x3a
 418 0045 0B       		.uleb128 0xb
 419 0046 3B       		.uleb128 0x3b
 420 0047 0B       		.uleb128 0xb
 421 0048 27       		.uleb128 0x27
 422 0049 19       		.uleb128 0x19
 423 004a 11       		.uleb128 0x11
 424 004b 01       		.uleb128 0x1
 425 004c 12       		.uleb128 0x12
 426 004d 06       		.uleb128 0x6
 427 004e 40       		.uleb128 0x40
 428 004f 18       		.uleb128 0x18
 429 0050 9742     		.uleb128 0x2117
 430 0052 19       		.uleb128 0x19
 431 0053 01       		.uleb128 0x1
 432 0054 13       		.uleb128 0x13
 433 0055 00       		.byte	0
 434 0056 00       		.byte	0
 435 0057 07       		.uleb128 0x7
 436 0058 34       		.uleb128 0x34
 437 0059 00       		.byte	0
 438 005a 03       		.uleb128 0x3
 439 005b 0E       		.uleb128 0xe
 440 005c 3A       		.uleb128 0x3a
 441 005d 0B       		.uleb128 0xb
 442 005e 3B       		.uleb128 0x3b
 443 005f 0B       		.uleb128 0xb
 444 0060 49       		.uleb128 0x49
 445 0061 13       		.uleb128 0x13
 446 0062 02       		.uleb128 0x2
ARM GAS  C:\Users\a83571\AppData\Local\Temp\cce9kSrb.s 			page 11


 447 0063 18       		.uleb128 0x18
 448 0064 00       		.byte	0
 449 0065 00       		.byte	0
 450 0066 08       		.uleb128 0x8
 451 0067 898201   		.uleb128 0x4109
 452 006a 01       		.byte	0x1
 453 006b 11       		.uleb128 0x11
 454 006c 01       		.uleb128 0x1
 455 006d 31       		.uleb128 0x31
 456 006e 13       		.uleb128 0x13
 457 006f 01       		.uleb128 0x1
 458 0070 13       		.uleb128 0x13
 459 0071 00       		.byte	0
 460 0072 00       		.byte	0
 461 0073 09       		.uleb128 0x9
 462 0074 8A8201   		.uleb128 0x410a
 463 0077 00       		.byte	0
 464 0078 02       		.uleb128 0x2
 465 0079 18       		.uleb128 0x18
 466 007a 9142     		.uleb128 0x2111
 467 007c 18       		.uleb128 0x18
 468 007d 00       		.byte	0
 469 007e 00       		.byte	0
 470 007f 0A       		.uleb128 0xa
 471 0080 898201   		.uleb128 0x4109
 472 0083 00       		.byte	0
 473 0084 11       		.uleb128 0x11
 474 0085 01       		.uleb128 0x1
 475 0086 31       		.uleb128 0x31
 476 0087 13       		.uleb128 0x13
 477 0088 00       		.byte	0
 478 0089 00       		.byte	0
 479 008a 0B       		.uleb128 0xb
 480 008b 898201   		.uleb128 0x4109
 481 008e 01       		.byte	0x1
 482 008f 11       		.uleb128 0x11
 483 0090 01       		.uleb128 0x1
 484 0091 31       		.uleb128 0x31
 485 0092 13       		.uleb128 0x13
 486 0093 00       		.byte	0
 487 0094 00       		.byte	0
 488 0095 0C       		.uleb128 0xc
 489 0096 34       		.uleb128 0x34
 490 0097 00       		.byte	0
 491 0098 03       		.uleb128 0x3
 492 0099 0E       		.uleb128 0xe
 493 009a 3A       		.uleb128 0x3a
 494 009b 0B       		.uleb128 0xb
 495 009c 3B       		.uleb128 0x3b
 496 009d 05       		.uleb128 0x5
 497 009e 49       		.uleb128 0x49
 498 009f 13       		.uleb128 0x13
 499 00a0 3F       		.uleb128 0x3f
 500 00a1 19       		.uleb128 0x19
 501 00a2 3C       		.uleb128 0x3c
 502 00a3 19       		.uleb128 0x19
 503 00a4 00       		.byte	0
ARM GAS  C:\Users\a83571\AppData\Local\Temp\cce9kSrb.s 			page 12


 504 00a5 00       		.byte	0
 505 00a6 0D       		.uleb128 0xd
 506 00a7 01       		.uleb128 0x1
 507 00a8 01       		.byte	0x1
 508 00a9 49       		.uleb128 0x49
 509 00aa 13       		.uleb128 0x13
 510 00ab 01       		.uleb128 0x1
 511 00ac 13       		.uleb128 0x13
 512 00ad 00       		.byte	0
 513 00ae 00       		.byte	0
 514 00af 0E       		.uleb128 0xe
 515 00b0 21       		.uleb128 0x21
 516 00b1 00       		.byte	0
 517 00b2 49       		.uleb128 0x49
 518 00b3 13       		.uleb128 0x13
 519 00b4 2F       		.uleb128 0x2f
 520 00b5 0B       		.uleb128 0xb
 521 00b6 00       		.byte	0
 522 00b7 00       		.byte	0
 523 00b8 0F       		.uleb128 0xf
 524 00b9 2E       		.uleb128 0x2e
 525 00ba 01       		.byte	0x1
 526 00bb 3F       		.uleb128 0x3f
 527 00bc 19       		.uleb128 0x19
 528 00bd 03       		.uleb128 0x3
 529 00be 0E       		.uleb128 0xe
 530 00bf 3A       		.uleb128 0x3a
 531 00c0 0B       		.uleb128 0xb
 532 00c1 3B       		.uleb128 0x3b
 533 00c2 0B       		.uleb128 0xb
 534 00c3 27       		.uleb128 0x27
 535 00c4 19       		.uleb128 0x19
 536 00c5 3C       		.uleb128 0x3c
 537 00c6 19       		.uleb128 0x19
 538 00c7 01       		.uleb128 0x1
 539 00c8 13       		.uleb128 0x13
 540 00c9 00       		.byte	0
 541 00ca 00       		.byte	0
 542 00cb 10       		.uleb128 0x10
 543 00cc 05       		.uleb128 0x5
 544 00cd 00       		.byte	0
 545 00ce 49       		.uleb128 0x49
 546 00cf 13       		.uleb128 0x13
 547 00d0 00       		.byte	0
 548 00d1 00       		.byte	0
 549 00d2 11       		.uleb128 0x11
 550 00d3 2E       		.uleb128 0x2e
 551 00d4 01       		.byte	0x1
 552 00d5 3F       		.uleb128 0x3f
 553 00d6 19       		.uleb128 0x19
 554 00d7 03       		.uleb128 0x3
 555 00d8 0E       		.uleb128 0xe
 556 00d9 3A       		.uleb128 0x3a
 557 00da 0B       		.uleb128 0xb
 558 00db 3B       		.uleb128 0x3b
 559 00dc 0B       		.uleb128 0xb
 560 00dd 27       		.uleb128 0x27
ARM GAS  C:\Users\a83571\AppData\Local\Temp\cce9kSrb.s 			page 13


 561 00de 19       		.uleb128 0x19
 562 00df 49       		.uleb128 0x49
 563 00e0 13       		.uleb128 0x13
 564 00e1 3C       		.uleb128 0x3c
 565 00e2 19       		.uleb128 0x19
 566 00e3 01       		.uleb128 0x1
 567 00e4 13       		.uleb128 0x13
 568 00e5 00       		.byte	0
 569 00e6 00       		.byte	0
 570 00e7 12       		.uleb128 0x12
 571 00e8 2E       		.uleb128 0x2e
 572 00e9 01       		.byte	0x1
 573 00ea 3F       		.uleb128 0x3f
 574 00eb 19       		.uleb128 0x19
 575 00ec 03       		.uleb128 0x3
 576 00ed 0E       		.uleb128 0xe
 577 00ee 3A       		.uleb128 0x3a
 578 00ef 0B       		.uleb128 0xb
 579 00f0 3B       		.uleb128 0x3b
 580 00f1 0B       		.uleb128 0xb
 581 00f2 27       		.uleb128 0x27
 582 00f3 19       		.uleb128 0x19
 583 00f4 3C       		.uleb128 0x3c
 584 00f5 19       		.uleb128 0x19
 585 00f6 00       		.byte	0
 586 00f7 00       		.byte	0
 587 00f8 00       		.byte	0
 588              		.section	.debug_aranges,"",%progbits
 589 0000 1C000000 		.4byte	0x1c
 590 0004 0200     		.2byte	0x2
 591 0006 00000000 		.4byte	.Ldebug_info0
 592 000a 04       		.byte	0x4
 593 000b 00       		.byte	0
 594 000c 0000     		.2byte	0
 595 000e 0000     		.2byte	0
 596 0010 00000000 		.4byte	.LFB36
 597 0014 9C000000 		.4byte	.LFE36-.LFB36
 598 0018 00000000 		.4byte	0
 599 001c 00000000 		.4byte	0
 600              		.section	.debug_ranges,"",%progbits
 601              	.Ldebug_ranges0:
 602 0000 00000000 		.4byte	.LFB36
 603 0004 9C000000 		.4byte	.LFE36
 604 0008 00000000 		.4byte	0
 605 000c 00000000 		.4byte	0
 606              		.section	.debug_line,"",%progbits
 607              	.Ldebug_line0:
 608 0000 A8000000 		.section	.debug_str,"MS",%progbits,1
 608      02007400 
 608      00000201 
 608      FB0E0D00 
 608      01010101 
 609              	.LASF14:
 610 0000 72656733 		.ascii	"reg32\000"
 610      3200
 611              	.LASF21:
 612 0006 43617053 		.ascii	"CapSense_PostScan\000"
ARM GAS  C:\Users\a83571\AppData\Local\Temp\cce9kSrb.s 			page 14


 612      656E7365 
 612      5F506F73 
 612      74536361 
 612      6E00
 613              	.LASF26:
 614 0018 43617053 		.ascii	"CapSense_ISR\000"
 614      656E7365 
 614      5F495352 
 614      00
 615              	.LASF3:
 616 0025 73686F72 		.ascii	"short unsigned int\000"
 616      7420756E 
 616      7369676E 
 616      65642069 
 616      6E7400
 617              	.LASF25:
 618 0038 443A5C43 		.ascii	"D:\\Chau Nguyen\\OneDrive\\Arrow\\RangDong\\RangDon"
 618      68617520 
 618      4E677579 
 618      656E5C4F 
 618      6E654472 
 619 0066 6744656D 		.ascii	"gDemo\\BLE_RGB_TOUCH.cydsn\000"
 619      6F5C424C 
 619      455F5247 
 619      425F544F 
 619      5543482E 
 620              	.LASF16:
 621 0080 43617053 		.ascii	"CapSense_csdStatusVar\000"
 621      656E7365 
 621      5F637364 
 621      53746174 
 621      75735661 
 622              	.LASF22:
 623 0096 43617053 		.ascii	"CapSense_PreScan\000"
 623      656E7365 
 623      5F507265 
 623      5363616E 
 623      00
 624              	.LASF11:
 625 00a7 666C6F61 		.ascii	"float\000"
 625      7400
 626              	.LASF1:
 627 00ad 756E7369 		.ascii	"unsigned char\000"
 627      676E6564 
 627      20636861 
 627      7200
 628              	.LASF28:
 629 00bb 43617053 		.ascii	"CapSense_FindNextSensor\000"
 629      656E7365 
 629      5F46696E 
 629      644E6578 
 629      7453656E 
 630              	.LASF5:
 631 00d3 6C6F6E67 		.ascii	"long unsigned int\000"
 631      20756E73 
 631      69676E65 
 631      6420696E 
ARM GAS  C:\Users\a83571\AppData\Local\Temp\cce9kSrb.s 			page 15


 631      7400
 632              	.LASF18:
 633 00e5 43617053 		.ascii	"CapSense_sensorEnableMaskBackup\000"
 633      656E7365 
 633      5F73656E 
 633      736F7245 
 633      6E61626C 
 634              	.LASF27:
 635 0105 43617053 		.ascii	"CapSense_snsIndexTmp\000"
 635      656E7365 
 635      5F736E73 
 635      496E6465 
 635      78546D70 
 636              	.LASF12:
 637 011a 646F7562 		.ascii	"double\000"
 637      6C6500
 638              	.LASF24:
 639 0121 47656E65 		.ascii	"Generated_Source\\PSoC4\\CapSense_INT.c\000"
 639      72617465 
 639      645F536F 
 639      75726365 
 639      5C50536F 
 640              	.LASF29:
 641 0147 4379496E 		.ascii	"CyIntEnable\000"
 641      74456E61 
 641      626C6500 
 642              	.LASF10:
 643 0153 75696E74 		.ascii	"uint32\000"
 643      333200
 644              	.LASF8:
 645 015a 756E7369 		.ascii	"unsigned int\000"
 645      676E6564 
 645      20696E74 
 645      00
 646              	.LASF7:
 647 0167 6C6F6E67 		.ascii	"long long unsigned int\000"
 647      206C6F6E 
 647      6720756E 
 647      7369676E 
 647      65642069 
 648              	.LASF17:
 649 017e 43617053 		.ascii	"CapSense_sensorIndex\000"
 649      656E7365 
 649      5F73656E 
 649      736F7249 
 649      6E646578 
 650              	.LASF15:
 651 0193 73697A65 		.ascii	"sizetype\000"
 651      74797065 
 651      00
 652              	.LASF6:
 653 019c 6C6F6E67 		.ascii	"long long int\000"
 653      206C6F6E 
 653      6720696E 
 653      7400
 654              	.LASF13:
 655 01aa 63686172 		.ascii	"char\000"
ARM GAS  C:\Users\a83571\AppData\Local\Temp\cce9kSrb.s 			page 16


 655      00
 656              	.LASF23:
 657 01af 474E5520 		.ascii	"GNU C 4.9.3 20150303 (release) [ARM/embedded-4_9-br"
 657      4320342E 
 657      392E3320 
 657      32303135 
 657      30333033 
 658 01e2 616E6368 		.ascii	"anch revision 221220] -mcpu=cortex-m0 -mthumb -g -O"
 658      20726576 
 658      6973696F 
 658      6E203232 
 658      31323230 
 659 0215 67202D66 		.ascii	"g -ffunction-sections -ffat-lto-objects\000"
 659      66756E63 
 659      74696F6E 
 659      2D736563 
 659      74696F6E 
 660              	.LASF20:
 661 023d 4379496E 		.ascii	"CyIntDisable\000"
 661      74446973 
 661      61626C65 
 661      00
 662              	.LASF2:
 663 024a 73686F72 		.ascii	"short int\000"
 663      7420696E 
 663      7400
 664              	.LASF9:
 665 0254 75696E74 		.ascii	"uint8\000"
 665      3800
 666              	.LASF4:
 667 025a 6C6F6E67 		.ascii	"long int\000"
 667      20696E74 
 667      00
 668              	.LASF0:
 669 0263 7369676E 		.ascii	"signed char\000"
 669      65642063 
 669      68617200 
 670              	.LASF19:
 671 026f 43617053 		.ascii	"CapSense_sensorEnableMask\000"
 671      656E7365 
 671      5F73656E 
 671      736F7245 
 671      6E61626C 
 672              		.ident	"GCC: (GNU Tools for ARM Embedded Processors) 4.9.3 20150303 (release) [ARM/embedded-4_9-br
