ARM GAS  C:\Users\a83571\AppData\Local\Temp\ccuhQbVh.s 			page 1


   1              		.cpu cortex-m0
   2              		.fpu softvfp
   3              		.eabi_attribute 20, 1
   4              		.eabi_attribute 21, 1
   5              		.eabi_attribute 23, 3
   6              		.eabi_attribute 24, 1
   7              		.eabi_attribute 25, 1
   8              		.eabi_attribute 26, 1
   9              		.eabi_attribute 30, 1
  10              		.eabi_attribute 34, 0
  11              		.eabi_attribute 18, 4
  12              		.code	16
  13              		.file	"CapSense_TunerHelper.c"
  14              		.text
  15              	.Ltext0:
  16              		.cfi_sections	.debug_frame
  17              		.section	.text.CapSense_TunerStart,"ax",%progbits
  18              		.align	2
  19              		.global	CapSense_TunerStart
  20              		.code	16
  21              		.thumb_func
  22              		.type	CapSense_TunerStart, %function
  23              	CapSense_TunerStart:
  24              	.LFB36:
  25              		.file 1 "Generated_Source\\PSoC4\\CapSense_TunerHelper.c"
   1:Generated_Source\PSoC4/CapSense_TunerHelper.c **** /*******************************************************************************
   2:Generated_Source\PSoC4/CapSense_TunerHelper.c **** * File Name: CapSense_TunerHelper.c
   3:Generated_Source\PSoC4/CapSense_TunerHelper.c **** * Version 2.50
   4:Generated_Source\PSoC4/CapSense_TunerHelper.c **** *
   5:Generated_Source\PSoC4/CapSense_TunerHelper.c **** * Description:
   6:Generated_Source\PSoC4/CapSense_TunerHelper.c **** *  This file provides the source code of the Tuner helper APIs for the CapSense CSD
   7:Generated_Source\PSoC4/CapSense_TunerHelper.c **** *  component.
   8:Generated_Source\PSoC4/CapSense_TunerHelper.c **** *
   9:Generated_Source\PSoC4/CapSense_TunerHelper.c **** * Note:
  10:Generated_Source\PSoC4/CapSense_TunerHelper.c **** *
  11:Generated_Source\PSoC4/CapSense_TunerHelper.c **** ********************************************************************************
  12:Generated_Source\PSoC4/CapSense_TunerHelper.c **** * Copyright 2013-2016, Cypress Semiconductor Corporation.  All rights reserved.
  13:Generated_Source\PSoC4/CapSense_TunerHelper.c **** * You may use this file only in accordance with the license, terms, conditions,
  14:Generated_Source\PSoC4/CapSense_TunerHelper.c **** * disclaimers, and limitations in the end user license agreement accompanying
  15:Generated_Source\PSoC4/CapSense_TunerHelper.c **** * the software package with which this file was provided.
  16:Generated_Source\PSoC4/CapSense_TunerHelper.c **** *******************************************************************************/
  17:Generated_Source\PSoC4/CapSense_TunerHelper.c **** 
  18:Generated_Source\PSoC4/CapSense_TunerHelper.c **** #include "CapSense_TunerHelper.h"
  19:Generated_Source\PSoC4/CapSense_TunerHelper.c **** #include "cyapicallbacks.h"
  20:Generated_Source\PSoC4/CapSense_TunerHelper.c **** 
  21:Generated_Source\PSoC4/CapSense_TunerHelper.c **** #if (CapSense_TUNER_API_GENERATE)
  22:Generated_Source\PSoC4/CapSense_TunerHelper.c ****     #include "SCB.h"
  23:Generated_Source\PSoC4/CapSense_TunerHelper.c ****     #include "SCB_EZI2C.h"
  24:Generated_Source\PSoC4/CapSense_TunerHelper.c ****     volatile CapSense_MAILBOXES CapSense_mailboxesComm;
  25:Generated_Source\PSoC4/CapSense_TunerHelper.c **** #endif  /* (CapSense_TUNER_API_GENERATE) */
  26:Generated_Source\PSoC4/CapSense_TunerHelper.c **** 
  27:Generated_Source\PSoC4/CapSense_TunerHelper.c **** /* `#START CapSense_TunerHelper_HEADER` */
  28:Generated_Source\PSoC4/CapSense_TunerHelper.c **** 
  29:Generated_Source\PSoC4/CapSense_TunerHelper.c **** /* `#END` */
  30:Generated_Source\PSoC4/CapSense_TunerHelper.c **** 
  31:Generated_Source\PSoC4/CapSense_TunerHelper.c **** /*******************************************************************************
  32:Generated_Source\PSoC4/CapSense_TunerHelper.c **** * Function Name: CapSense_TunerStart
ARM GAS  C:\Users\a83571\AppData\Local\Temp\ccuhQbVh.s 			page 2


  33:Generated_Source\PSoC4/CapSense_TunerHelper.c **** ********************************************************************************
  34:Generated_Source\PSoC4/CapSense_TunerHelper.c **** *
  35:Generated_Source\PSoC4/CapSense_TunerHelper.c **** * Summary:
  36:Generated_Source\PSoC4/CapSense_TunerHelper.c **** *  Initializes the CapSense CSD component and EzI2C communication component to use
  37:Generated_Source\PSoC4/CapSense_TunerHelper.c **** *  a mailbox data structure for communication with the Tuner GUI.
  38:Generated_Source\PSoC4/CapSense_TunerHelper.c **** *  Start the scanning, after initialization is complete.
  39:Generated_Source\PSoC4/CapSense_TunerHelper.c **** *
  40:Generated_Source\PSoC4/CapSense_TunerHelper.c **** * Parameters:
  41:Generated_Source\PSoC4/CapSense_TunerHelper.c **** *  None
  42:Generated_Source\PSoC4/CapSense_TunerHelper.c **** *
  43:Generated_Source\PSoC4/CapSense_TunerHelper.c **** * Return:
  44:Generated_Source\PSoC4/CapSense_TunerHelper.c **** *  None
  45:Generated_Source\PSoC4/CapSense_TunerHelper.c **** *
  46:Generated_Source\PSoC4/CapSense_TunerHelper.c **** * Global Variables:
  47:Generated_Source\PSoC4/CapSense_TunerHelper.c **** *  None
  48:Generated_Source\PSoC4/CapSense_TunerHelper.c **** *
  49:Generated_Source\PSoC4/CapSense_TunerHelper.c **** *******************************************************************************/
  50:Generated_Source\PSoC4/CapSense_TunerHelper.c **** void CapSense_TunerStart(void)
  51:Generated_Source\PSoC4/CapSense_TunerHelper.c **** {
  26              		.loc 1 51 0
  27              		.cfi_startproc
  52:Generated_Source\PSoC4/CapSense_TunerHelper.c ****     #if (0u != CapSense_TUNER_API_GENERATE)
  53:Generated_Source\PSoC4/CapSense_TunerHelper.c **** 
  54:Generated_Source\PSoC4/CapSense_TunerHelper.c ****         /* Init mbx and quick check */
  55:Generated_Source\PSoC4/CapSense_TunerHelper.c ****         CapSense_InitMailbox(&CapSense_mailboxesComm.csdMailbox);
  56:Generated_Source\PSoC4/CapSense_TunerHelper.c ****         CapSense_mailboxesComm.numMailBoxes = CapSense_DEFAULT_MAILBOXES_NUMBER;
  57:Generated_Source\PSoC4/CapSense_TunerHelper.c **** 
  58:Generated_Source\PSoC4/CapSense_TunerHelper.c ****         /* Start CapSense and baselines */
  59:Generated_Source\PSoC4/CapSense_TunerHelper.c ****         CapSense_Start();
  60:Generated_Source\PSoC4/CapSense_TunerHelper.c **** 
  61:Generated_Source\PSoC4/CapSense_TunerHelper.c ****         /* Initialize baselines */
  62:Generated_Source\PSoC4/CapSense_TunerHelper.c ****         #if(0u != CapSense_CSHL_API_GENERATE)
  63:Generated_Source\PSoC4/CapSense_TunerHelper.c ****             CapSense_InitializeEnabledBaselines();
  64:Generated_Source\PSoC4/CapSense_TunerHelper.c ****         #endif /* (0u != CapSense_CSHL_API_GENERATE) */
  65:Generated_Source\PSoC4/CapSense_TunerHelper.c **** 
  66:Generated_Source\PSoC4/CapSense_TunerHelper.c ****         /* Start EzI2C, clears buf pointers */
  67:Generated_Source\PSoC4/CapSense_TunerHelper.c ****         SCB_Start();
  68:Generated_Source\PSoC4/CapSense_TunerHelper.c **** 
  69:Generated_Source\PSoC4/CapSense_TunerHelper.c ****         /* Setup EzI2C buffers */
  70:Generated_Source\PSoC4/CapSense_TunerHelper.c ****         SCB_EzI2CSetBuffer1(sizeof(CapSense_mailboxesComm), sizeof(CapSense_mailboxesComm),
  71:Generated_Source\PSoC4/CapSense_TunerHelper.c ****                                                    (volatile uint8 *) &CapSense_mailboxesComm);
  72:Generated_Source\PSoC4/CapSense_TunerHelper.c **** 
  73:Generated_Source\PSoC4/CapSense_TunerHelper.c ****         /* Starts scan all enabled sensors */
  74:Generated_Source\PSoC4/CapSense_TunerHelper.c ****         CapSense_ScanEnabledWidgets();
  75:Generated_Source\PSoC4/CapSense_TunerHelper.c **** 
  76:Generated_Source\PSoC4/CapSense_TunerHelper.c ****     #endif  /* (0u != CapSense_TUNER_API_GENERATE) */
  77:Generated_Source\PSoC4/CapSense_TunerHelper.c **** }
  28              		.loc 1 77 0
  29              		@ sp needed
  30 0000 7047     		bx	lr
  31              		.cfi_endproc
  32              	.LFE36:
  33              		.size	CapSense_TunerStart, .-CapSense_TunerStart
  34 0002 C046     		.section	.text.CapSense_TunerComm,"ax",%progbits
  35              		.align	2
  36              		.global	CapSense_TunerComm
  37              		.code	16
ARM GAS  C:\Users\a83571\AppData\Local\Temp\ccuhQbVh.s 			page 3


  38              		.thumb_func
  39              		.type	CapSense_TunerComm, %function
  40              	CapSense_TunerComm:
  41              	.LFB37:
  78:Generated_Source\PSoC4/CapSense_TunerHelper.c **** 
  79:Generated_Source\PSoC4/CapSense_TunerHelper.c **** 
  80:Generated_Source\PSoC4/CapSense_TunerHelper.c **** /*******************************************************************************
  81:Generated_Source\PSoC4/CapSense_TunerHelper.c **** * Function Name: CapSense_TunerComm
  82:Generated_Source\PSoC4/CapSense_TunerHelper.c **** ********************************************************************************
  83:Generated_Source\PSoC4/CapSense_TunerHelper.c **** *
  84:Generated_Source\PSoC4/CapSense_TunerHelper.c **** * Summary:
  85:Generated_Source\PSoC4/CapSense_TunerHelper.c **** *  This function is blocking. It waits till scanning loop is completed and applies
  86:Generated_Source\PSoC4/CapSense_TunerHelper.c **** *  the new parameters from the Tuner GUI if available (the manual tuning mode only). Updates
  87:Generated_Source\PSoC4/CapSense_TunerHelper.c **** *  the enabled baselines and state of widgets. Waits while the Tuner GUI reports that
  88:Generated_Source\PSoC4/CapSense_TunerHelper.c **** *  the mailbox content  could be modified. Then loads the report data into the outbox
  89:Generated_Source\PSoC4/CapSense_TunerHelper.c **** *  and sets a busy flag. Starts a new scanning loop.
  90:Generated_Source\PSoC4/CapSense_TunerHelper.c **** *
  91:Generated_Source\PSoC4/CapSense_TunerHelper.c **** * Parameters:
  92:Generated_Source\PSoC4/CapSense_TunerHelper.c **** *  None
  93:Generated_Source\PSoC4/CapSense_TunerHelper.c **** *
  94:Generated_Source\PSoC4/CapSense_TunerHelper.c **** * Return:
  95:Generated_Source\PSoC4/CapSense_TunerHelper.c **** *  None
  96:Generated_Source\PSoC4/CapSense_TunerHelper.c **** *
  97:Generated_Source\PSoC4/CapSense_TunerHelper.c **** * Global Variables:
  98:Generated_Source\PSoC4/CapSense_TunerHelper.c **** *  None
  99:Generated_Source\PSoC4/CapSense_TunerHelper.c **** *
 100:Generated_Source\PSoC4/CapSense_TunerHelper.c **** *******************************************************************************/
 101:Generated_Source\PSoC4/CapSense_TunerHelper.c **** void CapSense_TunerComm(void)
 102:Generated_Source\PSoC4/CapSense_TunerHelper.c **** {
  42              		.loc 1 102 0
  43              		.cfi_startproc
 103:Generated_Source\PSoC4/CapSense_TunerHelper.c ****     #if (0u != CapSense_TUNER_API_GENERATE)
 104:Generated_Source\PSoC4/CapSense_TunerHelper.c ****         if (0u == CapSense_IsBusy())
 105:Generated_Source\PSoC4/CapSense_TunerHelper.c ****         {
 106:Generated_Source\PSoC4/CapSense_TunerHelper.c ****             /* Apply new settings */
 107:Generated_Source\PSoC4/CapSense_TunerHelper.c ****             #if((CapSense_TUNING_METHOD != CapSense__TUNING_NONE) &&\
 108:Generated_Source\PSoC4/CapSense_TunerHelper.c ****                 (0u != CapSense_TOTAL_TRACKPAD_GESTURES_COUNT) ||\
 109:Generated_Source\PSoC4/CapSense_TunerHelper.c ****                 (CapSense_TUNING_METHOD == CapSense__TUNING_MANUAL))
 110:Generated_Source\PSoC4/CapSense_TunerHelper.c **** 
 111:Generated_Source\PSoC4/CapSense_TunerHelper.c ****                 CapSense_ReadMessage(&CapSense_mailboxesComm.csdMailbox);
 112:Generated_Source\PSoC4/CapSense_TunerHelper.c **** 
 113:Generated_Source\PSoC4/CapSense_TunerHelper.c ****             #endif  /* ((CapSense_TUNING_METHOD != CapSense__TUNING_NONE) &&\
 114:Generated_Source\PSoC4/CapSense_TunerHelper.c ****                         (0u != CapSense_TOTAL_TRACKPAD_GESTURES_COUNT) ||\
 115:Generated_Source\PSoC4/CapSense_TunerHelper.c ****                         (CapSense_TUNING_METHOD == CapSense__TUNING_MANUAL)) */
 116:Generated_Source\PSoC4/CapSense_TunerHelper.c **** 
 117:Generated_Source\PSoC4/CapSense_TunerHelper.c ****             #if(0u != CapSense_CSHL_API_GENERATE)
 118:Generated_Source\PSoC4/CapSense_TunerHelper.c ****                 /* Update all baselines and process all widgets */
 119:Generated_Source\PSoC4/CapSense_TunerHelper.c ****                 CapSense_UpdateEnabledBaselines();
 120:Generated_Source\PSoC4/CapSense_TunerHelper.c ****                 CapSense_ProcessAllWidgets(&CapSense_mailboxesComm.csdMailbox.outbox);
 121:Generated_Source\PSoC4/CapSense_TunerHelper.c ****             #endif /* (0u != CapSense_CSHL_API_GENERATE) */
 122:Generated_Source\PSoC4/CapSense_TunerHelper.c **** 
 123:Generated_Source\PSoC4/CapSense_TunerHelper.c ****             CapSense_PostMessage(&CapSense_mailboxesComm.csdMailbox);
 124:Generated_Source\PSoC4/CapSense_TunerHelper.c **** 
 125:Generated_Source\PSoC4/CapSense_TunerHelper.c ****             /* Enable EZI2C interrupts, after scan complete */
 126:Generated_Source\PSoC4/CapSense_TunerHelper.c ****             SCB_EnableInt();
 127:Generated_Source\PSoC4/CapSense_TunerHelper.c **** 
 128:Generated_Source\PSoC4/CapSense_TunerHelper.c ****             while((CapSense_mailboxesComm.csdMailbox.type != CapSense_TYPE_ID) ||
ARM GAS  C:\Users\a83571\AppData\Local\Temp\ccuhQbVh.s 			page 4


 129:Generated_Source\PSoC4/CapSense_TunerHelper.c ****                   (0u != (SCB_EzI2CGetActivity() & SCB_EZI2C_STATUS_BUSY))){}
 130:Generated_Source\PSoC4/CapSense_TunerHelper.c **** 
 131:Generated_Source\PSoC4/CapSense_TunerHelper.c ****             /* Disable EZI2C interrupts, while scanning */
 132:Generated_Source\PSoC4/CapSense_TunerHelper.c ****             SCB_DisableInt();
 133:Generated_Source\PSoC4/CapSense_TunerHelper.c **** 
 134:Generated_Source\PSoC4/CapSense_TunerHelper.c ****             /* Start scan all sensors */
 135:Generated_Source\PSoC4/CapSense_TunerHelper.c ****             CapSense_ScanEnabledWidgets();
 136:Generated_Source\PSoC4/CapSense_TunerHelper.c ****         }
 137:Generated_Source\PSoC4/CapSense_TunerHelper.c ****     #endif /* (0u != CapSense_TUNER_API_GENERATE) */
 138:Generated_Source\PSoC4/CapSense_TunerHelper.c **** }
  44              		.loc 1 138 0
  45              		@ sp needed
  46 0000 7047     		bx	lr
  47              		.cfi_endproc
  48              	.LFE37:
  49              		.size	CapSense_TunerComm, .-CapSense_TunerComm
  50 0002 C046     		.text
  51              	.Letext0:
  52              		.section	.debug_info,"",%progbits
  53              	.Ldebug_info0:
  54 0000 A6000000 		.4byte	0xa6
  55 0004 0400     		.2byte	0x4
  56 0006 00000000 		.4byte	.Ldebug_abbrev0
  57 000a 04       		.byte	0x4
  58 000b 01       		.uleb128 0x1
  59 000c 1C010000 		.4byte	.LASF15
  60 0010 01       		.byte	0x1
  61 0011 0E000000 		.4byte	.LASF16
  62 0015 65000000 		.4byte	.LASF17
  63 0019 00000000 		.4byte	.Ldebug_ranges0+0
  64 001d 00000000 		.4byte	0
  65 0021 00000000 		.4byte	.Ldebug_line0
  66 0025 02       		.uleb128 0x2
  67 0026 01       		.byte	0x1
  68 0027 06       		.byte	0x6
  69 0028 FD000000 		.4byte	.LASF0
  70 002c 02       		.uleb128 0x2
  71 002d 01       		.byte	0x1
  72 002e 08       		.byte	0x8
  73 002f B3000000 		.4byte	.LASF1
  74 0033 02       		.uleb128 0x2
  75 0034 02       		.byte	0x2
  76 0035 05       		.byte	0x5
  77 0036 AA010000 		.4byte	.LASF2
  78 003a 02       		.uleb128 0x2
  79 003b 02       		.byte	0x2
  80 003c 07       		.byte	0x7
  81 003d EA000000 		.4byte	.LASF3
  82 0041 02       		.uleb128 0x2
  83 0042 04       		.byte	0x4
  84 0043 05       		.byte	0x5
  85 0044 C6000000 		.4byte	.LASF4
  86 0048 02       		.uleb128 0x2
  87 0049 04       		.byte	0x4
  88 004a 07       		.byte	0x7
  89 004b 3C000000 		.4byte	.LASF5
  90 004f 02       		.uleb128 0x2
ARM GAS  C:\Users\a83571\AppData\Local\Temp\ccuhQbVh.s 			page 5


  91 0050 08       		.byte	0x8
  92 0051 05       		.byte	0x5
  93 0052 00000000 		.4byte	.LASF6
  94 0056 02       		.uleb128 0x2
  95 0057 08       		.byte	0x8
  96 0058 07       		.byte	0x7
  97 0059 4E000000 		.4byte	.LASF7
  98 005d 03       		.uleb128 0x3
  99 005e 04       		.byte	0x4
 100 005f 05       		.byte	0x5
 101 0060 696E7400 		.ascii	"int\000"
 102 0064 02       		.uleb128 0x2
 103 0065 04       		.byte	0x4
 104 0066 07       		.byte	0x7
 105 0067 B4010000 		.4byte	.LASF8
 106 006b 02       		.uleb128 0x2
 107 006c 04       		.byte	0x4
 108 006d 04       		.byte	0x4
 109 006e AD000000 		.4byte	.LASF9
 110 0072 02       		.uleb128 0x2
 111 0073 08       		.byte	0x8
 112 0074 04       		.byte	0x4
 113 0075 E3000000 		.4byte	.LASF10
 114 0079 02       		.uleb128 0x2
 115 007a 01       		.byte	0x1
 116 007b 08       		.byte	0x8
 117 007c C1000000 		.4byte	.LASF11
 118 0080 02       		.uleb128 0x2
 119 0081 04       		.byte	0x4
 120 0082 07       		.byte	0x7
 121 0083 C1010000 		.4byte	.LASF12
 122 0087 04       		.uleb128 0x4
 123 0088 CF000000 		.4byte	.LASF13
 124 008c 01       		.byte	0x1
 125 008d 32       		.byte	0x32
 126 008e 00000000 		.4byte	.LFB36
 127 0092 02000000 		.4byte	.LFE36-.LFB36
 128 0096 01       		.uleb128 0x1
 129 0097 9C       		.byte	0x9c
 130 0098 04       		.uleb128 0x4
 131 0099 09010000 		.4byte	.LASF14
 132 009d 01       		.byte	0x1
 133 009e 65       		.byte	0x65
 134 009f 00000000 		.4byte	.LFB37
 135 00a3 02000000 		.4byte	.LFE37-.LFB37
 136 00a7 01       		.uleb128 0x1
 137 00a8 9C       		.byte	0x9c
 138 00a9 00       		.byte	0
 139              		.section	.debug_abbrev,"",%progbits
 140              	.Ldebug_abbrev0:
 141 0000 01       		.uleb128 0x1
 142 0001 11       		.uleb128 0x11
 143 0002 01       		.byte	0x1
 144 0003 25       		.uleb128 0x25
 145 0004 0E       		.uleb128 0xe
 146 0005 13       		.uleb128 0x13
 147 0006 0B       		.uleb128 0xb
ARM GAS  C:\Users\a83571\AppData\Local\Temp\ccuhQbVh.s 			page 6


 148 0007 03       		.uleb128 0x3
 149 0008 0E       		.uleb128 0xe
 150 0009 1B       		.uleb128 0x1b
 151 000a 0E       		.uleb128 0xe
 152 000b 55       		.uleb128 0x55
 153 000c 17       		.uleb128 0x17
 154 000d 11       		.uleb128 0x11
 155 000e 01       		.uleb128 0x1
 156 000f 10       		.uleb128 0x10
 157 0010 17       		.uleb128 0x17
 158 0011 00       		.byte	0
 159 0012 00       		.byte	0
 160 0013 02       		.uleb128 0x2
 161 0014 24       		.uleb128 0x24
 162 0015 00       		.byte	0
 163 0016 0B       		.uleb128 0xb
 164 0017 0B       		.uleb128 0xb
 165 0018 3E       		.uleb128 0x3e
 166 0019 0B       		.uleb128 0xb
 167 001a 03       		.uleb128 0x3
 168 001b 0E       		.uleb128 0xe
 169 001c 00       		.byte	0
 170 001d 00       		.byte	0
 171 001e 03       		.uleb128 0x3
 172 001f 24       		.uleb128 0x24
 173 0020 00       		.byte	0
 174 0021 0B       		.uleb128 0xb
 175 0022 0B       		.uleb128 0xb
 176 0023 3E       		.uleb128 0x3e
 177 0024 0B       		.uleb128 0xb
 178 0025 03       		.uleb128 0x3
 179 0026 08       		.uleb128 0x8
 180 0027 00       		.byte	0
 181 0028 00       		.byte	0
 182 0029 04       		.uleb128 0x4
 183 002a 2E       		.uleb128 0x2e
 184 002b 00       		.byte	0
 185 002c 3F       		.uleb128 0x3f
 186 002d 19       		.uleb128 0x19
 187 002e 03       		.uleb128 0x3
 188 002f 0E       		.uleb128 0xe
 189 0030 3A       		.uleb128 0x3a
 190 0031 0B       		.uleb128 0xb
 191 0032 3B       		.uleb128 0x3b
 192 0033 0B       		.uleb128 0xb
 193 0034 27       		.uleb128 0x27
 194 0035 19       		.uleb128 0x19
 195 0036 11       		.uleb128 0x11
 196 0037 01       		.uleb128 0x1
 197 0038 12       		.uleb128 0x12
 198 0039 06       		.uleb128 0x6
 199 003a 40       		.uleb128 0x40
 200 003b 18       		.uleb128 0x18
 201 003c 9742     		.uleb128 0x2117
 202 003e 19       		.uleb128 0x19
 203 003f 00       		.byte	0
 204 0040 00       		.byte	0
ARM GAS  C:\Users\a83571\AppData\Local\Temp\ccuhQbVh.s 			page 7


 205 0041 00       		.byte	0
 206              		.section	.debug_aranges,"",%progbits
 207 0000 24000000 		.4byte	0x24
 208 0004 0200     		.2byte	0x2
 209 0006 00000000 		.4byte	.Ldebug_info0
 210 000a 04       		.byte	0x4
 211 000b 00       		.byte	0
 212 000c 0000     		.2byte	0
 213 000e 0000     		.2byte	0
 214 0010 00000000 		.4byte	.LFB36
 215 0014 02000000 		.4byte	.LFE36-.LFB36
 216 0018 00000000 		.4byte	.LFB37
 217 001c 02000000 		.4byte	.LFE37-.LFB37
 218 0020 00000000 		.4byte	0
 219 0024 00000000 		.4byte	0
 220              		.section	.debug_ranges,"",%progbits
 221              	.Ldebug_ranges0:
 222 0000 00000000 		.4byte	.LFB36
 223 0004 02000000 		.4byte	.LFE36
 224 0008 00000000 		.4byte	.LFB37
 225 000c 02000000 		.4byte	.LFE37
 226 0010 00000000 		.4byte	0
 227 0014 00000000 		.4byte	0
 228              		.section	.debug_line,"",%progbits
 229              	.Ldebug_line0:
 230 0000 6F000000 		.section	.debug_str,"MS",%progbits,1
 230      02004400 
 230      00000201 
 230      FB0E0D00 
 230      01010101 
 231              	.LASF6:
 232 0000 6C6F6E67 		.ascii	"long long int\000"
 232      206C6F6E 
 232      6720696E 
 232      7400
 233              	.LASF16:
 234 000e 47656E65 		.ascii	"Generated_Source\\PSoC4\\CapSense_TunerHelper.c\000"
 234      72617465 
 234      645F536F 
 234      75726365 
 234      5C50536F 
 235              	.LASF5:
 236 003c 6C6F6E67 		.ascii	"long unsigned int\000"
 236      20756E73 
 236      69676E65 
 236      6420696E 
 236      7400
 237              	.LASF7:
 238 004e 6C6F6E67 		.ascii	"long long unsigned int\000"
 238      206C6F6E 
 238      6720756E 
 238      7369676E 
 238      65642069 
 239              	.LASF17:
 240 0065 443A5C43 		.ascii	"D:\\Chau Nguyen\\OneDrive\\Arrow\\RangDong\\RangDon"
 240      68617520 
 240      4E677579 
ARM GAS  C:\Users\a83571\AppData\Local\Temp\ccuhQbVh.s 			page 8


 240      656E5C4F 
 240      6E654472 
 241 0093 6744656D 		.ascii	"gDemo\\BLE_RGB_TOUCH.cydsn\000"
 241      6F5C424C 
 241      455F5247 
 241      425F544F 
 241      5543482E 
 242              	.LASF9:
 243 00ad 666C6F61 		.ascii	"float\000"
 243      7400
 244              	.LASF1:
 245 00b3 756E7369 		.ascii	"unsigned char\000"
 245      676E6564 
 245      20636861 
 245      7200
 246              	.LASF11:
 247 00c1 63686172 		.ascii	"char\000"
 247      00
 248              	.LASF4:
 249 00c6 6C6F6E67 		.ascii	"long int\000"
 249      20696E74 
 249      00
 250              	.LASF13:
 251 00cf 43617053 		.ascii	"CapSense_TunerStart\000"
 251      656E7365 
 251      5F54756E 
 251      65725374 
 251      61727400 
 252              	.LASF10:
 253 00e3 646F7562 		.ascii	"double\000"
 253      6C6500
 254              	.LASF3:
 255 00ea 73686F72 		.ascii	"short unsigned int\000"
 255      7420756E 
 255      7369676E 
 255      65642069 
 255      6E7400
 256              	.LASF0:
 257 00fd 7369676E 		.ascii	"signed char\000"
 257      65642063 
 257      68617200 
 258              	.LASF14:
 259 0109 43617053 		.ascii	"CapSense_TunerComm\000"
 259      656E7365 
 259      5F54756E 
 259      6572436F 
 259      6D6D00
 260              	.LASF15:
 261 011c 474E5520 		.ascii	"GNU C 4.9.3 20150303 (release) [ARM/embedded-4_9-br"
 261      4320342E 
 261      392E3320 
 261      32303135 
 261      30333033 
 262 014f 616E6368 		.ascii	"anch revision 221220] -mcpu=cortex-m0 -mthumb -g -O"
 262      20726576 
 262      6973696F 
 262      6E203232 
ARM GAS  C:\Users\a83571\AppData\Local\Temp\ccuhQbVh.s 			page 9


 262      31323230 
 263 0182 67202D66 		.ascii	"g -ffunction-sections -ffat-lto-objects\000"
 263      66756E63 
 263      74696F6E 
 263      2D736563 
 263      74696F6E 
 264              	.LASF2:
 265 01aa 73686F72 		.ascii	"short int\000"
 265      7420696E 
 265      7400
 266              	.LASF8:
 267 01b4 756E7369 		.ascii	"unsigned int\000"
 267      676E6564 
 267      20696E74 
 267      00
 268              	.LASF12:
 269 01c1 73697A65 		.ascii	"sizetype\000"
 269      74797065 
 269      00
 270              		.ident	"GCC: (GNU Tools for ARM Embedded Processors) 4.9.3 20150303 (release) [ARM/embedded-4_9-br
