--------------- Clean Started: 10/14/2017 13:44:46 Project: BLE_RGB_TOUCH, Configuration: ARM GCC 4.9-2015-q1-update Debug ---------------
Deleting file ".\CortexM0\ARM_GCC_493\Debug\main.o"
Deleting file ".\CortexM0\ARM_GCC_493\Debug\RGB.o"
Deleting file ".\CortexM0\ARM_GCC_493\Debug\Slider.o"
Deleting file ".\CortexM0\ARM_GCC_493\Debug\ble_event.o"
Deleting file ".\CortexM0\ARM_GCC_493\Debug\cyfitter_cfg.o"
Deleting file ".\CortexM0\ARM_GCC_493\Debug\cymetadata.o"
Deleting file ".\CortexM0\ARM_GCC_493\Debug\BLE.o"
Deleting file ".\CortexM0\ARM_GCC_493\Debug\BLE_gatt.o"
Deleting file ".\CortexM0\ARM_GCC_493\Debug\BLE_eventHandler.o"
Deleting file ".\CortexM0\ARM_GCC_493\Debug\BLE_HAL_INT.o"
Deleting file ".\CortexM0\ARM_GCC_493\Debug\BLE_HAL_PVT.o"
Deleting file ".\CortexM0\ARM_GCC_493\Debug\BLE_custom.o"
Deleting file ".\CortexM0\ARM_GCC_493\Debug\GREEN.o"
Deleting file ".\CortexM0\ARM_GCC_493\Debug\GREEN_PM.o"
Deleting file ".\CortexM0\ARM_GCC_493\Debug\RED.o"
Deleting file ".\CortexM0\ARM_GCC_493\Debug\RED_PM.o"
Deleting file ".\CortexM0\ARM_GCC_493\Debug\PWM_2.o"
Deleting file ".\CortexM0\ARM_GCC_493\Debug\PWM_2_PM.o"
Deleting file ".\CortexM0\ARM_GCC_493\Debug\Clock_1.o"
Deleting file ".\CortexM0\ARM_GCC_493\Debug\PWM_1.o"
Deleting file ".\CortexM0\ARM_GCC_493\Debug\PWM_1_PM.o"
Deleting file ".\CortexM0\ARM_GCC_493\Debug\BLUE.o"
Deleting file ".\CortexM0\ARM_GCC_493\Debug\BLUE_PM.o"
Deleting file ".\CortexM0\ARM_GCC_493\Debug\CapSense.o"
Deleting file ".\CortexM0\ARM_GCC_493\Debug\CapSense_PM.o"
Deleting file ".\CortexM0\ARM_GCC_493\Debug\CapSense_CSHL.o"
Deleting file ".\CortexM0\ARM_GCC_493\Debug\CapSense_INT.o"
Deleting file ".\CortexM0\ARM_GCC_493\Debug\CapSense_TunerHelper.o"
Deleting file ".\CortexM0\ARM_GCC_493\Debug\CapSense_SMS.o"
Deleting file ".\CortexM0\ARM_GCC_493\Debug\BLE_bless_isr.o"
Deleting file ".\CortexM0\ARM_GCC_493\Debug\CapSense_SampleClk.o"
Deleting file ".\CortexM0\ARM_GCC_493\Debug\CapSense_SenseClk.o"
Deleting file ".\CortexM0\ARM_GCC_493\Debug\Cm0Start.o"
Deleting file ".\CortexM0\ARM_GCC_493\Debug\CyBootAsmGnu.o"
Deleting file ".\CortexM0\ARM_GCC_493\Debug\CyFlash.o"
Deleting file ".\CortexM0\ARM_GCC_493\Debug\CyLib.o"
Deleting file ".\CortexM0\ARM_GCC_493\Debug\cyPm.o"
Deleting file ".\CortexM0\ARM_GCC_493\Debug\cyutils.o"
Deleting file ".\CortexM0\ARM_GCC_493\Debug\CyLFClk.o"
Deleting file ".\CortexM0\ARM_GCC_493\Debug\BLE_RGB_TOUCH.hex"
Deleting file ".\CortexM0\ARM_GCC_493\Debug\BLE_RGB_TOUCH.elf"
Deleting file ".\CortexM0\ARM_GCC_493\Debug\BLE_RGB_TOUCH.map"
Deleting file ".\BLE_RGB_TOUCH.cycdx"
Deleting file ".\BLE_RGB_TOUCH.svd"
Deleting file ".\BLE_RGB_TOUCH.rpt"
Deleting file ".\BLE_RGB_TOUCH_timing.html"
Deleting file ".\CortexM0\ARM_GCC_493\Debug\.deps\SOURCE_C__ARM_GCC_GENERIC.P"
Deleting file ".\CortexM0\ARM_GCC_493\Debug\.deps\SOURCE_ASM__ARM_GCC_GENERIC.P"
--------------- Clean Succeeded: 10/14/2017 13:44:49 ---------------
