ARM GAS  C:\Users\a83571\AppData\Local\Temp\ccmxFU6d.s 			page 1


   1              		.cpu cortex-m0
   2              		.fpu softvfp
   3              		.eabi_attribute 20, 1
   4              		.eabi_attribute 21, 1
   5              		.eabi_attribute 23, 3
   6              		.eabi_attribute 24, 1
   7              		.eabi_attribute 25, 1
   8              		.eabi_attribute 26, 1
   9              		.eabi_attribute 30, 1
  10              		.eabi_attribute 34, 0
  11              		.eabi_attribute 18, 4
  12              		.code	16
  13              		.file	"RGB.c"
  14              		.text
  15              	.Ltext0:
  16              		.cfi_sections	.debug_frame
  17              		.section	.text.RGB_Init,"ax",%progbits
  18              		.align	2
  19              		.global	RGB_Init
  20              		.code	16
  21              		.thumb_func
  22              		.type	RGB_Init, %function
  23              	RGB_Init:
  24              	.LFB37:
  25              		.file 1 "RGB.c"
   1:RGB.c         **** /* ========================================
   2:RGB.c         ****  *
   3:RGB.c         ****  * Copyright YOUR COMPANY, THE YEAR
   4:RGB.c         ****  * All Rights Reserved
   5:RGB.c         ****  * UNPUBLISHED, LICENSED SOFTWARE.
   6:RGB.c         ****  *
   7:RGB.c         ****  * CONFIDENTIAL AND PROPRIETARY INFORMATION
   8:RGB.c         ****  * WHICH IS THE PROPERTY OF your company.
   9:RGB.c         ****  *
  10:RGB.c         ****  * ========================================
  11:RGB.c         **** */
  12:RGB.c         **** #include <project.h>
  13:RGB.c         **** #include "RGB.h"
  14:RGB.c         **** 
  15:RGB.c         **** static uint8 notifyEnable;
  16:RGB.c         **** 
  17:RGB.c         **** void RGB_Init()
  18:RGB.c         **** {
  26              		.loc 1 18 0
  27              		.cfi_startproc
  28 0000 10B5     		push	{r4, lr}
  29              		.cfi_def_cfa_offset 8
  30              		.cfi_offset 4, -8
  31              		.cfi_offset 14, -4
  19:RGB.c         ****     PWM_1_Start();
  32              		.loc 1 19 0
  33 0002 FFF7FEFF 		bl	PWM_1_Start
  34              	.LVL0:
  20:RGB.c         ****     PWM_2_Start();
  35              		.loc 1 20 0
  36 0006 FFF7FEFF 		bl	PWM_2_Start
  37              	.LVL1:
ARM GAS  C:\Users\a83571\AppData\Local\Temp\ccmxFU6d.s 			page 2


  21:RGB.c         ****     PWM_1_WritePeriod(65025);
  38              		.loc 1 21 0
  39 000a 084C     		ldr	r4, .L2
  40 000c 201C     		mov	r0, r4
  41 000e FFF7FEFF 		bl	PWM_1_WritePeriod
  42              	.LVL2:
  22:RGB.c         ****     PWM_2_WritePeriod(65025);
  43              		.loc 1 22 0
  44 0012 201C     		mov	r0, r4
  45 0014 FFF7FEFF 		bl	PWM_2_WritePeriod
  46              	.LVL3:
  23:RGB.c         ****     PWM_1_WriteCompare1(0);
  47              		.loc 1 23 0
  48 0018 0020     		mov	r0, #0
  49 001a FFF7FEFF 		bl	PWM_1_WriteCompare1
  50              	.LVL4:
  24:RGB.c         ****     PWM_1_WriteCompare2(0);
  51              		.loc 1 24 0
  52 001e 0020     		mov	r0, #0
  53 0020 FFF7FEFF 		bl	PWM_1_WriteCompare2
  54              	.LVL5:
  25:RGB.c         ****     PWM_2_WriteCompare1(0);
  55              		.loc 1 25 0
  56 0024 0020     		mov	r0, #0
  57 0026 FFF7FEFF 		bl	PWM_2_WriteCompare1
  58              	.LVL6:
  26:RGB.c         **** }
  59              		.loc 1 26 0
  60              		@ sp needed
  61 002a 10BD     		pop	{r4, pc}
  62              	.L3:
  63              		.align	2
  64              	.L2:
  65 002c 01FE0000 		.word	65025
  66              		.cfi_endproc
  67              	.LFE37:
  68              		.size	RGB_Init, .-RGB_Init
  69              		.section	.text.RGB_EnableNotification,"ax",%progbits
  70              		.align	2
  71              		.global	RGB_EnableNotification
  72              		.code	16
  73              		.thumb_func
  74              		.type	RGB_EnableNotification, %function
  75              	RGB_EnableNotification:
  76              	.LFB39:
  27:RGB.c         **** 
  28:RGB.c         **** void RGB_SetHue(HUEVALUE hueData)
  29:RGB.c         **** {
  30:RGB.c         ****     CYBLE_GATT_HANDLE_VALUE_PAIR_T rgbHueValue;
  31:RGB.c         ****     rgbHueValue.attrHandle = CYBLE_RGB_LED_RGB_DATA_CHAR_HANDLE;
  32:RGB.c         ****     rgbHueValue.value.len = sizeof(HUEVALUE);
  33:RGB.c         ****     rgbHueValue.value.val = (uint8*)(&hueData);
  34:RGB.c         ****     CyBle_GattsWriteAttributeValue(&rgbHueValue, 0, &cyBle_connHandle, CYBLE_GATT_DB_PEER_INITIATED
  35:RGB.c         ****     if (RGB_IsNotifyEnabled() == 1)
  36:RGB.c         ****     {
  37:RGB.c         ****         if (RGB_IsNotifyEnabled() == 1)
  38:RGB.c         ****            CyBle_GattsNotification(cyBle_connHandle, (CYBLE_GATTS_HANDLE_VALUE_NTF_T*)&rgbHueValue)
ARM GAS  C:\Users\a83571\AppData\Local\Temp\ccmxFU6d.s 			page 3


  39:RGB.c         ****     }
  40:RGB.c         ****     PWM_1_WriteCompare1(((uint16)hueData.red) * hueData.intensity);
  41:RGB.c         ****     PWM_1_WriteCompare2(((uint16)hueData.green) * hueData.intensity);
  42:RGB.c         ****     PWM_2_WriteCompare1(((uint16)hueData.blue) * hueData.intensity);
  43:RGB.c         **** }
  44:RGB.c         **** 
  45:RGB.c         **** void RGB_EnableNotification()
  46:RGB.c         **** {
  77              		.loc 1 46 0
  78              		.cfi_startproc
  47:RGB.c         ****     notifyEnable = 1;
  79              		.loc 1 47 0
  80 0000 0122     		mov	r2, #1
  81 0002 014B     		ldr	r3, .L5
  82 0004 1A70     		strb	r2, [r3]
  48:RGB.c         **** }
  83              		.loc 1 48 0
  84              		@ sp needed
  85 0006 7047     		bx	lr
  86              	.L6:
  87              		.align	2
  88              	.L5:
  89 0008 00000000 		.word	.LANCHOR0
  90              		.cfi_endproc
  91              	.LFE39:
  92              		.size	RGB_EnableNotification, .-RGB_EnableNotification
  93              		.section	.text.RGB_DisableNotification,"ax",%progbits
  94              		.align	2
  95              		.global	RGB_DisableNotification
  96              		.code	16
  97              		.thumb_func
  98              		.type	RGB_DisableNotification, %function
  99              	RGB_DisableNotification:
 100              	.LFB40:
  49:RGB.c         **** 
  50:RGB.c         **** void RGB_DisableNotification()
  51:RGB.c         **** {
 101              		.loc 1 51 0
 102              		.cfi_startproc
  52:RGB.c         ****     notifyEnable = 0;
 103              		.loc 1 52 0
 104 0000 0022     		mov	r2, #0
 105 0002 014B     		ldr	r3, .L8
 106 0004 1A70     		strb	r2, [r3]
  53:RGB.c         **** }
 107              		.loc 1 53 0
 108              		@ sp needed
 109 0006 7047     		bx	lr
 110              	.L9:
 111              		.align	2
 112              	.L8:
 113 0008 00000000 		.word	.LANCHOR0
 114              		.cfi_endproc
 115              	.LFE40:
 116              		.size	RGB_DisableNotification, .-RGB_DisableNotification
 117              		.section	.text.RGB_IsNotifyEnabled,"ax",%progbits
 118              		.align	2
ARM GAS  C:\Users\a83571\AppData\Local\Temp\ccmxFU6d.s 			page 4


 119              		.global	RGB_IsNotifyEnabled
 120              		.code	16
 121              		.thumb_func
 122              		.type	RGB_IsNotifyEnabled, %function
 123              	RGB_IsNotifyEnabled:
 124              	.LFB41:
  54:RGB.c         **** 
  55:RGB.c         **** uint8 RGB_IsNotifyEnabled()
  56:RGB.c         **** {
 125              		.loc 1 56 0
 126              		.cfi_startproc
  57:RGB.c         ****     return notifyEnable;
 127              		.loc 1 57 0
 128 0000 014B     		ldr	r3, .L11
 129 0002 1878     		ldrb	r0, [r3]
  58:RGB.c         **** }
 130              		.loc 1 58 0
 131              		@ sp needed
 132 0004 7047     		bx	lr
 133              	.L12:
 134 0006 C046     		.align	2
 135              	.L11:
 136 0008 00000000 		.word	.LANCHOR0
 137              		.cfi_endproc
 138              	.LFE41:
 139              		.size	RGB_IsNotifyEnabled, .-RGB_IsNotifyEnabled
 140              		.section	.text.RGB_SetHue,"ax",%progbits
 141              		.align	2
 142              		.global	RGB_SetHue
 143              		.code	16
 144              		.thumb_func
 145              		.type	RGB_SetHue, %function
 146              	RGB_SetHue:
 147              	.LFB38:
  29:RGB.c         ****     CYBLE_GATT_HANDLE_VALUE_PAIR_T rgbHueValue;
 148              		.loc 1 29 0
 149              		.cfi_startproc
 150 0000 10B5     		push	{r4, lr}
 151              		.cfi_def_cfa_offset 8
 152              		.cfi_offset 4, -8
 153              		.cfi_offset 14, -4
 154 0002 86B0     		sub	sp, sp, #24
 155              		.cfi_def_cfa_offset 32
 156 0004 0190     		str	r0, [sp, #4]
  31:RGB.c         ****     rgbHueValue.value.len = sizeof(HUEVALUE);
 157              		.loc 1 31 0
 158 0006 03A8     		add	r0, sp, #12
 159 0008 1523     		mov	r3, #21
 160 000a 0381     		strh	r3, [r0, #8]
  32:RGB.c         ****     rgbHueValue.value.val = (uint8*)(&hueData);
 161              		.loc 1 32 0
 162 000c 113B     		sub	r3, r3, #17
 163 000e 8380     		strh	r3, [r0, #4]
  33:RGB.c         ****     CyBle_GattsWriteAttributeValue(&rgbHueValue, 0, &cyBle_connHandle, CYBLE_GATT_DB_PEER_INITIATED
 164              		.loc 1 33 0
 165 0010 01AB     		add	r3, sp, #4
 166 0012 0393     		str	r3, [sp, #12]
ARM GAS  C:\Users\a83571\AppData\Local\Temp\ccmxFU6d.s 			page 5


  34:RGB.c         ****     if (RGB_IsNotifyEnabled() == 1)
 167              		.loc 1 34 0
 168 0014 0021     		mov	r1, #0
 169 0016 114A     		ldr	r2, .L15
 170 0018 4023     		mov	r3, #64
 171 001a FFF7FEFF 		bl	CyBle_GattsWriteAttributeValue
 172              	.LVL7:
  35:RGB.c         ****     {
 173              		.loc 1 35 0
 174 001e FFF7FEFF 		bl	RGB_IsNotifyEnabled
 175              	.LVL8:
 176 0022 0128     		cmp	r0, #1
 177 0024 08D1     		bne	.L14
  37:RGB.c         ****            CyBle_GattsNotification(cyBle_connHandle, (CYBLE_GATTS_HANDLE_VALUE_NTF_T*)&rgbHueValue)
 178              		.loc 1 37 0
 179 0026 07D1     		bne	.L14
  38:RGB.c         ****     }
 180              		.loc 1 38 0
 181 0028 0C4A     		ldr	r2, .L15
 182 002a 1378     		ldrb	r3, [r2]
 183 002c 5078     		ldrb	r0, [r2, #1]
 184 002e 0002     		lsl	r0, r0, #8
 185 0030 1843     		orr	r0, r3
 186 0032 03A9     		add	r1, sp, #12
 187 0034 FFF7FEFF 		bl	CyBle_GattsNotification
 188              	.LVL9:
 189              	.L14:
  40:RGB.c         ****     PWM_1_WriteCompare2(((uint16)hueData.green) * hueData.intensity);
 190              		.loc 1 40 0
 191 0038 01AC     		add	r4, sp, #4
 192 003a 2378     		ldrb	r3, [r4]
 193 003c E078     		ldrb	r0, [r4, #3]
 194 003e 5843     		mul	r0, r3
 195 0040 FFF7FEFF 		bl	PWM_1_WriteCompare1
 196              	.LVL10:
  41:RGB.c         ****     PWM_2_WriteCompare1(((uint16)hueData.blue) * hueData.intensity);
 197              		.loc 1 41 0
 198 0044 6378     		ldrb	r3, [r4, #1]
 199 0046 E078     		ldrb	r0, [r4, #3]
 200 0048 5843     		mul	r0, r3
 201 004a FFF7FEFF 		bl	PWM_1_WriteCompare2
 202              	.LVL11:
  42:RGB.c         **** }
 203              		.loc 1 42 0
 204 004e A378     		ldrb	r3, [r4, #2]
 205 0050 E078     		ldrb	r0, [r4, #3]
 206 0052 5843     		mul	r0, r3
 207 0054 FFF7FEFF 		bl	PWM_2_WriteCompare1
 208              	.LVL12:
  43:RGB.c         **** 
 209              		.loc 1 43 0
 210 0058 06B0     		add	sp, sp, #24
 211              		@ sp needed
 212 005a 10BD     		pop	{r4, pc}
 213              	.L16:
 214              		.align	2
 215              	.L15:
ARM GAS  C:\Users\a83571\AppData\Local\Temp\ccmxFU6d.s 			page 6


 216 005c 00000000 		.word	cyBle_connHandle
 217              		.cfi_endproc
 218              	.LFE38:
 219              		.size	RGB_SetHue, .-RGB_SetHue
 220              		.bss
 221              		.set	.LANCHOR0,. + 0
 222              		.type	notifyEnable, %object
 223              		.size	notifyEnable, 1
 224              	notifyEnable:
 225 0000 00       		.space	1
 226              		.text
 227              	.Letext0:
 228              		.file 2 "Generated_Source\\PSoC4/cytypes.h"
 229              		.file 3 "Generated_Source\\PSoC4/BLE_Stack.h"
 230              		.file 4 "Generated_Source\\PSoC4/BLE_StackGatt.h"
 231              		.file 5 "Generated_Source\\PSoC4/BLE_StackGattServer.h"
 232              		.file 6 "RGB.h"
 233              		.file 7 "Generated_Source\\PSoC4/PWM_1.h"
 234              		.file 8 "Generated_Source\\PSoC4/PWM_2.h"
 235              		.file 9 "Generated_Source\\PSoC4/BLE_StackGattDb.h"
 236              		.file 10 "Generated_Source\\PSoC4/BLE_eventHandler.h"
 237              		.section	.debug_info,"",%progbits
 238              	.Ldebug_info0:
 239 0000 6C070000 		.4byte	0x76c
 240 0004 0400     		.2byte	0x4
 241 0006 00000000 		.4byte	.Ldebug_abbrev0
 242 000a 04       		.byte	0x4
 243 000b 01       		.uleb128 0x1
 244 000c 6B0E0000 		.4byte	.LASF183
 245 0010 01       		.byte	0x1
 246 0011 9C0A0000 		.4byte	.LASF184
 247 0015 DB100000 		.4byte	.LASF185
 248 0019 00000000 		.4byte	.Ldebug_ranges0+0
 249 001d 00000000 		.4byte	0
 250 0021 00000000 		.4byte	.Ldebug_line0
 251 0025 02       		.uleb128 0x2
 252 0026 01       		.byte	0x1
 253 0027 06       		.byte	0x6
 254 0028 F8030000 		.4byte	.LASF0
 255 002c 02       		.uleb128 0x2
 256 002d 01       		.byte	0x1
 257 002e 08       		.byte	0x8
 258 002f E90D0000 		.4byte	.LASF1
 259 0033 02       		.uleb128 0x2
 260 0034 02       		.byte	0x2
 261 0035 05       		.byte	0x5
 262 0036 F90E0000 		.4byte	.LASF2
 263 003a 02       		.uleb128 0x2
 264 003b 02       		.byte	0x2
 265 003c 07       		.byte	0x7
 266 003d 66120000 		.4byte	.LASF3
 267 0041 02       		.uleb128 0x2
 268 0042 04       		.byte	0x4
 269 0043 05       		.byte	0x5
 270 0044 73020000 		.4byte	.LASF4
 271 0048 02       		.uleb128 0x2
 272 0049 04       		.byte	0x4
ARM GAS  C:\Users\a83571\AppData\Local\Temp\ccmxFU6d.s 			page 7


 273 004a 07       		.byte	0x7
 274 004b CC070000 		.4byte	.LASF5
 275 004f 02       		.uleb128 0x2
 276 0050 08       		.byte	0x8
 277 0051 05       		.byte	0x5
 278 0052 EA030000 		.4byte	.LASF6
 279 0056 02       		.uleb128 0x2
 280 0057 08       		.byte	0x8
 281 0058 07       		.byte	0x7
 282 0059 BF060000 		.4byte	.LASF7
 283 005d 03       		.uleb128 0x3
 284 005e 04       		.byte	0x4
 285 005f 05       		.byte	0x5
 286 0060 696E7400 		.ascii	"int\000"
 287 0064 02       		.uleb128 0x2
 288 0065 04       		.byte	0x4
 289 0066 07       		.byte	0x7
 290 0067 CE100000 		.4byte	.LASF8
 291 006b 04       		.uleb128 0x4
 292 006c 2E050000 		.4byte	.LASF9
 293 0070 02       		.byte	0x2
 294 0071 B901     		.2byte	0x1b9
 295 0073 2C000000 		.4byte	0x2c
 296 0077 04       		.uleb128 0x4
 297 0078 3F000000 		.4byte	.LASF10
 298 007c 02       		.byte	0x2
 299 007d BA01     		.2byte	0x1ba
 300 007f 3A000000 		.4byte	0x3a
 301 0083 02       		.uleb128 0x2
 302 0084 04       		.byte	0x4
 303 0085 04       		.byte	0x4
 304 0086 2A0D0000 		.4byte	.LASF11
 305 008a 02       		.uleb128 0x2
 306 008b 08       		.byte	0x8
 307 008c 04       		.byte	0x4
 308 008d 53050000 		.4byte	.LASF12
 309 0091 02       		.uleb128 0x2
 310 0092 01       		.byte	0x1
 311 0093 08       		.byte	0x8
 312 0094 87100000 		.4byte	.LASF13
 313 0098 02       		.uleb128 0x2
 314 0099 04       		.byte	0x4
 315 009a 07       		.byte	0x7
 316 009b F40A0000 		.4byte	.LASF14
 317 009f 05       		.uleb128 0x5
 318 00a0 01       		.byte	0x1
 319 00a1 03       		.byte	0x3
 320 00a2 3101     		.2byte	0x131
 321 00a4 6E020000 		.4byte	0x26e
 322 00a8 06       		.uleb128 0x6
 323 00a9 D2080000 		.4byte	.LASF15
 324 00ad 00       		.sleb128 0
 325 00ae 06       		.uleb128 0x6
 326 00af 04040000 		.4byte	.LASF16
 327 00b3 01       		.sleb128 1
 328 00b4 06       		.uleb128 0x6
 329 00b5 61020000 		.4byte	.LASF17
ARM GAS  C:\Users\a83571\AppData\Local\Temp\ccmxFU6d.s 			page 8


 330 00b9 02       		.sleb128 2
 331 00ba 06       		.uleb128 0x6
 332 00bb 4D120000 		.4byte	.LASF18
 333 00bf 03       		.sleb128 3
 334 00c0 06       		.uleb128 0x6
 335 00c1 D1020000 		.4byte	.LASF19
 336 00c5 04       		.sleb128 4
 337 00c6 06       		.uleb128 0x6
 338 00c7 23000000 		.4byte	.LASF20
 339 00cb 05       		.sleb128 5
 340 00cc 06       		.uleb128 0x6
 341 00cd 07090000 		.4byte	.LASF21
 342 00d1 06       		.sleb128 6
 343 00d2 06       		.uleb128 0x6
 344 00d3 720A0000 		.4byte	.LASF22
 345 00d7 20       		.sleb128 32
 346 00d8 06       		.uleb128 0x6
 347 00d9 60040000 		.4byte	.LASF23
 348 00dd 21       		.sleb128 33
 349 00de 06       		.uleb128 0x6
 350 00df 44090000 		.4byte	.LASF24
 351 00e3 22       		.sleb128 34
 352 00e4 06       		.uleb128 0x6
 353 00e5 DE090000 		.4byte	.LASF25
 354 00e9 23       		.sleb128 35
 355 00ea 06       		.uleb128 0x6
 356 00eb 0B0C0000 		.4byte	.LASF26
 357 00ef 24       		.sleb128 36
 358 00f0 06       		.uleb128 0x6
 359 00f1 580D0000 		.4byte	.LASF27
 360 00f5 25       		.sleb128 37
 361 00f6 06       		.uleb128 0x6
 362 00f7 E3040000 		.4byte	.LASF28
 363 00fb 26       		.sleb128 38
 364 00fc 06       		.uleb128 0x6
 365 00fd 68090000 		.4byte	.LASF29
 366 0101 27       		.sleb128 39
 367 0102 06       		.uleb128 0x6
 368 0103 AC100000 		.4byte	.LASF30
 369 0107 28       		.sleb128 40
 370 0108 06       		.uleb128 0x6
 371 0109 42030000 		.4byte	.LASF31
 372 010d 29       		.sleb128 41
 373 010e 06       		.uleb128 0x6
 374 010f 2E010000 		.4byte	.LASF32
 375 0113 2A       		.sleb128 42
 376 0114 06       		.uleb128 0x6
 377 0115 AB010000 		.4byte	.LASF33
 378 0119 2B       		.sleb128 43
 379 011a 06       		.uleb128 0x6
 380 011b 57140000 		.4byte	.LASF34
 381 011f 2C       		.sleb128 44
 382 0120 06       		.uleb128 0x6
 383 0121 5F030000 		.4byte	.LASF35
 384 0125 2D       		.sleb128 45
 385 0126 06       		.uleb128 0x6
 386 0127 F70D0000 		.4byte	.LASF36
ARM GAS  C:\Users\a83571\AppData\Local\Temp\ccmxFU6d.s 			page 9


 387 012b 2E       		.sleb128 46
 388 012c 06       		.uleb128 0x6
 389 012d CA010000 		.4byte	.LASF37
 390 0131 2F       		.sleb128 47
 391 0132 06       		.uleb128 0x6
 392 0133 A30B0000 		.4byte	.LASF38
 393 0137 30       		.sleb128 48
 394 0138 06       		.uleb128 0x6
 395 0139 EC140000 		.4byte	.LASF39
 396 013d 31       		.sleb128 49
 397 013e 06       		.uleb128 0x6
 398 013f 820B0000 		.4byte	.LASF40
 399 0143 32       		.sleb128 50
 400 0144 06       		.uleb128 0x6
 401 0145 25100000 		.4byte	.LASF41
 402 0149 33       		.sleb128 51
 403 014a 06       		.uleb128 0x6
 404 014b 120D0000 		.4byte	.LASF42
 405 014f 34       		.sleb128 52
 406 0150 06       		.uleb128 0x6
 407 0151 C40B0000 		.4byte	.LASF43
 408 0155 35       		.sleb128 53
 409 0156 06       		.uleb128 0x6
 410 0157 87090000 		.4byte	.LASF44
 411 015b 36       		.sleb128 54
 412 015c 06       		.uleb128 0x6
 413 015d 79120000 		.4byte	.LASF45
 414 0161 C000     		.sleb128 64
 415 0163 06       		.uleb128 0x6
 416 0164 040A0000 		.4byte	.LASF46
 417 0168 C100     		.sleb128 65
 418 016a 06       		.uleb128 0x6
 419 016b 2C150000 		.4byte	.LASF47
 420 016f C200     		.sleb128 66
 421 0171 06       		.uleb128 0x6
 422 0172 3A130000 		.4byte	.LASF48
 423 0176 C300     		.sleb128 67
 424 0178 06       		.uleb128 0x6
 425 0179 27080000 		.4byte	.LASF49
 426 017d C400     		.sleb128 68
 427 017f 06       		.uleb128 0x6
 428 0180 EB0C0000 		.4byte	.LASF50
 429 0184 C500     		.sleb128 69
 430 0186 06       		.uleb128 0x6
 431 0187 CA0A0000 		.4byte	.LASF51
 432 018b C600     		.sleb128 70
 433 018d 06       		.uleb128 0x6
 434 018e E9080000 		.4byte	.LASF52
 435 0192 C700     		.sleb128 71
 436 0194 06       		.uleb128 0x6
 437 0195 1B140000 		.4byte	.LASF53
 438 0199 C800     		.sleb128 72
 439 019b 06       		.uleb128 0x6
 440 019c 77040000 		.4byte	.LASF54
 441 01a0 C900     		.sleb128 73
 442 01a2 06       		.uleb128 0x6
 443 01a3 9F130000 		.4byte	.LASF55
ARM GAS  C:\Users\a83571\AppData\Local\Temp\ccmxFU6d.s 			page 10


 444 01a7 CA00     		.sleb128 74
 445 01a9 06       		.uleb128 0x6
 446 01aa F3010000 		.4byte	.LASF56
 447 01ae CB00     		.sleb128 75
 448 01b0 06       		.uleb128 0x6
 449 01b1 0D080000 		.4byte	.LASF57
 450 01b5 CC00     		.sleb128 76
 451 01b7 06       		.uleb128 0x6
 452 01b8 680B0000 		.4byte	.LASF58
 453 01bc CD00     		.sleb128 77
 454 01be 06       		.uleb128 0x6
 455 01bf C5040000 		.4byte	.LASF59
 456 01c3 CE00     		.sleb128 78
 457 01c5 06       		.uleb128 0x6
 458 01c6 A70F0000 		.4byte	.LASF60
 459 01ca CF00     		.sleb128 79
 460 01cc 06       		.uleb128 0x6
 461 01cd 12020000 		.4byte	.LASF61
 462 01d1 D000     		.sleb128 80
 463 01d3 06       		.uleb128 0x6
 464 01d4 34050000 		.4byte	.LASF62
 465 01d8 D100     		.sleb128 81
 466 01da 06       		.uleb128 0x6
 467 01db 3A0C0000 		.4byte	.LASF63
 468 01df D200     		.sleb128 82
 469 01e1 06       		.uleb128 0x6
 470 01e2 030F0000 		.4byte	.LASF64
 471 01e6 D300     		.sleb128 83
 472 01e8 06       		.uleb128 0x6
 473 01e9 DA0F0000 		.4byte	.LASF65
 474 01ed D400     		.sleb128 84
 475 01ef 06       		.uleb128 0x6
 476 01f0 45080000 		.4byte	.LASF66
 477 01f4 D500     		.sleb128 85
 478 01f6 06       		.uleb128 0x6
 479 01f7 FB060000 		.4byte	.LASF67
 480 01fb D600     		.sleb128 86
 481 01fd 06       		.uleb128 0x6
 482 01fe 37110000 		.4byte	.LASF68
 483 0202 D700     		.sleb128 87
 484 0204 06       		.uleb128 0x6
 485 0205 69080000 		.4byte	.LASF69
 486 0209 D800     		.sleb128 88
 487 020b 06       		.uleb128 0x6
 488 020c 2A060000 		.4byte	.LASF70
 489 0210 F000     		.sleb128 112
 490 0212 06       		.uleb128 0x6
 491 0213 C6140000 		.4byte	.LASF71
 492 0217 F100     		.sleb128 113
 493 0219 06       		.uleb128 0x6
 494 021a 1F0A0000 		.4byte	.LASF72
 495 021e F200     		.sleb128 114
 496 0220 06       		.uleb128 0x6
 497 0221 720D0000 		.4byte	.LASF73
 498 0225 F300     		.sleb128 115
 499 0227 06       		.uleb128 0x6
 500 0228 A70C0000 		.4byte	.LASF74
ARM GAS  C:\Users\a83571\AppData\Local\Temp\ccmxFU6d.s 			page 11


 501 022c F400     		.sleb128 116
 502 022e 06       		.uleb128 0x6
 503 022f 5A050000 		.4byte	.LASF75
 504 0233 F500     		.sleb128 117
 505 0235 06       		.uleb128 0x6
 506 0236 57010000 		.4byte	.LASF76
 507 023a F600     		.sleb128 118
 508 023c 06       		.uleb128 0x6
 509 023d 6A000000 		.4byte	.LASF77
 510 0241 F700     		.sleb128 119
 511 0243 06       		.uleb128 0x6
 512 0244 00000000 		.4byte	.LASF78
 513 0248 F800     		.sleb128 120
 514 024a 06       		.uleb128 0x6
 515 024b 6A110000 		.4byte	.LASF79
 516 024f F900     		.sleb128 121
 517 0251 06       		.uleb128 0x6
 518 0252 72060000 		.4byte	.LASF80
 519 0256 FA00     		.sleb128 122
 520 0258 06       		.uleb128 0x6
 521 0259 A8140000 		.4byte	.LASF81
 522 025d FA01     		.sleb128 250
 523 025f 06       		.uleb128 0x6
 524 0260 3B070000 		.4byte	.LASF82
 525 0264 FB01     		.sleb128 251
 526 0266 06       		.uleb128 0x6
 527 0267 410B0000 		.4byte	.LASF83
 528 026b FF01     		.sleb128 255
 529 026d 00       		.byte	0
 530 026e 05       		.uleb128 0x5
 531 026f 02       		.byte	0x2
 532 0270 03       		.byte	0x3
 533 0271 D203     		.2byte	0x3d2
 534 0273 3E030000 		.4byte	0x33e
 535 0277 06       		.uleb128 0x6
 536 0278 07060000 		.4byte	.LASF84
 537 027c 00       		.sleb128 0
 538 027d 06       		.uleb128 0x6
 539 027e 7B050000 		.4byte	.LASF85
 540 0282 01       		.sleb128 1
 541 0283 06       		.uleb128 0x6
 542 0284 9F120000 		.4byte	.LASF86
 543 0288 02       		.sleb128 2
 544 0289 06       		.uleb128 0x6
 545 028a C6000000 		.4byte	.LASF87
 546 028e 03       		.sleb128 3
 547 028f 06       		.uleb128 0x6
 548 0290 64130000 		.4byte	.LASF88
 549 0294 04       		.sleb128 4
 550 0295 06       		.uleb128 0x6
 551 0296 1D070000 		.4byte	.LASF89
 552 029a 05       		.sleb128 5
 553 029b 06       		.uleb128 0x6
 554 029c 640F0000 		.4byte	.LASF90
 555 02a0 06       		.sleb128 6
 556 02a1 06       		.uleb128 0x6
 557 02a2 39040000 		.4byte	.LASF91
ARM GAS  C:\Users\a83571\AppData\Local\Temp\ccmxFU6d.s 			page 12


 558 02a6 07       		.sleb128 7
 559 02a7 06       		.uleb128 0x6
 560 02a8 72150000 		.4byte	.LASF92
 561 02ac 08       		.sleb128 8
 562 02ad 06       		.uleb128 0x6
 563 02ae 42140000 		.4byte	.LASF93
 564 02b2 09       		.sleb128 9
 565 02b3 06       		.uleb128 0x6
 566 02b4 900D0000 		.4byte	.LASF94
 567 02b8 0A       		.sleb128 10
 568 02b9 06       		.uleb128 0x6
 569 02ba 8C100000 		.4byte	.LASF95
 570 02be 0B       		.sleb128 11
 571 02bf 06       		.uleb128 0x6
 572 02c0 2B030000 		.4byte	.LASF96
 573 02c4 0C       		.sleb128 12
 574 02c5 06       		.uleb128 0x6
 575 02c6 99020000 		.4byte	.LASF97
 576 02ca 0D       		.sleb128 13
 577 02cb 06       		.uleb128 0x6
 578 02cc A3070000 		.4byte	.LASF98
 579 02d0 0E       		.sleb128 14
 580 02d1 06       		.uleb128 0x6
 581 02d2 3F0F0000 		.4byte	.LASF99
 582 02d6 0F       		.sleb128 15
 583 02d7 06       		.uleb128 0x6
 584 02d8 F2110000 		.4byte	.LASF100
 585 02dc 10       		.sleb128 16
 586 02dd 06       		.uleb128 0x6
 587 02de 8C080000 		.4byte	.LASF101
 588 02e2 11       		.sleb128 17
 589 02e3 06       		.uleb128 0x6
 590 02e4 0B050000 		.4byte	.LASF102
 591 02e8 12       		.sleb128 18
 592 02e9 06       		.uleb128 0x6
 593 02ea 4A150000 		.4byte	.LASF103
 594 02ee 13       		.sleb128 19
 595 02ef 06       		.uleb128 0x6
 596 02f0 17040000 		.4byte	.LASF104
 597 02f4 27       		.sleb128 39
 598 02f5 06       		.uleb128 0x6
 599 02f6 CD110000 		.4byte	.LASF105
 600 02fa 28       		.sleb128 40
 601 02fb 06       		.uleb128 0x6
 602 02fc D9130000 		.4byte	.LASF106
 603 0300 29       		.sleb128 41
 604 0301 06       		.uleb128 0x6
 605 0302 7C020000 		.4byte	.LASF107
 606 0306 2A       		.sleb128 42
 607 0307 06       		.uleb128 0x6
 608 0308 78010000 		.4byte	.LASF108
 609 030c 2B       		.sleb128 43
 610 030d 06       		.uleb128 0x6
 611 030e B20A0000 		.4byte	.LASF109
 612 0312 2C       		.sleb128 44
 613 0313 06       		.uleb128 0x6
 614 0314 BD130000 		.4byte	.LASF110
ARM GAS  C:\Users\a83571\AppData\Local\Temp\ccmxFU6d.s 			page 13


 615 0318 FE01     		.sleb128 254
 616 031a 06       		.uleb128 0x6
 617 031b A20A0000 		.4byte	.LASF111
 618 031f FF01     		.sleb128 255
 619 0321 06       		.uleb128 0x6
 620 0322 48020000 		.4byte	.LASF112
 621 0326 8002     		.sleb128 256
 622 0328 06       		.uleb128 0x6
 623 0329 5B0C0000 		.4byte	.LASF113
 624 032d 8102     		.sleb128 257
 625 032f 06       		.uleb128 0x6
 626 0330 AA0D0000 		.4byte	.LASF114
 627 0334 8202     		.sleb128 258
 628 0336 06       		.uleb128 0x6
 629 0337 AB040000 		.4byte	.LASF115
 630 033b 8302     		.sleb128 259
 631 033d 00       		.byte	0
 632 033e 04       		.uleb128 0x4
 633 033f 270C0000 		.4byte	.LASF116
 634 0343 03       		.byte	0x3
 635 0344 3E04     		.2byte	0x43e
 636 0346 6E020000 		.4byte	0x26e
 637 034a 07       		.uleb128 0x7
 638 034b 04       		.byte	0x4
 639 034c 6B000000 		.4byte	0x6b
 640 0350 08       		.uleb128 0x8
 641 0351 01       		.byte	0x1
 642 0352 04       		.byte	0x4
 643 0353 A3       		.byte	0xa3
 644 0354 51040000 		.4byte	0x451
 645 0358 06       		.uleb128 0x6
 646 0359 16060000 		.4byte	.LASF117
 647 035d 00       		.sleb128 0
 648 035e 06       		.uleb128 0x6
 649 035f 10010000 		.4byte	.LASF118
 650 0363 01       		.sleb128 1
 651 0364 06       		.uleb128 0x6
 652 0365 50060000 		.4byte	.LASF119
 653 0369 02       		.sleb128 2
 654 036a 06       		.uleb128 0x6
 655 036b D7050000 		.4byte	.LASF120
 656 036f 03       		.sleb128 3
 657 0370 06       		.uleb128 0x6
 658 0371 90040000 		.4byte	.LASF121
 659 0375 04       		.sleb128 4
 660 0376 06       		.uleb128 0x6
 661 0377 AD030000 		.4byte	.LASF122
 662 037b 05       		.sleb128 5
 663 037c 06       		.uleb128 0x6
 664 037d EB000000 		.4byte	.LASF123
 665 0381 06       		.sleb128 6
 666 0382 06       		.uleb128 0x6
 667 0383 96060000 		.4byte	.LASF124
 668 0387 07       		.sleb128 7
 669 0388 06       		.uleb128 0x6
 670 0389 E10B0000 		.4byte	.LASF125
 671 038d 08       		.sleb128 8
ARM GAS  C:\Users\a83571\AppData\Local\Temp\ccmxFU6d.s 			page 14


 672 038e 06       		.uleb128 0x6
 673 038f 300D0000 		.4byte	.LASF126
 674 0393 09       		.sleb128 9
 675 0394 06       		.uleb128 0x6
 676 0395 EA070000 		.4byte	.LASF127
 677 0399 0A       		.sleb128 10
 678 039a 06       		.uleb128 0x6
 679 039b B0080000 		.4byte	.LASF128
 680 039f 0B       		.sleb128 11
 681 03a0 06       		.uleb128 0x6
 682 03a1 9D000000 		.4byte	.LASF129
 683 03a5 0C       		.sleb128 12
 684 03a6 06       		.uleb128 0x6
 685 03a7 1B0E0000 		.4byte	.LASF130
 686 03ab 0D       		.sleb128 13
 687 03ac 06       		.uleb128 0x6
 688 03ad 8D110000 		.4byte	.LASF131
 689 03b1 0E       		.sleb128 14
 690 03b2 06       		.uleb128 0x6
 691 03b3 EB120000 		.4byte	.LASF132
 692 03b7 0F       		.sleb128 15
 693 03b8 06       		.uleb128 0x6
 694 03b9 B1050000 		.4byte	.LASF133
 695 03bd 10       		.sleb128 16
 696 03be 06       		.uleb128 0x6
 697 03bf FD0A0000 		.4byte	.LASF134
 698 03c3 11       		.sleb128 17
 699 03c4 06       		.uleb128 0x6
 700 03c5 4C100000 		.4byte	.LASF135
 701 03c9 8001     		.sleb128 128
 702 03cb 06       		.uleb128 0x6
 703 03cc BD120000 		.4byte	.LASF136
 704 03d0 8001     		.sleb128 128
 705 03d2 06       		.uleb128 0x6
 706 03d3 3B0A0000 		.4byte	.LASF137
 707 03d7 8001     		.sleb128 128
 708 03d9 06       		.uleb128 0x6
 709 03da BE090000 		.4byte	.LASF138
 710 03de 8001     		.sleb128 128
 711 03e0 06       		.uleb128 0x6
 712 03e1 75070000 		.4byte	.LASF139
 713 03e5 8001     		.sleb128 128
 714 03e7 06       		.uleb128 0x6
 715 03e8 88030000 		.4byte	.LASF140
 716 03ec 8001     		.sleb128 128
 717 03ee 06       		.uleb128 0x6
 718 03ef 240F0000 		.4byte	.LASF141
 719 03f3 8001     		.sleb128 128
 720 03f5 06       		.uleb128 0x6
 721 03f6 400E0000 		.4byte	.LASF142
 722 03fa 8101     		.sleb128 129
 723 03fc 06       		.uleb128 0x6
 724 03fd E6020000 		.4byte	.LASF143
 725 0401 8101     		.sleb128 129
 726 0403 06       		.uleb128 0x6
 727 0404 5A070000 		.4byte	.LASF144
 728 0408 8101     		.sleb128 129
ARM GAS  C:\Users\a83571\AppData\Local\Temp\ccmxFU6d.s 			page 15


 729 040a 06       		.uleb128 0x6
 730 040b 46000000 		.4byte	.LASF145
 731 040f 8101     		.sleb128 129
 732 0411 06       		.uleb128 0x6
 733 0412 F5130000 		.4byte	.LASF146
 734 0416 8201     		.sleb128 130
 735 0418 06       		.uleb128 0x6
 736 0419 7E0F0000 		.4byte	.LASF147
 737 041d A001     		.sleb128 160
 738 041f 06       		.uleb128 0x6
 739 0420 20090000 		.4byte	.LASF148
 740 0424 A001     		.sleb128 160
 741 0426 06       		.uleb128 0x6
 742 0427 07030000 		.4byte	.LASF149
 743 042b A101     		.sleb128 161
 744 042d 06       		.uleb128 0x6
 745 042e C50C0000 		.4byte	.LASF150
 746 0432 A201     		.sleb128 162
 747 0434 06       		.uleb128 0x6
 748 0435 AB110000 		.4byte	.LASF151
 749 0439 A301     		.sleb128 163
 750 043b 06       		.uleb128 0x6
 751 043c FB0F0000 		.4byte	.LASF152
 752 0440 FD01     		.sleb128 253
 753 0442 06       		.uleb128 0x6
 754 0443 20120000 		.4byte	.LASF153
 755 0447 FE01     		.sleb128 254
 756 0449 06       		.uleb128 0x6
 757 044a CD0D0000 		.4byte	.LASF154
 758 044e FF01     		.sleb128 255
 759 0450 00       		.byte	0
 760 0451 04       		.uleb128 0x4
 761 0452 A8090000 		.4byte	.LASF155
 762 0456 04       		.byte	0x4
 763 0457 5A01     		.2byte	0x15a
 764 0459 50030000 		.4byte	0x350
 765 045d 04       		.uleb128 0x4
 766 045e 10150000 		.4byte	.LASF156
 767 0462 04       		.byte	0x4
 768 0463 8401     		.2byte	0x184
 769 0465 77000000 		.4byte	0x77
 770 0469 09       		.uleb128 0x9
 771 046a 02       		.byte	0x2
 772 046b 04       		.byte	0x4
 773 046c 8E01     		.2byte	0x18e
 774 046e 8D040000 		.4byte	0x48d
 775 0472 0A       		.uleb128 0xa
 776 0473 9F140000 		.4byte	.LASF157
 777 0477 04       		.byte	0x4
 778 0478 9501     		.2byte	0x195
 779 047a 6B000000 		.4byte	0x6b
 780 047e 00       		.byte	0
 781 047f 0A       		.uleb128 0xa
 782 0480 960A0000 		.4byte	.LASF158
 783 0484 04       		.byte	0x4
 784 0485 9B01     		.2byte	0x19b
 785 0487 6B000000 		.4byte	0x6b
ARM GAS  C:\Users\a83571\AppData\Local\Temp\ccmxFU6d.s 			page 16


 786 048b 01       		.byte	0x1
 787 048c 00       		.byte	0
 788 048d 04       		.uleb128 0x4
 789 048e 89000000 		.4byte	.LASF159
 790 0492 04       		.byte	0x4
 791 0493 9D01     		.2byte	0x19d
 792 0495 69040000 		.4byte	0x469
 793 0499 09       		.uleb128 0x9
 794 049a 08       		.byte	0x8
 795 049b 04       		.byte	0x4
 796 049c B901     		.2byte	0x1b9
 797 049e CA040000 		.4byte	0x4ca
 798 04a2 0B       		.uleb128 0xb
 799 04a3 76616C00 		.ascii	"val\000"
 800 04a7 04       		.byte	0x4
 801 04a8 BC01     		.2byte	0x1bc
 802 04aa 4A030000 		.4byte	0x34a
 803 04ae 00       		.byte	0
 804 04af 0B       		.uleb128 0xb
 805 04b0 6C656E00 		.ascii	"len\000"
 806 04b4 04       		.byte	0x4
 807 04b5 BF01     		.2byte	0x1bf
 808 04b7 77000000 		.4byte	0x77
 809 04bb 04       		.byte	0x4
 810 04bc 0A       		.uleb128 0xa
 811 04bd 56040000 		.4byte	.LASF160
 812 04c1 04       		.byte	0x4
 813 04c2 C601     		.2byte	0x1c6
 814 04c4 77000000 		.4byte	0x77
 815 04c8 06       		.byte	0x6
 816 04c9 00       		.byte	0
 817 04ca 04       		.uleb128 0x4
 818 04cb BE020000 		.4byte	.LASF161
 819 04cf 04       		.byte	0x4
 820 04d0 C801     		.2byte	0x1c8
 821 04d2 99040000 		.4byte	0x499
 822 04d6 09       		.uleb128 0x9
 823 04d7 0C       		.byte	0xc
 824 04d8 04       		.byte	0x4
 825 04d9 CB01     		.2byte	0x1cb
 826 04db FA040000 		.4byte	0x4fa
 827 04df 0A       		.uleb128 0xa
 828 04e0 D6060000 		.4byte	.LASF162
 829 04e4 04       		.byte	0x4
 830 04e5 CE01     		.2byte	0x1ce
 831 04e7 CA040000 		.4byte	0x4ca
 832 04eb 00       		.byte	0
 833 04ec 0A       		.uleb128 0xa
 834 04ed B4060000 		.4byte	.LASF163
 835 04f1 04       		.byte	0x4
 836 04f2 D101     		.2byte	0x1d1
 837 04f4 5D040000 		.4byte	0x45d
 838 04f8 08       		.byte	0x8
 839 04f9 00       		.byte	0
 840 04fa 04       		.uleb128 0x4
 841 04fb 740C0000 		.4byte	.LASF164
 842 04ff 04       		.byte	0x4
ARM GAS  C:\Users\a83571\AppData\Local\Temp\ccmxFU6d.s 			page 17


 843 0500 D301     		.2byte	0x1d3
 844 0502 D6040000 		.4byte	0x4d6
 845 0506 0C       		.uleb128 0xc
 846 0507 220B0000 		.4byte	.LASF165
 847 050b 05       		.byte	0x5
 848 050c 31       		.byte	0x31
 849 050d FA040000 		.4byte	0x4fa
 850 0511 0D       		.uleb128 0xd
 851 0512 58130000 		.4byte	.LASF186
 852 0516 04       		.byte	0x4
 853 0517 06       		.byte	0x6
 854 0518 11       		.byte	0x11
 855 0519 4E050000 		.4byte	0x54e
 856 051d 0E       		.uleb128 0xe
 857 051e 72656400 		.ascii	"red\000"
 858 0522 06       		.byte	0x6
 859 0523 12       		.byte	0x12
 860 0524 6B000000 		.4byte	0x6b
 861 0528 00       		.byte	0
 862 0529 0F       		.uleb128 0xf
 863 052a 87130000 		.4byte	.LASF166
 864 052e 06       		.byte	0x6
 865 052f 13       		.byte	0x13
 866 0530 6B000000 		.4byte	0x6b
 867 0534 01       		.byte	0x1
 868 0535 0F       		.uleb128 0xf
 869 0536 82100000 		.4byte	.LASF167
 870 053a 06       		.byte	0x6
 871 053b 14       		.byte	0x14
 872 053c 6B000000 		.4byte	0x6b
 873 0540 02       		.byte	0x2
 874 0541 0F       		.uleb128 0xf
 875 0542 60110000 		.4byte	.LASF168
 876 0546 06       		.byte	0x6
 877 0547 15       		.byte	0x15
 878 0548 6B000000 		.4byte	0x6b
 879 054c 03       		.byte	0x3
 880 054d 00       		.byte	0
 881 054e 0C       		.uleb128 0xc
 882 054f EB0A0000 		.4byte	.LASF169
 883 0553 06       		.byte	0x6
 884 0554 16       		.byte	0x16
 885 0555 11050000 		.4byte	0x511
 886 0559 10       		.uleb128 0x10
 887 055a D10F0000 		.4byte	.LASF187
 888 055e 01       		.byte	0x1
 889 055f 11       		.byte	0x11
 890 0560 00000000 		.4byte	.LFB37
 891 0564 30000000 		.4byte	.LFE37-.LFB37
 892 0568 01       		.uleb128 0x1
 893 0569 9C       		.byte	0x9c
 894 056a DE050000 		.4byte	0x5de
 895 056e 11       		.uleb128 0x11
 896 056f 06000000 		.4byte	.LVL0
 897 0573 BB060000 		.4byte	0x6bb
 898 0577 11       		.uleb128 0x11
 899 0578 0A000000 		.4byte	.LVL1
ARM GAS  C:\Users\a83571\AppData\Local\Temp\ccmxFU6d.s 			page 18


 900 057c C2060000 		.4byte	0x6c2
 901 0580 12       		.uleb128 0x12
 902 0581 12000000 		.4byte	.LVL2
 903 0585 C9060000 		.4byte	0x6c9
 904 0589 94050000 		.4byte	0x594
 905 058d 13       		.uleb128 0x13
 906 058e 01       		.uleb128 0x1
 907 058f 50       		.byte	0x50
 908 0590 02       		.uleb128 0x2
 909 0591 74       		.byte	0x74
 910 0592 00       		.sleb128 0
 911 0593 00       		.byte	0
 912 0594 12       		.uleb128 0x12
 913 0595 18000000 		.4byte	.LVL3
 914 0599 DA060000 		.4byte	0x6da
 915 059d A8050000 		.4byte	0x5a8
 916 05a1 13       		.uleb128 0x13
 917 05a2 01       		.uleb128 0x1
 918 05a3 50       		.byte	0x50
 919 05a4 02       		.uleb128 0x2
 920 05a5 74       		.byte	0x74
 921 05a6 00       		.sleb128 0
 922 05a7 00       		.byte	0
 923 05a8 12       		.uleb128 0x12
 924 05a9 1E000000 		.4byte	.LVL4
 925 05ad EB060000 		.4byte	0x6eb
 926 05b1 BB050000 		.4byte	0x5bb
 927 05b5 13       		.uleb128 0x13
 928 05b6 01       		.uleb128 0x1
 929 05b7 50       		.byte	0x50
 930 05b8 01       		.uleb128 0x1
 931 05b9 30       		.byte	0x30
 932 05ba 00       		.byte	0
 933 05bb 12       		.uleb128 0x12
 934 05bc 24000000 		.4byte	.LVL5
 935 05c0 FC060000 		.4byte	0x6fc
 936 05c4 CE050000 		.4byte	0x5ce
 937 05c8 13       		.uleb128 0x13
 938 05c9 01       		.uleb128 0x1
 939 05ca 50       		.byte	0x50
 940 05cb 01       		.uleb128 0x1
 941 05cc 30       		.byte	0x30
 942 05cd 00       		.byte	0
 943 05ce 14       		.uleb128 0x14
 944 05cf 2A000000 		.4byte	.LVL6
 945 05d3 0D070000 		.4byte	0x70d
 946 05d7 13       		.uleb128 0x13
 947 05d8 01       		.uleb128 0x1
 948 05d9 50       		.byte	0x50
 949 05da 01       		.uleb128 0x1
 950 05db 30       		.byte	0x30
 951 05dc 00       		.byte	0
 952 05dd 00       		.byte	0
 953 05de 15       		.uleb128 0x15
 954 05df 31020000 		.4byte	.LASF170
 955 05e3 01       		.byte	0x1
 956 05e4 2D       		.byte	0x2d
ARM GAS  C:\Users\a83571\AppData\Local\Temp\ccmxFU6d.s 			page 19


 957 05e5 00000000 		.4byte	.LFB39
 958 05e9 0C000000 		.4byte	.LFE39-.LFB39
 959 05ed 01       		.uleb128 0x1
 960 05ee 9C       		.byte	0x9c
 961 05ef 15       		.uleb128 0x15
 962 05f0 99050000 		.4byte	.LASF171
 963 05f4 01       		.byte	0x1
 964 05f5 32       		.byte	0x32
 965 05f6 00000000 		.4byte	.LFB40
 966 05fa 0C000000 		.4byte	.LFE40-.LFB40
 967 05fe 01       		.uleb128 0x1
 968 05ff 9C       		.byte	0x9c
 969 0600 16       		.uleb128 0x16
 970 0601 12130000 		.4byte	.LASF188
 971 0605 01       		.byte	0x1
 972 0606 37       		.byte	0x37
 973 0607 6B000000 		.4byte	0x6b
 974 060b 00000000 		.4byte	.LFB41
 975 060f 0C000000 		.4byte	.LFE41-.LFB41
 976 0613 01       		.uleb128 0x1
 977 0614 9C       		.byte	0x9c
 978 0615 17       		.uleb128 0x17
 979 0616 C60F0000 		.4byte	.LASF189
 980 061a 01       		.byte	0x1
 981 061b 1C       		.byte	0x1c
 982 061c 00000000 		.4byte	.LFB38
 983 0620 60000000 		.4byte	.LFE38-.LFB38
 984 0624 01       		.uleb128 0x1
 985 0625 9C       		.byte	0x9c
 986 0626 9E060000 		.4byte	0x69e
 987 062a 18       		.uleb128 0x18
 988 062b 4F0B0000 		.4byte	.LASF190
 989 062f 01       		.byte	0x1
 990 0630 1C       		.byte	0x1c
 991 0631 4E050000 		.4byte	0x54e
 992 0635 02       		.uleb128 0x2
 993 0636 91       		.byte	0x91
 994 0637 64       		.sleb128 -28
 995 0638 19       		.uleb128 0x19
 996 0639 7B140000 		.4byte	.LASF172
 997 063d 01       		.byte	0x1
 998 063e 1E       		.byte	0x1e
 999 063f FA040000 		.4byte	0x4fa
 1000 0643 02       		.uleb128 0x2
 1001 0644 91       		.byte	0x91
 1002 0645 6C       		.sleb128 -20
 1003 0646 12       		.uleb128 0x12
 1004 0647 1E000000 		.4byte	.LVL7
 1005 064b 1E070000 		.4byte	0x71e
 1006 064f 65060000 		.4byte	0x665
 1007 0653 13       		.uleb128 0x13
 1008 0654 01       		.uleb128 0x1
 1009 0655 53       		.byte	0x53
 1010 0656 02       		.uleb128 0x2
 1011 0657 08       		.byte	0x8
 1012 0658 40       		.byte	0x40
 1013 0659 13       		.uleb128 0x13
ARM GAS  C:\Users\a83571\AppData\Local\Temp\ccmxFU6d.s 			page 20


 1014 065a 01       		.uleb128 0x1
 1015 065b 51       		.byte	0x51
 1016 065c 01       		.uleb128 0x1
 1017 065d 30       		.byte	0x30
 1018 065e 13       		.uleb128 0x13
 1019 065f 01       		.uleb128 0x1
 1020 0660 50       		.byte	0x50
 1021 0661 02       		.uleb128 0x2
 1022 0662 91       		.byte	0x91
 1023 0663 6C       		.sleb128 -20
 1024 0664 00       		.byte	0
 1025 0665 11       		.uleb128 0x11
 1026 0666 22000000 		.4byte	.LVL8
 1027 066a 00060000 		.4byte	0x600
 1028 066e 12       		.uleb128 0x12
 1029 066f 38000000 		.4byte	.LVL9
 1030 0673 4F070000 		.4byte	0x74f
 1031 0677 82060000 		.4byte	0x682
 1032 067b 13       		.uleb128 0x13
 1033 067c 01       		.uleb128 0x1
 1034 067d 51       		.byte	0x51
 1035 067e 02       		.uleb128 0x2
 1036 067f 91       		.byte	0x91
 1037 0680 6C       		.sleb128 -20
 1038 0681 00       		.byte	0
 1039 0682 11       		.uleb128 0x11
 1040 0683 44000000 		.4byte	.LVL10
 1041 0687 EB060000 		.4byte	0x6eb
 1042 068b 11       		.uleb128 0x11
 1043 068c 4E000000 		.4byte	.LVL11
 1044 0690 FC060000 		.4byte	0x6fc
 1045 0694 11       		.uleb128 0x11
 1046 0695 58000000 		.4byte	.LVL12
 1047 0699 0D070000 		.4byte	0x70d
 1048 069d 00       		.byte	0
 1049 069e 19       		.uleb128 0x19
 1050 069f FA050000 		.4byte	.LASF173
 1051 06a3 01       		.byte	0x1
 1052 06a4 0F       		.byte	0xf
 1053 06a5 6B000000 		.4byte	0x6b
 1054 06a9 05       		.uleb128 0x5
 1055 06aa 03       		.byte	0x3
 1056 06ab 00000000 		.4byte	notifyEnable
 1057 06af 1A       		.uleb128 0x1a
 1058 06b0 570B0000 		.4byte	.LASF191
 1059 06b4 0A       		.byte	0xa
 1060 06b5 2B0A     		.2byte	0xa2b
 1061 06b7 8D040000 		.4byte	0x48d
 1062 06bb 1B       		.uleb128 0x1b
 1063 06bc 93120000 		.4byte	.LASF174
 1064 06c0 07       		.byte	0x7
 1065 06c1 92       		.byte	0x92
 1066 06c2 1B       		.uleb128 0x1b
 1067 06c3 DE070000 		.4byte	.LASF175
 1068 06c7 08       		.byte	0x8
 1069 06c8 92       		.byte	0x92
 1070 06c9 1C       		.uleb128 0x1c
ARM GAS  C:\Users\a83571\AppData\Local\Temp\ccmxFU6d.s 			page 21


 1071 06ca 8D130000 		.4byte	.LASF176
 1072 06ce 07       		.byte	0x7
 1073 06cf BE       		.byte	0xbe
 1074 06d0 DA060000 		.4byte	0x6da
 1075 06d4 1D       		.uleb128 0x1d
 1076 06d5 77000000 		.4byte	0x77
 1077 06d9 00       		.byte	0
 1078 06da 1C       		.uleb128 0x1c
 1079 06db D8030000 		.4byte	.LASF177
 1080 06df 08       		.byte	0x8
 1081 06e0 BE       		.byte	0xbe
 1082 06e1 EB060000 		.4byte	0x6eb
 1083 06e5 1D       		.uleb128 0x1d
 1084 06e6 77000000 		.4byte	0x77
 1085 06ea 00       		.byte	0
 1086 06eb 1C       		.uleb128 0x1c
 1087 06ec 26130000 		.4byte	.LASF178
 1088 06f0 07       		.byte	0x7
 1089 06f1 C7       		.byte	0xc7
 1090 06f2 FC060000 		.4byte	0x6fc
 1091 06f6 1D       		.uleb128 0x1d
 1092 06f7 77000000 		.4byte	0x77
 1093 06fb 00       		.byte	0
 1094 06fc 1C       		.uleb128 0x1c
 1095 06fd 23110000 		.4byte	.LASF179
 1096 0701 07       		.byte	0x7
 1097 0702 CA       		.byte	0xca
 1098 0703 0D070000 		.4byte	0x70d
 1099 0707 1D       		.uleb128 0x1d
 1100 0708 77000000 		.4byte	0x77
 1101 070c 00       		.byte	0
 1102 070d 1C       		.uleb128 0x1c
 1103 070e 930C0000 		.4byte	.LASF180
 1104 0712 08       		.byte	0x8
 1105 0713 C7       		.byte	0xc7
 1106 0714 1E070000 		.4byte	0x71e
 1107 0718 1D       		.uleb128 0x1d
 1108 0719 77000000 		.4byte	0x77
 1109 071d 00       		.byte	0
 1110 071e 1E       		.uleb128 0x1e
 1111 071f DC060000 		.4byte	.LASF181
 1112 0723 09       		.byte	0x9
 1113 0724 7C01     		.2byte	0x17c
 1114 0726 51040000 		.4byte	0x451
 1115 072a 43070000 		.4byte	0x743
 1116 072e 1D       		.uleb128 0x1d
 1117 072f 43070000 		.4byte	0x743
 1118 0733 1D       		.uleb128 0x1d
 1119 0734 77000000 		.4byte	0x77
 1120 0738 1D       		.uleb128 0x1d
 1121 0739 49070000 		.4byte	0x749
 1122 073d 1D       		.uleb128 0x1d
 1123 073e 6B000000 		.4byte	0x6b
 1124 0742 00       		.byte	0
 1125 0743 07       		.uleb128 0x7
 1126 0744 04       		.byte	0x4
 1127 0745 FA040000 		.4byte	0x4fa
ARM GAS  C:\Users\a83571\AppData\Local\Temp\ccmxFU6d.s 			page 22


 1128 0749 07       		.uleb128 0x7
 1129 074a 04       		.byte	0x4
 1130 074b 8D040000 		.4byte	0x48d
 1131 074f 1F       		.uleb128 0x1f
 1132 0750 87140000 		.4byte	.LASF182
 1133 0754 05       		.byte	0x5
 1134 0755 EF       		.byte	0xef
 1135 0756 3E030000 		.4byte	0x33e
 1136 075a 69070000 		.4byte	0x769
 1137 075e 1D       		.uleb128 0x1d
 1138 075f 8D040000 		.4byte	0x48d
 1139 0763 1D       		.uleb128 0x1d
 1140 0764 69070000 		.4byte	0x769
 1141 0768 00       		.byte	0
 1142 0769 07       		.uleb128 0x7
 1143 076a 04       		.byte	0x4
 1144 076b 06050000 		.4byte	0x506
 1145 076f 00       		.byte	0
 1146              		.section	.debug_abbrev,"",%progbits
 1147              	.Ldebug_abbrev0:
 1148 0000 01       		.uleb128 0x1
 1149 0001 11       		.uleb128 0x11
 1150 0002 01       		.byte	0x1
 1151 0003 25       		.uleb128 0x25
 1152 0004 0E       		.uleb128 0xe
 1153 0005 13       		.uleb128 0x13
 1154 0006 0B       		.uleb128 0xb
 1155 0007 03       		.uleb128 0x3
 1156 0008 0E       		.uleb128 0xe
 1157 0009 1B       		.uleb128 0x1b
 1158 000a 0E       		.uleb128 0xe
 1159 000b 55       		.uleb128 0x55
 1160 000c 17       		.uleb128 0x17
 1161 000d 11       		.uleb128 0x11
 1162 000e 01       		.uleb128 0x1
 1163 000f 10       		.uleb128 0x10
 1164 0010 17       		.uleb128 0x17
 1165 0011 00       		.byte	0
 1166 0012 00       		.byte	0
 1167 0013 02       		.uleb128 0x2
 1168 0014 24       		.uleb128 0x24
 1169 0015 00       		.byte	0
 1170 0016 0B       		.uleb128 0xb
 1171 0017 0B       		.uleb128 0xb
 1172 0018 3E       		.uleb128 0x3e
 1173 0019 0B       		.uleb128 0xb
 1174 001a 03       		.uleb128 0x3
 1175 001b 0E       		.uleb128 0xe
 1176 001c 00       		.byte	0
 1177 001d 00       		.byte	0
 1178 001e 03       		.uleb128 0x3
 1179 001f 24       		.uleb128 0x24
 1180 0020 00       		.byte	0
 1181 0021 0B       		.uleb128 0xb
 1182 0022 0B       		.uleb128 0xb
 1183 0023 3E       		.uleb128 0x3e
 1184 0024 0B       		.uleb128 0xb
ARM GAS  C:\Users\a83571\AppData\Local\Temp\ccmxFU6d.s 			page 23


 1185 0025 03       		.uleb128 0x3
 1186 0026 08       		.uleb128 0x8
 1187 0027 00       		.byte	0
 1188 0028 00       		.byte	0
 1189 0029 04       		.uleb128 0x4
 1190 002a 16       		.uleb128 0x16
 1191 002b 00       		.byte	0
 1192 002c 03       		.uleb128 0x3
 1193 002d 0E       		.uleb128 0xe
 1194 002e 3A       		.uleb128 0x3a
 1195 002f 0B       		.uleb128 0xb
 1196 0030 3B       		.uleb128 0x3b
 1197 0031 05       		.uleb128 0x5
 1198 0032 49       		.uleb128 0x49
 1199 0033 13       		.uleb128 0x13
 1200 0034 00       		.byte	0
 1201 0035 00       		.byte	0
 1202 0036 05       		.uleb128 0x5
 1203 0037 04       		.uleb128 0x4
 1204 0038 01       		.byte	0x1
 1205 0039 0B       		.uleb128 0xb
 1206 003a 0B       		.uleb128 0xb
 1207 003b 3A       		.uleb128 0x3a
 1208 003c 0B       		.uleb128 0xb
 1209 003d 3B       		.uleb128 0x3b
 1210 003e 05       		.uleb128 0x5
 1211 003f 01       		.uleb128 0x1
 1212 0040 13       		.uleb128 0x13
 1213 0041 00       		.byte	0
 1214 0042 00       		.byte	0
 1215 0043 06       		.uleb128 0x6
 1216 0044 28       		.uleb128 0x28
 1217 0045 00       		.byte	0
 1218 0046 03       		.uleb128 0x3
 1219 0047 0E       		.uleb128 0xe
 1220 0048 1C       		.uleb128 0x1c
 1221 0049 0D       		.uleb128 0xd
 1222 004a 00       		.byte	0
 1223 004b 00       		.byte	0
 1224 004c 07       		.uleb128 0x7
 1225 004d 0F       		.uleb128 0xf
 1226 004e 00       		.byte	0
 1227 004f 0B       		.uleb128 0xb
 1228 0050 0B       		.uleb128 0xb
 1229 0051 49       		.uleb128 0x49
 1230 0052 13       		.uleb128 0x13
 1231 0053 00       		.byte	0
 1232 0054 00       		.byte	0
 1233 0055 08       		.uleb128 0x8
 1234 0056 04       		.uleb128 0x4
 1235 0057 01       		.byte	0x1
 1236 0058 0B       		.uleb128 0xb
 1237 0059 0B       		.uleb128 0xb
 1238 005a 3A       		.uleb128 0x3a
 1239 005b 0B       		.uleb128 0xb
 1240 005c 3B       		.uleb128 0x3b
 1241 005d 0B       		.uleb128 0xb
ARM GAS  C:\Users\a83571\AppData\Local\Temp\ccmxFU6d.s 			page 24


 1242 005e 01       		.uleb128 0x1
 1243 005f 13       		.uleb128 0x13
 1244 0060 00       		.byte	0
 1245 0061 00       		.byte	0
 1246 0062 09       		.uleb128 0x9
 1247 0063 13       		.uleb128 0x13
 1248 0064 01       		.byte	0x1
 1249 0065 0B       		.uleb128 0xb
 1250 0066 0B       		.uleb128 0xb
 1251 0067 3A       		.uleb128 0x3a
 1252 0068 0B       		.uleb128 0xb
 1253 0069 3B       		.uleb128 0x3b
 1254 006a 05       		.uleb128 0x5
 1255 006b 01       		.uleb128 0x1
 1256 006c 13       		.uleb128 0x13
 1257 006d 00       		.byte	0
 1258 006e 00       		.byte	0
 1259 006f 0A       		.uleb128 0xa
 1260 0070 0D       		.uleb128 0xd
 1261 0071 00       		.byte	0
 1262 0072 03       		.uleb128 0x3
 1263 0073 0E       		.uleb128 0xe
 1264 0074 3A       		.uleb128 0x3a
 1265 0075 0B       		.uleb128 0xb
 1266 0076 3B       		.uleb128 0x3b
 1267 0077 05       		.uleb128 0x5
 1268 0078 49       		.uleb128 0x49
 1269 0079 13       		.uleb128 0x13
 1270 007a 38       		.uleb128 0x38
 1271 007b 0B       		.uleb128 0xb
 1272 007c 00       		.byte	0
 1273 007d 00       		.byte	0
 1274 007e 0B       		.uleb128 0xb
 1275 007f 0D       		.uleb128 0xd
 1276 0080 00       		.byte	0
 1277 0081 03       		.uleb128 0x3
 1278 0082 08       		.uleb128 0x8
 1279 0083 3A       		.uleb128 0x3a
 1280 0084 0B       		.uleb128 0xb
 1281 0085 3B       		.uleb128 0x3b
 1282 0086 05       		.uleb128 0x5
 1283 0087 49       		.uleb128 0x49
 1284 0088 13       		.uleb128 0x13
 1285 0089 38       		.uleb128 0x38
 1286 008a 0B       		.uleb128 0xb
 1287 008b 00       		.byte	0
 1288 008c 00       		.byte	0
 1289 008d 0C       		.uleb128 0xc
 1290 008e 16       		.uleb128 0x16
 1291 008f 00       		.byte	0
 1292 0090 03       		.uleb128 0x3
 1293 0091 0E       		.uleb128 0xe
 1294 0092 3A       		.uleb128 0x3a
 1295 0093 0B       		.uleb128 0xb
 1296 0094 3B       		.uleb128 0x3b
 1297 0095 0B       		.uleb128 0xb
 1298 0096 49       		.uleb128 0x49
ARM GAS  C:\Users\a83571\AppData\Local\Temp\ccmxFU6d.s 			page 25


 1299 0097 13       		.uleb128 0x13
 1300 0098 00       		.byte	0
 1301 0099 00       		.byte	0
 1302 009a 0D       		.uleb128 0xd
 1303 009b 13       		.uleb128 0x13
 1304 009c 01       		.byte	0x1
 1305 009d 03       		.uleb128 0x3
 1306 009e 0E       		.uleb128 0xe
 1307 009f 0B       		.uleb128 0xb
 1308 00a0 0B       		.uleb128 0xb
 1309 00a1 3A       		.uleb128 0x3a
 1310 00a2 0B       		.uleb128 0xb
 1311 00a3 3B       		.uleb128 0x3b
 1312 00a4 0B       		.uleb128 0xb
 1313 00a5 01       		.uleb128 0x1
 1314 00a6 13       		.uleb128 0x13
 1315 00a7 00       		.byte	0
 1316 00a8 00       		.byte	0
 1317 00a9 0E       		.uleb128 0xe
 1318 00aa 0D       		.uleb128 0xd
 1319 00ab 00       		.byte	0
 1320 00ac 03       		.uleb128 0x3
 1321 00ad 08       		.uleb128 0x8
 1322 00ae 3A       		.uleb128 0x3a
 1323 00af 0B       		.uleb128 0xb
 1324 00b0 3B       		.uleb128 0x3b
 1325 00b1 0B       		.uleb128 0xb
 1326 00b2 49       		.uleb128 0x49
 1327 00b3 13       		.uleb128 0x13
 1328 00b4 38       		.uleb128 0x38
 1329 00b5 0B       		.uleb128 0xb
 1330 00b6 00       		.byte	0
 1331 00b7 00       		.byte	0
 1332 00b8 0F       		.uleb128 0xf
 1333 00b9 0D       		.uleb128 0xd
 1334 00ba 00       		.byte	0
 1335 00bb 03       		.uleb128 0x3
 1336 00bc 0E       		.uleb128 0xe
 1337 00bd 3A       		.uleb128 0x3a
 1338 00be 0B       		.uleb128 0xb
 1339 00bf 3B       		.uleb128 0x3b
 1340 00c0 0B       		.uleb128 0xb
 1341 00c1 49       		.uleb128 0x49
 1342 00c2 13       		.uleb128 0x13
 1343 00c3 38       		.uleb128 0x38
 1344 00c4 0B       		.uleb128 0xb
 1345 00c5 00       		.byte	0
 1346 00c6 00       		.byte	0
 1347 00c7 10       		.uleb128 0x10
 1348 00c8 2E       		.uleb128 0x2e
 1349 00c9 01       		.byte	0x1
 1350 00ca 3F       		.uleb128 0x3f
 1351 00cb 19       		.uleb128 0x19
 1352 00cc 03       		.uleb128 0x3
 1353 00cd 0E       		.uleb128 0xe
 1354 00ce 3A       		.uleb128 0x3a
 1355 00cf 0B       		.uleb128 0xb
ARM GAS  C:\Users\a83571\AppData\Local\Temp\ccmxFU6d.s 			page 26


 1356 00d0 3B       		.uleb128 0x3b
 1357 00d1 0B       		.uleb128 0xb
 1358 00d2 11       		.uleb128 0x11
 1359 00d3 01       		.uleb128 0x1
 1360 00d4 12       		.uleb128 0x12
 1361 00d5 06       		.uleb128 0x6
 1362 00d6 40       		.uleb128 0x40
 1363 00d7 18       		.uleb128 0x18
 1364 00d8 9742     		.uleb128 0x2117
 1365 00da 19       		.uleb128 0x19
 1366 00db 01       		.uleb128 0x1
 1367 00dc 13       		.uleb128 0x13
 1368 00dd 00       		.byte	0
 1369 00de 00       		.byte	0
 1370 00df 11       		.uleb128 0x11
 1371 00e0 898201   		.uleb128 0x4109
 1372 00e3 00       		.byte	0
 1373 00e4 11       		.uleb128 0x11
 1374 00e5 01       		.uleb128 0x1
 1375 00e6 31       		.uleb128 0x31
 1376 00e7 13       		.uleb128 0x13
 1377 00e8 00       		.byte	0
 1378 00e9 00       		.byte	0
 1379 00ea 12       		.uleb128 0x12
 1380 00eb 898201   		.uleb128 0x4109
 1381 00ee 01       		.byte	0x1
 1382 00ef 11       		.uleb128 0x11
 1383 00f0 01       		.uleb128 0x1
 1384 00f1 31       		.uleb128 0x31
 1385 00f2 13       		.uleb128 0x13
 1386 00f3 01       		.uleb128 0x1
 1387 00f4 13       		.uleb128 0x13
 1388 00f5 00       		.byte	0
 1389 00f6 00       		.byte	0
 1390 00f7 13       		.uleb128 0x13
 1391 00f8 8A8201   		.uleb128 0x410a
 1392 00fb 00       		.byte	0
 1393 00fc 02       		.uleb128 0x2
 1394 00fd 18       		.uleb128 0x18
 1395 00fe 9142     		.uleb128 0x2111
 1396 0100 18       		.uleb128 0x18
 1397 0101 00       		.byte	0
 1398 0102 00       		.byte	0
 1399 0103 14       		.uleb128 0x14
 1400 0104 898201   		.uleb128 0x4109
 1401 0107 01       		.byte	0x1
 1402 0108 11       		.uleb128 0x11
 1403 0109 01       		.uleb128 0x1
 1404 010a 31       		.uleb128 0x31
 1405 010b 13       		.uleb128 0x13
 1406 010c 00       		.byte	0
 1407 010d 00       		.byte	0
 1408 010e 15       		.uleb128 0x15
 1409 010f 2E       		.uleb128 0x2e
 1410 0110 00       		.byte	0
 1411 0111 3F       		.uleb128 0x3f
 1412 0112 19       		.uleb128 0x19
ARM GAS  C:\Users\a83571\AppData\Local\Temp\ccmxFU6d.s 			page 27


 1413 0113 03       		.uleb128 0x3
 1414 0114 0E       		.uleb128 0xe
 1415 0115 3A       		.uleb128 0x3a
 1416 0116 0B       		.uleb128 0xb
 1417 0117 3B       		.uleb128 0x3b
 1418 0118 0B       		.uleb128 0xb
 1419 0119 11       		.uleb128 0x11
 1420 011a 01       		.uleb128 0x1
 1421 011b 12       		.uleb128 0x12
 1422 011c 06       		.uleb128 0x6
 1423 011d 40       		.uleb128 0x40
 1424 011e 18       		.uleb128 0x18
 1425 011f 9742     		.uleb128 0x2117
 1426 0121 19       		.uleb128 0x19
 1427 0122 00       		.byte	0
 1428 0123 00       		.byte	0
 1429 0124 16       		.uleb128 0x16
 1430 0125 2E       		.uleb128 0x2e
 1431 0126 00       		.byte	0
 1432 0127 3F       		.uleb128 0x3f
 1433 0128 19       		.uleb128 0x19
 1434 0129 03       		.uleb128 0x3
 1435 012a 0E       		.uleb128 0xe
 1436 012b 3A       		.uleb128 0x3a
 1437 012c 0B       		.uleb128 0xb
 1438 012d 3B       		.uleb128 0x3b
 1439 012e 0B       		.uleb128 0xb
 1440 012f 49       		.uleb128 0x49
 1441 0130 13       		.uleb128 0x13
 1442 0131 11       		.uleb128 0x11
 1443 0132 01       		.uleb128 0x1
 1444 0133 12       		.uleb128 0x12
 1445 0134 06       		.uleb128 0x6
 1446 0135 40       		.uleb128 0x40
 1447 0136 18       		.uleb128 0x18
 1448 0137 9742     		.uleb128 0x2117
 1449 0139 19       		.uleb128 0x19
 1450 013a 00       		.byte	0
 1451 013b 00       		.byte	0
 1452 013c 17       		.uleb128 0x17
 1453 013d 2E       		.uleb128 0x2e
 1454 013e 01       		.byte	0x1
 1455 013f 3F       		.uleb128 0x3f
 1456 0140 19       		.uleb128 0x19
 1457 0141 03       		.uleb128 0x3
 1458 0142 0E       		.uleb128 0xe
 1459 0143 3A       		.uleb128 0x3a
 1460 0144 0B       		.uleb128 0xb
 1461 0145 3B       		.uleb128 0x3b
 1462 0146 0B       		.uleb128 0xb
 1463 0147 27       		.uleb128 0x27
 1464 0148 19       		.uleb128 0x19
 1465 0149 11       		.uleb128 0x11
 1466 014a 01       		.uleb128 0x1
 1467 014b 12       		.uleb128 0x12
 1468 014c 06       		.uleb128 0x6
 1469 014d 40       		.uleb128 0x40
ARM GAS  C:\Users\a83571\AppData\Local\Temp\ccmxFU6d.s 			page 28


 1470 014e 18       		.uleb128 0x18
 1471 014f 9742     		.uleb128 0x2117
 1472 0151 19       		.uleb128 0x19
 1473 0152 01       		.uleb128 0x1
 1474 0153 13       		.uleb128 0x13
 1475 0154 00       		.byte	0
 1476 0155 00       		.byte	0
 1477 0156 18       		.uleb128 0x18
 1478 0157 05       		.uleb128 0x5
 1479 0158 00       		.byte	0
 1480 0159 03       		.uleb128 0x3
 1481 015a 0E       		.uleb128 0xe
 1482 015b 3A       		.uleb128 0x3a
 1483 015c 0B       		.uleb128 0xb
 1484 015d 3B       		.uleb128 0x3b
 1485 015e 0B       		.uleb128 0xb
 1486 015f 49       		.uleb128 0x49
 1487 0160 13       		.uleb128 0x13
 1488 0161 02       		.uleb128 0x2
 1489 0162 18       		.uleb128 0x18
 1490 0163 00       		.byte	0
 1491 0164 00       		.byte	0
 1492 0165 19       		.uleb128 0x19
 1493 0166 34       		.uleb128 0x34
 1494 0167 00       		.byte	0
 1495 0168 03       		.uleb128 0x3
 1496 0169 0E       		.uleb128 0xe
 1497 016a 3A       		.uleb128 0x3a
 1498 016b 0B       		.uleb128 0xb
 1499 016c 3B       		.uleb128 0x3b
 1500 016d 0B       		.uleb128 0xb
 1501 016e 49       		.uleb128 0x49
 1502 016f 13       		.uleb128 0x13
 1503 0170 02       		.uleb128 0x2
 1504 0171 18       		.uleb128 0x18
 1505 0172 00       		.byte	0
 1506 0173 00       		.byte	0
 1507 0174 1A       		.uleb128 0x1a
 1508 0175 34       		.uleb128 0x34
 1509 0176 00       		.byte	0
 1510 0177 03       		.uleb128 0x3
 1511 0178 0E       		.uleb128 0xe
 1512 0179 3A       		.uleb128 0x3a
 1513 017a 0B       		.uleb128 0xb
 1514 017b 3B       		.uleb128 0x3b
 1515 017c 05       		.uleb128 0x5
 1516 017d 49       		.uleb128 0x49
 1517 017e 13       		.uleb128 0x13
 1518 017f 3F       		.uleb128 0x3f
 1519 0180 19       		.uleb128 0x19
 1520 0181 3C       		.uleb128 0x3c
 1521 0182 19       		.uleb128 0x19
 1522 0183 00       		.byte	0
 1523 0184 00       		.byte	0
 1524 0185 1B       		.uleb128 0x1b
 1525 0186 2E       		.uleb128 0x2e
 1526 0187 00       		.byte	0
ARM GAS  C:\Users\a83571\AppData\Local\Temp\ccmxFU6d.s 			page 29


 1527 0188 3F       		.uleb128 0x3f
 1528 0189 19       		.uleb128 0x19
 1529 018a 03       		.uleb128 0x3
 1530 018b 0E       		.uleb128 0xe
 1531 018c 3A       		.uleb128 0x3a
 1532 018d 0B       		.uleb128 0xb
 1533 018e 3B       		.uleb128 0x3b
 1534 018f 0B       		.uleb128 0xb
 1535 0190 27       		.uleb128 0x27
 1536 0191 19       		.uleb128 0x19
 1537 0192 3C       		.uleb128 0x3c
 1538 0193 19       		.uleb128 0x19
 1539 0194 00       		.byte	0
 1540 0195 00       		.byte	0
 1541 0196 1C       		.uleb128 0x1c
 1542 0197 2E       		.uleb128 0x2e
 1543 0198 01       		.byte	0x1
 1544 0199 3F       		.uleb128 0x3f
 1545 019a 19       		.uleb128 0x19
 1546 019b 03       		.uleb128 0x3
 1547 019c 0E       		.uleb128 0xe
 1548 019d 3A       		.uleb128 0x3a
 1549 019e 0B       		.uleb128 0xb
 1550 019f 3B       		.uleb128 0x3b
 1551 01a0 0B       		.uleb128 0xb
 1552 01a1 27       		.uleb128 0x27
 1553 01a2 19       		.uleb128 0x19
 1554 01a3 3C       		.uleb128 0x3c
 1555 01a4 19       		.uleb128 0x19
 1556 01a5 01       		.uleb128 0x1
 1557 01a6 13       		.uleb128 0x13
 1558 01a7 00       		.byte	0
 1559 01a8 00       		.byte	0
 1560 01a9 1D       		.uleb128 0x1d
 1561 01aa 05       		.uleb128 0x5
 1562 01ab 00       		.byte	0
 1563 01ac 49       		.uleb128 0x49
 1564 01ad 13       		.uleb128 0x13
 1565 01ae 00       		.byte	0
 1566 01af 00       		.byte	0
 1567 01b0 1E       		.uleb128 0x1e
 1568 01b1 2E       		.uleb128 0x2e
 1569 01b2 01       		.byte	0x1
 1570 01b3 3F       		.uleb128 0x3f
 1571 01b4 19       		.uleb128 0x19
 1572 01b5 03       		.uleb128 0x3
 1573 01b6 0E       		.uleb128 0xe
 1574 01b7 3A       		.uleb128 0x3a
 1575 01b8 0B       		.uleb128 0xb
 1576 01b9 3B       		.uleb128 0x3b
 1577 01ba 05       		.uleb128 0x5
 1578 01bb 27       		.uleb128 0x27
 1579 01bc 19       		.uleb128 0x19
 1580 01bd 49       		.uleb128 0x49
 1581 01be 13       		.uleb128 0x13
 1582 01bf 3C       		.uleb128 0x3c
 1583 01c0 19       		.uleb128 0x19
ARM GAS  C:\Users\a83571\AppData\Local\Temp\ccmxFU6d.s 			page 30


 1584 01c1 01       		.uleb128 0x1
 1585 01c2 13       		.uleb128 0x13
 1586 01c3 00       		.byte	0
 1587 01c4 00       		.byte	0
 1588 01c5 1F       		.uleb128 0x1f
 1589 01c6 2E       		.uleb128 0x2e
 1590 01c7 01       		.byte	0x1
 1591 01c8 3F       		.uleb128 0x3f
 1592 01c9 19       		.uleb128 0x19
 1593 01ca 03       		.uleb128 0x3
 1594 01cb 0E       		.uleb128 0xe
 1595 01cc 3A       		.uleb128 0x3a
 1596 01cd 0B       		.uleb128 0xb
 1597 01ce 3B       		.uleb128 0x3b
 1598 01cf 0B       		.uleb128 0xb
 1599 01d0 27       		.uleb128 0x27
 1600 01d1 19       		.uleb128 0x19
 1601 01d2 49       		.uleb128 0x49
 1602 01d3 13       		.uleb128 0x13
 1603 01d4 3C       		.uleb128 0x3c
 1604 01d5 19       		.uleb128 0x19
 1605 01d6 01       		.uleb128 0x1
 1606 01d7 13       		.uleb128 0x13
 1607 01d8 00       		.byte	0
 1608 01d9 00       		.byte	0
 1609 01da 00       		.byte	0
 1610              		.section	.debug_aranges,"",%progbits
 1611 0000 3C000000 		.4byte	0x3c
 1612 0004 0200     		.2byte	0x2
 1613 0006 00000000 		.4byte	.Ldebug_info0
 1614 000a 04       		.byte	0x4
 1615 000b 00       		.byte	0
 1616 000c 0000     		.2byte	0
 1617 000e 0000     		.2byte	0
 1618 0010 00000000 		.4byte	.LFB37
 1619 0014 30000000 		.4byte	.LFE37-.LFB37
 1620 0018 00000000 		.4byte	.LFB39
 1621 001c 0C000000 		.4byte	.LFE39-.LFB39
 1622 0020 00000000 		.4byte	.LFB40
 1623 0024 0C000000 		.4byte	.LFE40-.LFB40
 1624 0028 00000000 		.4byte	.LFB41
 1625 002c 0C000000 		.4byte	.LFE41-.LFB41
 1626 0030 00000000 		.4byte	.LFB38
 1627 0034 60000000 		.4byte	.LFE38-.LFB38
 1628 0038 00000000 		.4byte	0
 1629 003c 00000000 		.4byte	0
 1630              		.section	.debug_ranges,"",%progbits
 1631              	.Ldebug_ranges0:
 1632 0000 00000000 		.4byte	.LFB37
 1633 0004 30000000 		.4byte	.LFE37
 1634 0008 00000000 		.4byte	.LFB39
 1635 000c 0C000000 		.4byte	.LFE39
 1636 0010 00000000 		.4byte	.LFB40
 1637 0014 0C000000 		.4byte	.LFE40
 1638 0018 00000000 		.4byte	.LFB41
 1639 001c 0C000000 		.4byte	.LFE41
 1640 0020 00000000 		.4byte	.LFB38
ARM GAS  C:\Users\a83571\AppData\Local\Temp\ccmxFU6d.s 			page 31


 1641 0024 60000000 		.4byte	.LFE38
 1642 0028 00000000 		.4byte	0
 1643 002c 00000000 		.4byte	0
 1644              		.section	.debug_line,"",%progbits
 1645              	.Ldebug_line0:
 1646 0000 2F010000 		.section	.debug_str,"MS",%progbits,1
 1646      0200C500 
 1646      00000201 
 1646      FB0E0D00 
 1646      01010101 
 1647              	.LASF78:
 1648 0000 4359424C 		.ascii	"CYBLE_EVT_L2CAP_CBFC_RX_CREDIT_IND\000"
 1648      455F4556 
 1648      545F4C32 
 1648      4341505F 
 1648      43424643 
 1649              	.LASF20:
 1650 0023 4359424C 		.ascii	"CYBLE_EVT_STACK_BUSY_STATUS\000"
 1650      455F4556 
 1650      545F5354 
 1650      41434B5F 
 1650      42555359 
 1651              	.LASF10:
 1652 003f 75696E74 		.ascii	"uint16\000"
 1652      313600
 1653              	.LASF145:
 1654 0046 4359424C 		.ascii	"CYBLE_GATTS_ERR_HPS_INVALID_REQUEST\000"
 1654      455F4741 
 1654      5454535F 
 1654      4552525F 
 1654      4850535F 
 1655              	.LASF77:
 1656 006a 4359424C 		.ascii	"CYBLE_EVT_L2CAP_CBFC_DATA_READ\000"
 1656      455F4556 
 1656      545F4C32 
 1656      4341505F 
 1656      43424643 
 1657              	.LASF159:
 1658 0089 4359424C 		.ascii	"CYBLE_CONN_HANDLE_T\000"
 1658      455F434F 
 1658      4E4E5F48 
 1658      414E444C 
 1658      455F5400 
 1659              	.LASF129:
 1660 009d 4359424C 		.ascii	"CYBLE_GATT_ERR_INSUFFICIENT_ENC_KEY_SIZE\000"
 1660      455F4741 
 1660      54545F45 
 1660      52525F49 
 1660      4E535546 
 1661              	.LASF87:
 1662 00c6 4359424C 		.ascii	"CYBLE_ERROR_MEMORY_ALLOCATION_FAILED\000"
 1662      455F4552 
 1662      524F525F 
 1662      4D454D4F 
 1662      52595F41 
 1663              	.LASF123:
 1664 00eb 4359424C 		.ascii	"CYBLE_GATT_ERR_REQUEST_NOT_SUPPORTED\000"
ARM GAS  C:\Users\a83571\AppData\Local\Temp\ccmxFU6d.s 			page 32


 1664      455F4741 
 1664      54545F45 
 1664      52525F52 
 1664      45515545 
 1665              	.LASF118:
 1666 0110 4359424C 		.ascii	"CYBLE_GATT_ERR_INVALID_HANDLE\000"
 1666      455F4741 
 1666      54545F45 
 1666      52525F49 
 1666      4E56414C 
 1667              	.LASF32:
 1668 012e 4359424C 		.ascii	"CYBLE_EVT_GAP_CONNECTION_UPDATE_COMPLETE\000"
 1668      455F4556 
 1668      545F4741 
 1668      505F434F 
 1668      4E4E4543 
 1669              	.LASF76:
 1670 0157 4359424C 		.ascii	"CYBLE_EVT_L2CAP_CBFC_DISCONN_CNF\000"
 1670      455F4556 
 1670      545F4C32 
 1670      4341505F 
 1670      43424643 
 1671              	.LASF108:
 1672 0178 4359424C 		.ascii	"CYBLE_ERROR_UNSUPPORTED_FEATURE_OR_PARAMETER_VALUE\000"
 1672      455F4552 
 1672      524F525F 
 1672      554E5355 
 1672      50504F52 
 1673              	.LASF33:
 1674 01ab 4359424C 		.ascii	"CYBLE_EVT_GAPC_SCAN_START_STOP\000"
 1674      455F4556 
 1674      545F4741 
 1674      50435F53 
 1674      43414E5F 
 1675              	.LASF37:
 1676 01ca 4359424C 		.ascii	"CYBLE_EVT_GAP_OOB_GENERATED_NOTIFICATION\000"
 1676      455F4556 
 1676      545F4741 
 1676      505F4F4F 
 1676      425F4745 
 1677              	.LASF56:
 1678 01f3 4359424C 		.ascii	"CYBLE_EVT_GATTC_READ_MULTI_RSP\000"
 1678      455F4556 
 1678      545F4741 
 1678      5454435F 
 1678      52454144 
 1679              	.LASF61:
 1680 0212 4359424C 		.ascii	"CYBLE_EVT_GATTS_EXEC_WRITE_REQ\000"
 1680      455F4556 
 1680      545F4741 
 1680      5454535F 
 1680      45584543 
 1681              	.LASF170:
 1682 0231 5247425F 		.ascii	"RGB_EnableNotification\000"
 1682      456E6162 
 1682      6C654E6F 
 1682      74696669 
ARM GAS  C:\Users\a83571\AppData\Local\Temp\ccmxFU6d.s 			page 33


 1682      63617469 
 1683              	.LASF112:
 1684 0248 4359424C 		.ascii	"CYBLE_ERROR_NTF_DISABLED\000"
 1684      455F4552 
 1684      524F525F 
 1684      4E54465F 
 1684      44495341 
 1685              	.LASF17:
 1686 0261 4359424C 		.ascii	"CYBLE_EVT_TIMEOUT\000"
 1686      455F4556 
 1686      545F5449 
 1686      4D454F55 
 1686      5400
 1687              	.LASF4:
 1688 0273 6C6F6E67 		.ascii	"long int\000"
 1688      20696E74 
 1688      00
 1689              	.LASF107:
 1690 027c 4359424C 		.ascii	"CYBLE_ERROR_HARDWARE_FAILURE\000"
 1690      455F4552 
 1690      524F525F 
 1690      48415244 
 1690      57415245 
 1691              	.LASF97:
 1692 0299 4359424C 		.ascii	"CYBLE_ERROR_L2CAP_PSM_WRONG_ENCODING\000"
 1692      455F4552 
 1692      524F525F 
 1692      4C324341 
 1692      505F5053 
 1693              	.LASF161:
 1694 02be 4359424C 		.ascii	"CYBLE_GATT_VALUE_T\000"
 1694      455F4741 
 1694      54545F56 
 1694      414C5545 
 1694      5F5400
 1695              	.LASF19:
 1696 02d1 4359424C 		.ascii	"CYBLE_EVT_HCI_STATUS\000"
 1696      455F4556 
 1696      545F4843 
 1696      495F5354 
 1696      41545553 
 1697              	.LASF143:
 1698 02e6 4359424C 		.ascii	"CYBLE_GATTS_ERR_OPERATION_FAILED\000"
 1698      455F4741 
 1698      5454535F 
 1698      4552525F 
 1698      4F504552 
 1699              	.LASF149:
 1700 0307 4359424C 		.ascii	"CYBLE_GATT_ERR_ANCS_INVALID_COMMAND\000"
 1700      455F4741 
 1700      54545F45 
 1700      52525F41 
 1700      4E43535F 
 1701              	.LASF96:
 1702 032b 4359424C 		.ascii	"CYBLE_ERROR_SEC_FAILED\000"
 1702      455F4552 
 1702      524F525F 
ARM GAS  C:\Users\a83571\AppData\Local\Temp\ccmxFU6d.s 			page 34


 1702      5345435F 
 1702      4641494C 
 1703              	.LASF31:
 1704 0342 4359424C 		.ascii	"CYBLE_EVT_GAP_ENCRYPT_CHANGE\000"
 1704      455F4556 
 1704      545F4741 
 1704      505F454E 
 1704      43525950 
 1705              	.LASF35:
 1706 035f 4359424C 		.ascii	"CYBLE_EVT_GAP_NUMERIC_COMPARISON_REQUEST\000"
 1706      455F4556 
 1706      545F4741 
 1706      505F4E55 
 1706      4D455249 
 1707              	.LASF140:
 1708 0388 4359424C 		.ascii	"CYBLE_GATT_ERR_OP_CODE_NOT_SUPPORTED\000"
 1708      455F4741 
 1708      54545F45 
 1708      52525F4F 
 1708      505F434F 
 1709              	.LASF122:
 1710 03ad 4359424C 		.ascii	"CYBLE_GATT_ERR_INSUFFICIENT_AUTHENTICATION\000"
 1710      455F4741 
 1710      54545F45 
 1710      52525F49 
 1710      4E535546 
 1711              	.LASF177:
 1712 03d8 50574D5F 		.ascii	"PWM_2_WritePeriod\000"
 1712      325F5772 
 1712      69746550 
 1712      6572696F 
 1712      6400
 1713              	.LASF6:
 1714 03ea 6C6F6E67 		.ascii	"long long int\000"
 1714      206C6F6E 
 1714      6720696E 
 1714      7400
 1715              	.LASF0:
 1716 03f8 7369676E 		.ascii	"signed char\000"
 1716      65642063 
 1716      68617200 
 1717              	.LASF16:
 1718 0404 4359424C 		.ascii	"CYBLE_EVT_STACK_ON\000"
 1718      455F4556 
 1718      545F5354 
 1718      41434B5F 
 1718      4F4E00
 1719              	.LASF104:
 1720 0417 4359424C 		.ascii	"CYBLE_ERROR_DEVICE_ALREADY_EXISTS\000"
 1720      455F4552 
 1720      524F525F 
 1720      44455649 
 1720      43455F41 
 1721              	.LASF91:
 1722 0439 4359424C 		.ascii	"CYBLE_ERROR_NO_DEVICE_ENTITY\000"
 1722      455F4552 
 1722      524F525F 
ARM GAS  C:\Users\a83571\AppData\Local\Temp\ccmxFU6d.s 			page 35


 1722      4E4F5F44 
 1722      45564943 
 1723              	.LASF160:
 1724 0456 61637475 		.ascii	"actualLen\000"
 1724      616C4C65 
 1724      6E00
 1725              	.LASF23:
 1726 0460 4359424C 		.ascii	"CYBLE_EVT_GAP_AUTH_REQ\000"
 1726      455F4556 
 1726      545F4741 
 1726      505F4155 
 1726      54485F52 
 1727              	.LASF54:
 1728 0477 4359424C 		.ascii	"CYBLE_EVT_GATTC_READ_RSP\000"
 1728      455F4556 
 1728      545F4741 
 1728      5454435F 
 1728      52454144 
 1729              	.LASF121:
 1730 0490 4359424C 		.ascii	"CYBLE_GATT_ERR_INVALID_PDU\000"
 1730      455F4741 
 1730      54545F45 
 1730      52525F49 
 1730      4E56414C 
 1731              	.LASF115:
 1732 04ab 4359424C 		.ascii	"CYBLE_ERROR_INVALID_STATE\000"
 1732      455F4552 
 1732      524F525F 
 1732      494E5641 
 1732      4C49445F 
 1733              	.LASF59:
 1734 04c5 4359424C 		.ascii	"CYBLE_EVT_GATTS_WRITE_CMD_REQ\000"
 1734      455F4556 
 1734      545F4741 
 1734      5454535F 
 1734      57524954 
 1735              	.LASF28:
 1736 04e3 4359424C 		.ascii	"CYBLE_EVT_GAPP_ADVERTISEMENT_START_STOP\000"
 1736      455F4556 
 1736      545F4741 
 1736      50505F41 
 1736      44564552 
 1737              	.LASF102:
 1738 050b 4359424C 		.ascii	"CYBLE_ERROR_L2CAP_PSM_NOT_IN_RANGE\000"
 1738      455F4552 
 1738      524F525F 
 1738      4C324341 
 1738      505F5053 
 1739              	.LASF9:
 1740 052e 75696E74 		.ascii	"uint8\000"
 1740      3800
 1741              	.LASF62:
 1742 0534 4359424C 		.ascii	"CYBLE_EVT_GATTC_EXEC_WRITE_RSP\000"
 1742      455F4556 
 1742      545F4741 
 1742      5454435F 
 1742      45584543 
ARM GAS  C:\Users\a83571\AppData\Local\Temp\ccmxFU6d.s 			page 36


 1743              	.LASF12:
 1744 0553 646F7562 		.ascii	"double\000"
 1744      6C6500
 1745              	.LASF75:
 1746 055a 4359424C 		.ascii	"CYBLE_EVT_L2CAP_CBFC_DISCONN_IND\000"
 1746      455F4556 
 1746      545F4C32 
 1746      4341505F 
 1746      43424643 
 1747              	.LASF85:
 1748 057b 4359424C 		.ascii	"CYBLE_ERROR_INVALID_PARAMETER\000"
 1748      455F4552 
 1748      524F525F 
 1748      494E5641 
 1748      4C49445F 
 1749              	.LASF171:
 1750 0599 5247425F 		.ascii	"RGB_DisableNotification\000"
 1750      44697361 
 1750      626C654E 
 1750      6F746966 
 1750      69636174 
 1751              	.LASF133:
 1752 05b1 4359424C 		.ascii	"CYBLE_GATT_ERR_UNSUPPORTED_GROUP_TYPE\000"
 1752      455F4741 
 1752      54545F45 
 1752      52525F55 
 1752      4E535550 
 1753              	.LASF120:
 1754 05d7 4359424C 		.ascii	"CYBLE_GATT_ERR_WRITE_NOT_PERMITTED\000"
 1754      455F4741 
 1754      54545F45 
 1754      52525F57 
 1754      52495445 
 1755              	.LASF173:
 1756 05fa 6E6F7469 		.ascii	"notifyEnable\000"
 1756      6679456E 
 1756      61626C65 
 1756      00
 1757              	.LASF84:
 1758 0607 4359424C 		.ascii	"CYBLE_ERROR_OK\000"
 1758      455F4552 
 1758      524F525F 
 1758      4F4B00
 1759              	.LASF117:
 1760 0616 4359424C 		.ascii	"CYBLE_GATT_ERR_NONE\000"
 1760      455F4741 
 1760      54545F45 
 1760      52525F4E 
 1760      4F4E4500 
 1761              	.LASF70:
 1762 062a 4359424C 		.ascii	"CYBLE_EVT_L2CAP_CONN_PARAM_UPDATE_REQ\000"
 1762      455F4556 
 1762      545F4C32 
 1762      4341505F 
 1762      434F4E4E 
 1763              	.LASF119:
 1764 0650 4359424C 		.ascii	"CYBLE_GATT_ERR_READ_NOT_PERMITTED\000"
ARM GAS  C:\Users\a83571\AppData\Local\Temp\ccmxFU6d.s 			page 37


 1764      455F4741 
 1764      54545F45 
 1764      52525F52 
 1764      4541445F 
 1765              	.LASF80:
 1766 0672 4359424C 		.ascii	"CYBLE_EVT_L2CAP_CBFC_DATA_WRITE_IND\000"
 1766      455F4556 
 1766      545F4C32 
 1766      4341505F 
 1766      43424643 
 1767              	.LASF124:
 1768 0696 4359424C 		.ascii	"CYBLE_GATT_ERR_INVALID_OFFSET\000"
 1768      455F4741 
 1768      54545F45 
 1768      52525F49 
 1768      4E56414C 
 1769              	.LASF163:
 1770 06b4 61747472 		.ascii	"attrHandle\000"
 1770      48616E64 
 1770      6C6500
 1771              	.LASF7:
 1772 06bf 6C6F6E67 		.ascii	"long long unsigned int\000"
 1772      206C6F6E 
 1772      6720756E 
 1772      7369676E 
 1772      65642069 
 1773              	.LASF162:
 1774 06d6 76616C75 		.ascii	"value\000"
 1774      6500
 1775              	.LASF181:
 1776 06dc 4379426C 		.ascii	"CyBle_GattsWriteAttributeValue\000"
 1776      655F4761 
 1776      74747357 
 1776      72697465 
 1776      41747472 
 1777              	.LASF67:
 1778 06fb 4359424C 		.ascii	"CYBLE_EVT_GATTC_STOP_CMD_COMPLETE\000"
 1778      455F4556 
 1778      545F4741 
 1778      5454435F 
 1778      53544F50 
 1779              	.LASF89:
 1780 071d 4359424C 		.ascii	"CYBLE_ERROR_OOB_NOT_AVAILABLE\000"
 1780      455F4552 
 1780      524F525F 
 1780      4F4F425F 
 1780      4E4F545F 
 1781              	.LASF82:
 1782 073b 4359424C 		.ascii	"CYBLE_EVT_LE_PING_AUTH_TIMEOUT\000"
 1782      455F4556 
 1782      545F4C45 
 1782      5F50494E 
 1782      475F4155 
 1783              	.LASF144:
 1784 075a 4359424C 		.ascii	"CYBLE_GATT_ERR_INVALID_CRC\000"
 1784      455F4741 
 1784      54545F45 
ARM GAS  C:\Users\a83571\AppData\Local\Temp\ccmxFU6d.s 			page 38


 1784      52525F49 
 1784      4E56414C 
 1785              	.LASF139:
 1786 0775 4359424C 		.ascii	"CYBLE_GATTS_ERR_PROCEDURE_ALREADY_IN_PROGRESS\000"
 1786      455F4741 
 1786      5454535F 
 1786      4552525F 
 1786      50524F43 
 1787              	.LASF98:
 1788 07a3 4359424C 		.ascii	"CYBLE_ERROR_L2CAP_PSM_ALREADY_REGISTERED\000"
 1788      455F4552 
 1788      524F525F 
 1788      4C324341 
 1788      505F5053 
 1789              	.LASF5:
 1790 07cc 6C6F6E67 		.ascii	"long unsigned int\000"
 1790      20756E73 
 1790      69676E65 
 1790      6420696E 
 1790      7400
 1791              	.LASF175:
 1792 07de 50574D5F 		.ascii	"PWM_2_Start\000"
 1792      325F5374 
 1792      61727400 
 1793              	.LASF127:
 1794 07ea 4359424C 		.ascii	"CYBLE_GATT_ERR_ATTRIBUTE_NOT_FOUND\000"
 1794      455F4741 
 1794      54545F45 
 1794      52525F41 
 1794      54545249 
 1795              	.LASF57:
 1796 080d 4359424C 		.ascii	"CYBLE_EVT_GATTS_WRITE_REQ\000"
 1796      455F4556 
 1796      545F4741 
 1796      5454535F 
 1796      57524954 
 1797              	.LASF49:
 1798 0827 4359424C 		.ascii	"CYBLE_EVT_GATTC_XCHNG_MTU_RSP\000"
 1798      455F4556 
 1798      545F4741 
 1798      5454435F 
 1798      5843484E 
 1799              	.LASF66:
 1800 0845 4359424C 		.ascii	"CYBLE_EVT_GATTS_DATA_SIGNED_CMD_REQ\000"
 1800      455F4556 
 1800      545F4741 
 1800      5454535F 
 1800      44415441 
 1801              	.LASF69:
 1802 0869 4359424C 		.ascii	"CYBLE_EVT_GATTC_LONG_PROCEDURE_END\000"
 1802      455F4556 
 1802      545F4741 
 1802      5454435F 
 1802      4C4F4E47 
 1803              	.LASF101:
 1804 088c 4359424C 		.ascii	"CYBLE_ERROR_L2CAP_CHANNEL_NOT_FOUND\000"
 1804      455F4552 
ARM GAS  C:\Users\a83571\AppData\Local\Temp\ccmxFU6d.s 			page 39


 1804      524F525F 
 1804      4C324341 
 1804      505F4348 
 1805              	.LASF128:
 1806 08b0 4359424C 		.ascii	"CYBLE_GATT_ERR_ATTRIBUTE_NOT_LONG\000"
 1806      455F4741 
 1806      54545F45 
 1806      52525F41 
 1806      54545249 
 1807              	.LASF15:
 1808 08d2 4359424C 		.ascii	"CYBLE_EVT_HOST_INVALID\000"
 1808      455F4556 
 1808      545F484F 
 1808      53545F49 
 1808      4E56414C 
 1809              	.LASF52:
 1810 08e9 4359424C 		.ascii	"CYBLE_EVT_GATTC_FIND_INFO_RSP\000"
 1810      455F4556 
 1810      545F4741 
 1810      5454435F 
 1810      46494E44 
 1811              	.LASF21:
 1812 0907 4359424C 		.ascii	"CYBLE_EVT_MEMORY_REQUEST\000"
 1812      455F4556 
 1812      545F4D45 
 1812      4D4F5259 
 1812      5F524551 
 1813              	.LASF148:
 1814 0920 4359424C 		.ascii	"CYBLE_GATT_ERR_ANCS_UNKNOWN_COMMAND\000"
 1814      455F4741 
 1814      54545F45 
 1814      52525F41 
 1814      4E43535F 
 1815              	.LASF24:
 1816 0944 4359424C 		.ascii	"CYBLE_EVT_GAP_PASSKEY_ENTRY_REQUEST\000"
 1816      455F4556 
 1816      545F4741 
 1816      505F5041 
 1816      53534B45 
 1817              	.LASF29:
 1818 0968 4359424C 		.ascii	"CYBLE_EVT_GAP_DEVICE_CONNECTED\000"
 1818      455F4556 
 1818      545F4741 
 1818      505F4445 
 1818      56494345 
 1819              	.LASF44:
 1820 0987 4359424C 		.ascii	"CYBLE_EVT_GAP_AUTH_REQ_REPLY_ERR\000"
 1820      455F4556 
 1820      545F4741 
 1820      505F4155 
 1820      54485F52 
 1821              	.LASF155:
 1822 09a8 4359424C 		.ascii	"CYBLE_GATT_ERR_CODE_T\000"
 1822      455F4741 
 1822      54545F45 
 1822      52525F43 
 1822      4F44455F 
ARM GAS  C:\Users\a83571\AppData\Local\Temp\ccmxFU6d.s 			page 40


 1823              	.LASF138:
 1824 09be 4359424C 		.ascii	"CYBLE_GATT_ERR_HTS_OUT_OF_RANGE\000"
 1824      455F4741 
 1824      54545F45 
 1824      52525F48 
 1824      54535F4F 
 1825              	.LASF25:
 1826 09de 4359424C 		.ascii	"CYBLE_EVT_GAP_PASSKEY_DISPLAY_REQUEST\000"
 1826      455F4556 
 1826      545F4741 
 1826      505F5041 
 1826      53534B45 
 1827              	.LASF46:
 1828 0a04 4359424C 		.ascii	"CYBLE_EVT_GATT_CONNECT_IND\000"
 1828      455F4556 
 1828      545F4741 
 1828      54545F43 
 1828      4F4E4E45 
 1829              	.LASF72:
 1830 0a1f 4359424C 		.ascii	"CYBLE_EVT_L2CAP_COMMAND_REJ\000"
 1830      455F4556 
 1830      545F4C32 
 1830      4341505F 
 1830      434F4D4D 
 1831              	.LASF137:
 1832 0a3b 4359424C 		.ascii	"CYBLE_GATT_ERR_CPS_INAPPROPRIATE_CONNECTION_PARAMET"
 1832      455F4741 
 1832      54545F45 
 1832      52525F43 
 1832      50535F49 
 1833 0a6e 45525300 		.ascii	"ERS\000"
 1834              	.LASF22:
 1835 0a72 4359424C 		.ascii	"CYBLE_EVT_GAPC_SCAN_PROGRESS_RESULT\000"
 1835      455F4556 
 1835      545F4741 
 1835      50435F53 
 1835      43414E5F 
 1836              	.LASF158:
 1837 0a96 61747449 		.ascii	"attId\000"
 1837      6400
 1838              	.LASF184:
 1839 0a9c 5247422E 		.ascii	"RGB.c\000"
 1839      6300
 1840              	.LASF111:
 1841 0aa2 4359424C 		.ascii	"CYBLE_ERROR_MAX\000"
 1841      455F4552 
 1841      524F525F 
 1841      4D415800 
 1842              	.LASF109:
 1843 0ab2 4359424C 		.ascii	"CYBLE_ERROR_FLASH_WRITE\000"
 1843      455F4552 
 1843      524F525F 
 1843      464C4153 
 1843      485F5752 
 1844              	.LASF51:
 1845 0aca 4359424C 		.ascii	"CYBLE_EVT_GATTC_READ_BY_TYPE_RSP\000"
 1845      455F4556 
ARM GAS  C:\Users\a83571\AppData\Local\Temp\ccmxFU6d.s 			page 41


 1845      545F4741 
 1845      5454435F 
 1845      52454144 
 1846              	.LASF169:
 1847 0aeb 48554556 		.ascii	"HUEVALUE\000"
 1847      414C5545 
 1847      00
 1848              	.LASF14:
 1849 0af4 73697A65 		.ascii	"sizetype\000"
 1849      74797065 
 1849      00
 1850              	.LASF134:
 1851 0afd 4359424C 		.ascii	"CYBLE_GATT_ERR_INSUFFICIENT_RESOURCE\000"
 1851      455F4741 
 1851      54545F45 
 1851      52525F49 
 1851      4E535546 
 1852              	.LASF165:
 1853 0b22 4359424C 		.ascii	"CYBLE_GATTS_HANDLE_VALUE_NTF_T\000"
 1853      455F4741 
 1853      5454535F 
 1853      48414E44 
 1853      4C455F56 
 1854              	.LASF83:
 1855 0b41 4359424C 		.ascii	"CYBLE_EVT_MAX\000"
 1855      455F4556 
 1855      545F4D41 
 1855      5800
 1856              	.LASF190:
 1857 0b4f 68756544 		.ascii	"hueData\000"
 1857      61746100 
 1858              	.LASF191:
 1859 0b57 6379426C 		.ascii	"cyBle_connHandle\000"
 1859      655F636F 
 1859      6E6E4861 
 1859      6E646C65 
 1859      00
 1860              	.LASF58:
 1861 0b68 4359424C 		.ascii	"CYBLE_EVT_GATTC_WRITE_RSP\000"
 1861      455F4556 
 1861      545F4741 
 1861      5454435F 
 1861      57524954 
 1862              	.LASF40:
 1863 0b82 4359424C 		.ascii	"CYBLE_EVT_GAPC_DIRECT_ADV_REPORT\000"
 1863      455F4556 
 1863      545F4741 
 1863      50435F44 
 1863      49524543 
 1864              	.LASF38:
 1865 0ba3 4359424C 		.ascii	"CYBLE_EVT_GAP_DATA_LENGTH_CHANGE\000"
 1865      455F4556 
 1865      545F4741 
 1865      505F4441 
 1865      54415F4C 
 1866              	.LASF43:
 1867 0bc4 4359424C 		.ascii	"CYBLE_EVT_GAP_SCAN_REQ_RECVD\000"
ARM GAS  C:\Users\a83571\AppData\Local\Temp\ccmxFU6d.s 			page 42


 1867      455F4556 
 1867      545F4741 
 1867      505F5343 
 1867      414E5F52 
 1868              	.LASF125:
 1869 0be1 4359424C 		.ascii	"CYBLE_GATT_ERR_INSUFFICIENT_AUTHORIZATION\000"
 1869      455F4741 
 1869      54545F45 
 1869      52525F49 
 1869      4E535546 
 1870              	.LASF26:
 1871 0c0b 4359424C 		.ascii	"CYBLE_EVT_GAP_AUTH_COMPLETE\000"
 1871      455F4556 
 1871      545F4741 
 1871      505F4155 
 1871      54485F43 
 1872              	.LASF116:
 1873 0c27 4359424C 		.ascii	"CYBLE_API_RESULT_T\000"
 1873      455F4150 
 1873      495F5245 
 1873      53554C54 
 1873      5F5400
 1874              	.LASF63:
 1875 0c3a 4359424C 		.ascii	"CYBLE_EVT_GATTC_HANDLE_VALUE_NTF\000"
 1875      455F4556 
 1875      545F4741 
 1875      5454435F 
 1875      48414E44 
 1876              	.LASF113:
 1877 0c5b 4359424C 		.ascii	"CYBLE_ERROR_IND_DISABLED\000"
 1877      455F4552 
 1877      524F525F 
 1877      494E445F 
 1877      44495341 
 1878              	.LASF164:
 1879 0c74 4359424C 		.ascii	"CYBLE_GATT_HANDLE_VALUE_PAIR_T\000"
 1879      455F4741 
 1879      54545F48 
 1879      414E444C 
 1879      455F5641 
 1880              	.LASF180:
 1881 0c93 50574D5F 		.ascii	"PWM_2_WriteCompare1\000"
 1881      325F5772 
 1881      69746543 
 1881      6F6D7061 
 1881      72653100 
 1882              	.LASF74:
 1883 0ca7 4359424C 		.ascii	"CYBLE_EVT_L2CAP_CBFC_CONN_CNF\000"
 1883      455F4556 
 1883      545F4C32 
 1883      4341505F 
 1883      43424643 
 1884              	.LASF150:
 1885 0cc5 4359424C 		.ascii	"CYBLE_GATT_ERR_ANCS_INVALID_PARAMETER\000"
 1885      455F4741 
 1885      54545F45 
 1885      52525F41 
ARM GAS  C:\Users\a83571\AppData\Local\Temp\ccmxFU6d.s 			page 43


 1885      4E43535F 
 1886              	.LASF50:
 1887 0ceb 4359424C 		.ascii	"CYBLE_EVT_GATTC_READ_BY_GROUP_TYPE_RSP\000"
 1887      455F4556 
 1887      545F4741 
 1887      5454435F 
 1887      52454144 
 1888              	.LASF42:
 1889 0d12 4359424C 		.ascii	"CYBLE_EVT_GAP_CONN_ESTB\000"
 1889      455F4556 
 1889      545F4741 
 1889      505F434F 
 1889      4E4E5F45 
 1890              	.LASF11:
 1891 0d2a 666C6F61 		.ascii	"float\000"
 1891      7400
 1892              	.LASF126:
 1893 0d30 4359424C 		.ascii	"CYBLE_GATT_ERR_PREPARE_WRITE_QUEUE_FULL\000"
 1893      455F4741 
 1893      54545F45 
 1893      52525F50 
 1893      52455041 
 1894              	.LASF27:
 1895 0d58 4359424C 		.ascii	"CYBLE_EVT_GAP_AUTH_FAILED\000"
 1895      455F4556 
 1895      545F4741 
 1895      505F4155 
 1895      54485F46 
 1896              	.LASF73:
 1897 0d72 4359424C 		.ascii	"CYBLE_EVT_L2CAP_CBFC_CONN_IND\000"
 1897      455F4556 
 1897      545F4C32 
 1897      4341505F 
 1897      43424643 
 1898              	.LASF94:
 1899 0d90 4359424C 		.ascii	"CYBLE_ERROR_TX_POWER_READ\000"
 1899      455F4552 
 1899      524F525F 
 1899      54585F50 
 1899      4F574552 
 1900              	.LASF114:
 1901 0daa 4359424C 		.ascii	"CYBLE_ERROR_CHAR_IS_NOT_DISCOVERED\000"
 1901      455F4552 
 1901      524F525F 
 1901      43484152 
 1901      5F49535F 
 1902              	.LASF154:
 1903 0dcd 4359424C 		.ascii	"CYBLE_GATT_ERR_OUT_OF_RANGE\000"
 1903      455F4741 
 1903      54545F45 
 1903      52525F4F 
 1903      55545F4F 
 1904              	.LASF1:
 1905 0de9 756E7369 		.ascii	"unsigned char\000"
 1905      676E6564 
 1905      20636861 
 1905      7200
ARM GAS  C:\Users\a83571\AppData\Local\Temp\ccmxFU6d.s 			page 44


 1906              	.LASF36:
 1907 0df7 4359424C 		.ascii	"CYBLE_EVT_GAP_KEYPRESS_NOTIFICATION\000"
 1907      455F4556 
 1907      545F4741 
 1907      505F4B45 
 1907      59505245 
 1908              	.LASF130:
 1909 0e1b 4359424C 		.ascii	"CYBLE_GATT_ERR_INVALID_ATTRIBUTE_LEN\000"
 1909      455F4741 
 1909      54545F45 
 1909      52525F49 
 1909      4E56414C 
 1910              	.LASF142:
 1911 0e40 4359424C 		.ascii	"CYBLE_GATTS_ERR_CCCD_IMPROPERLY_CONFIGURED\000"
 1911      455F4741 
 1911      5454535F 
 1911      4552525F 
 1911      43434344 
 1912              	.LASF183:
 1913 0e6b 474E5520 		.ascii	"GNU C 4.9.3 20150303 (release) [ARM/embedded-4_9-br"
 1913      4320342E 
 1913      392E3320 
 1913      32303135 
 1913      30333033 
 1914 0e9e 616E6368 		.ascii	"anch revision 221220] -mcpu=cortex-m0 -mthumb -g -O"
 1914      20726576 
 1914      6973696F 
 1914      6E203232 
 1914      31323230 
 1915 0ed1 67202D66 		.ascii	"g -ffunction-sections -ffat-lto-objects\000"
 1915      66756E63 
 1915      74696F6E 
 1915      2D736563 
 1915      74696F6E 
 1916              	.LASF2:
 1917 0ef9 73686F72 		.ascii	"short int\000"
 1917      7420696E 
 1917      7400
 1918              	.LASF64:
 1919 0f03 4359424C 		.ascii	"CYBLE_EVT_GATTC_HANDLE_VALUE_IND\000"
 1919      455F4556 
 1919      545F4741 
 1919      5454435F 
 1919      48414E44 
 1920              	.LASF141:
 1921 0f24 4359424C 		.ascii	"CYBLE_GATT_ERR_MISSING_CRC\000"
 1921      455F4741 
 1921      54545F45 
 1921      52525F4D 
 1921      49535349 
 1922              	.LASF99:
 1923 0f3f 4359424C 		.ascii	"CYBLE_ERROR_L2CAP_PSM_NOT_REGISTERED\000"
 1923      455F4552 
 1923      524F525F 
 1923      4C324341 
 1923      505F5053 
 1924              	.LASF90:
ARM GAS  C:\Users\a83571\AppData\Local\Temp\ccmxFU6d.s 			page 45


 1925 0f64 4359424C 		.ascii	"CYBLE_ERROR_NO_CONNECTION\000"
 1925      455F4552 
 1925      524F525F 
 1925      4E4F5F43 
 1925      4F4E4E45 
 1926              	.LASF147:
 1927 0f7e 4359424C 		.ascii	"CYBLE_GATT_ERR_ANS_COMMAND_NOT_SUPPORTED\000"
 1927      455F4741 
 1927      54545F45 
 1927      52525F41 
 1927      4E535F43 
 1928              	.LASF60:
 1929 0fa7 4359424C 		.ascii	"CYBLE_EVT_GATTS_PREP_WRITE_REQ\000"
 1929      455F4556 
 1929      545F4741 
 1929      5454535F 
 1929      50524550 
 1930              	.LASF189:
 1931 0fc6 5247425F 		.ascii	"RGB_SetHue\000"
 1931      53657448 
 1931      756500
 1932              	.LASF187:
 1933 0fd1 5247425F 		.ascii	"RGB_Init\000"
 1933      496E6974 
 1933      00
 1934              	.LASF65:
 1935 0fda 4359424C 		.ascii	"CYBLE_EVT_GATTS_HANDLE_VALUE_CNF\000"
 1935      455F4556 
 1935      545F4741 
 1935      5454535F 
 1935      48414E44 
 1936              	.LASF152:
 1937 0ffb 4359424C 		.ascii	"CYBLE_GATT_ERR_CCCD_IMPROPERLY_CONFIGURED\000"
 1937      455F4741 
 1937      54545F45 
 1937      52525F43 
 1937      4343445F 
 1938              	.LASF41:
 1939 1025 4359424C 		.ascii	"CYBLE_EVT_GAP_SMP_NEGOTIATED_AUTH_INFO\000"
 1939      455F4556 
 1939      545F4741 
 1939      505F534D 
 1939      505F4E45 
 1940              	.LASF135:
 1941 104c 4359424C 		.ascii	"CYBLE_GATT_ERR_HEART_RATE_CONTROL_POINT_NOT_SUPPORT"
 1941      455F4741 
 1941      54545F45 
 1941      52525F48 
 1941      45415254 
 1942 107f 454400   		.ascii	"ED\000"
 1943              	.LASF167:
 1944 1082 626C7565 		.ascii	"blue\000"
 1944      00
 1945              	.LASF13:
 1946 1087 63686172 		.ascii	"char\000"
 1946      00
 1947              	.LASF95:
ARM GAS  C:\Users\a83571\AppData\Local\Temp\ccmxFU6d.s 			page 46


 1948 108c 4359424C 		.ascii	"CYBLE_ERROR_BT_ON_NOT_COMPLETED\000"
 1948      455F4552 
 1948      524F525F 
 1948      42545F4F 
 1948      4E5F4E4F 
 1949              	.LASF30:
 1950 10ac 4359424C 		.ascii	"CYBLE_EVT_GAP_DEVICE_DISCONNECTED\000"
 1950      455F4556 
 1950      545F4741 
 1950      505F4445 
 1950      56494345 
 1951              	.LASF8:
 1952 10ce 756E7369 		.ascii	"unsigned int\000"
 1952      676E6564 
 1952      20696E74 
 1952      00
 1953              	.LASF185:
 1954 10db 443A5C43 		.ascii	"D:\\Chau Nguyen\\OneDrive\\Arrow\\RangDong\\RangDon"
 1954      68617520 
 1954      4E677579 
 1954      656E5C4F 
 1954      6E654472 
 1955 1109 6744656D 		.ascii	"gDemo\\BLE_RGB_TOUCH.cydsn\000"
 1955      6F5C424C 
 1955      455F5247 
 1955      425F544F 
 1955      5543482E 
 1956              	.LASF179:
 1957 1123 50574D5F 		.ascii	"PWM_1_WriteCompare2\000"
 1957      315F5772 
 1957      69746543 
 1957      6F6D7061 
 1957      72653200 
 1958              	.LASF68:
 1959 1137 4359424C 		.ascii	"CYBLE_EVT_GATTS_READ_CHAR_VAL_ACCESS_REQ\000"
 1959      455F4556 
 1959      545F4741 
 1959      5454535F 
 1959      52454144 
 1960              	.LASF168:
 1961 1160 696E7465 		.ascii	"intensity\000"
 1961      6E736974 
 1961      7900
 1962              	.LASF79:
 1963 116a 4359424C 		.ascii	"CYBLE_EVT_L2CAP_CBFC_TX_CREDIT_IND\000"
 1963      455F4556 
 1963      545F4C32 
 1963      4341505F 
 1963      43424643 
 1964              	.LASF131:
 1965 118d 4359424C 		.ascii	"CYBLE_GATT_ERR_UNLIKELY_ERROR\000"
 1965      455F4741 
 1965      54545F45 
 1965      52525F55 
 1965      4E4C494B 
 1966              	.LASF151:
 1967 11ab 4359424C 		.ascii	"CYBLE_GATT_ERR_ANCS_ACTION_FAILED\000"
ARM GAS  C:\Users\a83571\AppData\Local\Temp\ccmxFU6d.s 			page 47


 1967      455F4741 
 1967      54545F45 
 1967      52525F41 
 1967      4E43535F 
 1968              	.LASF105:
 1969 11cd 4359424C 		.ascii	"CYBLE_ERROR_FLASH_WRITE_NOT_PERMITED\000"
 1969      455F4552 
 1969      524F525F 
 1969      464C4153 
 1969      485F5752 
 1970              	.LASF100:
 1971 11f2 4359424C 		.ascii	"CYBLE_ERROR_L2CAP_CONNECTION_ENTITY_NOT_FOUND\000"
 1971      455F4552 
 1971      524F525F 
 1971      4C324341 
 1971      505F434F 
 1972              	.LASF153:
 1973 1220 4359424C 		.ascii	"CYBLE_GATT_ERR_PROCEDURE_ALREADY_IN_PROGRESS\000"
 1973      455F4741 
 1973      54545F45 
 1973      52525F50 
 1973      524F4345 
 1974              	.LASF18:
 1975 124d 4359424C 		.ascii	"CYBLE_EVT_HARDWARE_ERROR\000"
 1975      455F4556 
 1975      545F4841 
 1975      52445741 
 1975      52455F45 
 1976              	.LASF3:
 1977 1266 73686F72 		.ascii	"short unsigned int\000"
 1977      7420756E 
 1977      7369676E 
 1977      65642069 
 1977      6E7400
 1978              	.LASF45:
 1979 1279 4359424C 		.ascii	"CYBLE_EVT_GATTC_ERROR_RSP\000"
 1979      455F4556 
 1979      545F4741 
 1979      5454435F 
 1979      4552524F 
 1980              	.LASF174:
 1981 1293 50574D5F 		.ascii	"PWM_1_Start\000"
 1981      315F5374 
 1981      61727400 
 1982              	.LASF86:
 1983 129f 4359424C 		.ascii	"CYBLE_ERROR_INVALID_OPERATION\000"
 1983      455F4552 
 1983      524F525F 
 1983      494E5641 
 1983      4C49445F 
 1984              	.LASF136:
 1985 12bd 4359424C 		.ascii	"CYBLE_GATT_ERR_USER_DATA_ACCESS_NOT_PERMITTED\000"
 1985      455F4741 
 1985      54545F45 
 1985      52525F55 
 1985      5345525F 
 1986              	.LASF132:
ARM GAS  C:\Users\a83571\AppData\Local\Temp\ccmxFU6d.s 			page 48


 1987 12eb 4359424C 		.ascii	"CYBLE_GATT_ERR_INSUFFICIENT_ENCRYPTION\000"
 1987      455F4741 
 1987      54545F45 
 1987      52525F49 
 1987      4E535546 
 1988              	.LASF188:
 1989 1312 5247425F 		.ascii	"RGB_IsNotifyEnabled\000"
 1989      49734E6F 
 1989      74696679 
 1989      456E6162 
 1989      6C656400 
 1990              	.LASF178:
 1991 1326 50574D5F 		.ascii	"PWM_1_WriteCompare1\000"
 1991      315F5772 
 1991      69746543 
 1991      6F6D7061 
 1991      72653100 
 1992              	.LASF48:
 1993 133a 4359424C 		.ascii	"CYBLE_EVT_GATTS_XCNHG_MTU_REQ\000"
 1993      455F4556 
 1993      545F4741 
 1993      5454535F 
 1993      58434E48 
 1994              	.LASF186:
 1995 1358 74616748 		.ascii	"tagHueValue\000"
 1995      75655661 
 1995      6C756500 
 1996              	.LASF88:
 1997 1364 4359424C 		.ascii	"CYBLE_ERROR_INSUFFICIENT_RESOURCES\000"
 1997      455F4552 
 1997      524F525F 
 1997      494E5355 
 1997      46464943 
 1998              	.LASF166:
 1999 1387 67726565 		.ascii	"green\000"
 1999      6E00
 2000              	.LASF176:
 2001 138d 50574D5F 		.ascii	"PWM_1_WritePeriod\000"
 2001      315F5772 
 2001      69746550 
 2001      6572696F 
 2001      6400
 2002              	.LASF55:
 2003 139f 4359424C 		.ascii	"CYBLE_EVT_GATTC_READ_BLOB_RSP\000"
 2003      455F4556 
 2003      545F4741 
 2003      5454435F 
 2003      52454144 
 2004              	.LASF110:
 2005 13bd 4359424C 		.ascii	"CYBLE_ERROR_CONTROLLER_BUSY\000"
 2005      455F4552 
 2005      524F525F 
 2005      434F4E54 
 2005      524F4C4C 
 2006              	.LASF106:
 2007 13d9 4359424C 		.ascii	"CYBLE_ERROR_MIC_AUTH_FAILED\000"
 2007      455F4552 
ARM GAS  C:\Users\a83571\AppData\Local\Temp\ccmxFU6d.s 			page 49


 2007      524F525F 
 2007      4D49435F 
 2007      41555448 
 2008              	.LASF146:
 2009 13f5 4359424C 		.ascii	"CYBLE_GATTS_ERR_NETWORK_NOT_AVAILABLE\000"
 2009      455F4741 
 2009      5454535F 
 2009      4552525F 
 2009      4E455457 
 2010              	.LASF53:
 2011 141b 4359424C 		.ascii	"CYBLE_EVT_GATTC_FIND_BY_TYPE_VALUE_RSP\000"
 2011      455F4556 
 2011      545F4741 
 2011      5454435F 
 2011      46494E44 
 2012              	.LASF93:
 2013 1442 4359424C 		.ascii	"CYBLE_ERROR_GAP_ROLE\000"
 2013      455F4552 
 2013      524F525F 
 2013      4741505F 
 2013      524F4C45 
 2014              	.LASF34:
 2015 1457 4359424C 		.ascii	"CYBLE_EVT_GAP_KEYINFO_EXCHNGE_CMPLT\000"
 2015      455F4556 
 2015      545F4741 
 2015      505F4B45 
 2015      59494E46 
 2016              	.LASF172:
 2017 147b 72676248 		.ascii	"rgbHueValue\000"
 2017      75655661 
 2017      6C756500 
 2018              	.LASF182:
 2019 1487 4379426C 		.ascii	"CyBle_GattsNotification\000"
 2019      655F4761 
 2019      7474734E 
 2019      6F746966 
 2019      69636174 
 2020              	.LASF157:
 2021 149f 62644861 		.ascii	"bdHandle\000"
 2021      6E646C65 
 2021      00
 2022              	.LASF81:
 2023 14a8 4359424C 		.ascii	"CYBLE_EVT_PENDING_FLASH_WRITE\000"
 2023      455F4556 
 2023      545F5045 
 2023      4E44494E 
 2023      475F464C 
 2024              	.LASF71:
 2025 14c6 4359424C 		.ascii	"CYBLE_EVT_L2CAP_CONN_PARAM_UPDATE_RSP\000"
 2025      455F4556 
 2025      545F4C32 
 2025      4341505F 
 2025      434F4E4E 
 2026              	.LASF39:
 2027 14ec 4359424C 		.ascii	"CYBLE_EVT_GAP_ENHANCE_CONN_COMPLETE\000"
 2027      455F4556 
 2027      545F4741 
ARM GAS  C:\Users\a83571\AppData\Local\Temp\ccmxFU6d.s 			page 50


 2027      505F454E 
 2027      48414E43 
 2028              	.LASF156:
 2029 1510 4359424C 		.ascii	"CYBLE_GATT_DB_ATTR_HANDLE_T\000"
 2029      455F4741 
 2029      54545F44 
 2029      425F4154 
 2029      54525F48 
 2030              	.LASF47:
 2031 152c 4359424C 		.ascii	"CYBLE_EVT_GATT_DISCONNECT_IND\000"
 2031      455F4556 
 2031      545F4741 
 2031      54545F44 
 2031      4953434F 
 2032              	.LASF103:
 2033 154a 4359424C 		.ascii	"CYBLE_ERROR_GATT_DB_INVALID_ATTR_HANDLE\000"
 2033      455F4552 
 2033      524F525F 
 2033      47415454 
 2033      5F44425F 
 2034              	.LASF92:
 2035 1572 4359424C 		.ascii	"CYBLE_ERROR_REPEATED_ATTEMPTS\000"
 2035      455F4552 
 2035      524F525F 
 2035      52455045 
 2035      41544544 
 2036              		.ident	"GCC: (GNU Tools for ARM Embedded Processors) 4.9.3 20150303 (release) [ARM/embedded-4_9-br
